2019-12-09 16:39:05,892 DEBUG - 39.217ms,commonrequest:getBlockNumber:DONE
2019-12-09 16:39:05,936 DEBUG - 43.128ms,commonrequest:getClientVersion:DONE
2019-12-09 18:24:08,968 DEBUG - 12.822ms,commonrequest:getBlockNumber:DONE
2019-12-09 18:24:09,014 DEBUG - 44.886ms,commonrequest:getClientVersion:DONE
2019-12-09 18:24:09,017 DEBUG - 2.718ms,commonrequest:getBlockNumber:DONE
2019-12-09 18:25:55,688 DEBUG - 12.851ms,commonrequest:getBlockNumber:DONE
2019-12-09 18:25:55,733 DEBUG - 44.335ms,commonrequest:getClientVersion:DONE
2019-12-09 18:25:55,737 DEBUG - 3.362ms,commonrequest:getConsensusStatus:DONE
2019-12-09 18:37:51,523 DEBUG - 14.308ms,commonrequest:getBlockNumber:DONE
2019-12-09 18:37:51,569 DEBUG - 44.385ms,commonrequest:getClientVersion:DONE
2019-12-09 18:38:17,225 DEBUG - 11.604ms,commonrequest:getBlockNumber:DONE
2019-12-09 18:43:53,751 DEBUG - 13.817ms,commonrequest:getBlockNumber:DONE
2019-12-09 18:48:17,932 DEBUG - 15.811ms,commonrequest:getBlockNumber:DONE
2019-12-09 18:48:27,077 DEBUG - 13.533ms,commonrequest:getBlockNumber:DONE
2019-12-09 18:48:37,405 DEBUG - 17.899ms,commonrequest:getBlockNumber:DONE
2019-12-09 18:51:26,750 DEBUG - 12.964ms,commonrequest:getBlockNumber:DONE
2019-12-09 18:53:11,958 DEBUG - 15.381ms,commonrequest:getBlockNumber:DONE
2019-12-09 18:59:29,430 DEBUG - 17.037ms,commonrequest:getBlockNumber:DONE
2019-12-09 19:00:02,528 DEBUG - 22.619ms,commonrequest:getBlockNumber:DONE
2019-12-09 19:03:47,299 DEBUG - 14.615ms,commonrequest:getBlockNumber:DONE
2019-12-09 19:04:42,943 DEBUG - 13.149ms,commonrequest:getBlockNumber:DONE
2019-12-09 19:04:44,871 DEBUG - 3.897ms,commonrequest:call:DONE
2019-12-09 19:05:53,295 DEBUG - 14.924ms,commonrequest:getBlockNumber:DONE
2019-12-09 19:05:55,242 DEBUG - 2.952ms,commonrequest:call:DONE
2019-12-09 19:07:05,221 DEBUG - 14.152ms,commonrequest:getBlockNumber:DONE
2019-12-09 19:07:07,295 DEBUG - 4.412ms,commonrequest:call:DONE
2019-12-09 19:07:28,769 DEBUG - 13.775ms,commonrequest:getBlockNumber:DONE
2019-12-09 19:07:30,663 DEBUG - 3.483ms,commonrequest:call:DONE
2019-12-09 19:07:43,317 DEBUG - 13.177ms,commonrequest:getBlockNumber:DONE
2019-12-09 19:07:45,214 DEBUG - 4.200ms,commonrequest:call:DONE
2019-12-09 19:40:30,535 DEBUG - 14.282ms,commonrequest:getBlockNumber:DONE
2019-12-09 19:41:20,526 DEBUG - 15.647ms,commonrequest:getBlockNumber:DONE
2019-12-09 19:41:22,524 DEBUG - 4.935ms,commonrequest:call:DONE
2019-12-09 19:42:02,167 DEBUG - 13.400ms,commonrequest:getBlockNumber:DONE
2019-12-09 19:42:04,183 DEBUG - 3.618ms,commonrequest:call:DONE
2019-12-09 19:42:24,123 DEBUG - 14.364ms,commonrequest:getBlockNumber:DONE
2019-12-09 19:42:26,154 DEBUG - 3.978ms,commonrequest:call:DONE
2019-12-09 19:46:09,053 DEBUG - 13.640ms,commonrequest:getBlockNumber:DONE
2019-12-09 19:46:11,057 DEBUG - 3.739ms,commonrequest:call:DONE
2019-12-09 19:46:27,089 DEBUG - 12.967ms,commonrequest:getBlockNumber:DONE
2019-12-09 19:46:29,080 DEBUG - 3.698ms,commonrequest:call:DONE
2019-12-09 19:46:56,588 DEBUG - 13.094ms,commonrequest:getBlockNumber:DONE
2019-12-09 19:46:58,607 DEBUG - 3.985ms,commonrequest:call:DONE
2019-12-09 19:47:21,927 DEBUG - 14.426ms,commonrequest:getBlockNumber:DONE
2019-12-09 19:47:23,922 DEBUG - 4.064ms,commonrequest:call:DONE
2019-12-09 19:48:13,261 DEBUG - 16.985ms,commonrequest:getBlockNumber:DONE
2019-12-09 19:48:15,281 DEBUG - 3.655ms,commonrequest:call:DONE
2019-12-09 19:48:37,740 DEBUG - 13.993ms,commonrequest:getBlockNumber:DONE
2019-12-09 19:48:39,880 DEBUG - 5.950ms,commonrequest:call:DONE
2019-12-09 19:49:14,778 DEBUG - 15.814ms,commonrequest:getBlockNumber:DONE
2019-12-09 19:49:16,817 DEBUG - 3.551ms,commonrequest:call:DONE
2019-12-09 19:50:07,327 DEBUG - 13.806ms,commonrequest:getBlockNumber:DONE
2019-12-09 19:50:09,370 DEBUG - 3.858ms,commonrequest:call:DONE
2019-12-09 19:50:33,718 DEBUG - 22.613ms,commonrequest:getBlockNumber:DONE
2019-12-09 19:50:36,763 DEBUG - 5.874ms,commonrequest:call:DONE
2019-12-09 19:51:26,572 DEBUG - 14.383ms,commonrequest:getBlockNumber:DONE
2019-12-09 19:51:57,553 DEBUG - 15.435ms,commonrequest:getBlockNumber:DONE
2019-12-09 19:51:59,550 DEBUG - 3.818ms,commonrequest:call:DONE
2019-12-09 19:52:14,425 DEBUG - 12.825ms,commonrequest:getBlockNumber:DONE
2019-12-09 19:52:16,423 DEBUG - 3.590ms,commonrequest:call:DONE
2019-12-09 19:52:45,673 DEBUG - 14.160ms,commonrequest:getBlockNumber:DONE
2019-12-09 19:52:47,689 DEBUG - 3.591ms,commonrequest:call:DONE
2019-12-09 20:15:14,405 DEBUG - 66.752ms,commonrequest:getBlockNumber:DONE
2019-12-09 20:15:16,371 DEBUG - 11.957ms,commonrequest:call:DONE
2019-12-09 20:15:16,379 DEBUG - 3.603ms,commonrequest:call:DONE
2019-12-09 20:15:16,386 DEBUG - 4.196ms,commonrequest:call:DONE
2019-12-09 20:16:10,123 DEBUG - 14.096ms,commonrequest:getBlockNumber:DONE
2019-12-09 21:32:04,124 DEBUG - 13.528ms,commonrequest:getBlockNumber:DONE
2019-12-09 21:32:36,311 DEBUG - 17.197ms,commonrequest:getBlockNumber:DONE
2019-12-09 21:34:13,275 DEBUG - 15.627ms,commonrequest:getBlockNumber:DONE
2019-12-09 21:37:22,011 DEBUG - 13.419ms,commonrequest:getBlockNumber:DONE
2019-12-09 21:37:34,590 DEBUG - 13.860ms,commonrequest:getBlockNumber:DONE
2019-12-09 21:37:48,215 DEBUG - 12.580ms,commonrequest:getBlockNumber:DONE
2019-12-09 21:52:09,330 DEBUG - 72.243ms,commonrequest:getBlockNumber:DONE
2019-12-09 21:57:23,904 DEBUG - 14.124ms,commonrequest:getBlockNumber:DONE
2019-12-09 21:57:25,811 DEBUG - 39.177ms,commonrequest:call:DONE
2019-12-09 21:57:25,817 DEBUG - 3.258ms,commonrequest:call:DONE
2019-12-09 21:58:19,911 DEBUG - 12.474ms,commonrequest:getBlockNumber:DONE
2019-12-09 21:58:21,806 DEBUG - 3.787ms,commonrequest:call:DONE
2019-12-09 21:58:21,811 DEBUG - 3.458ms,commonrequest:call:DONE
2019-12-09 21:58:21,817 DEBUG - 4.834ms,commonrequest:call:DONE
2019-12-09 22:01:05,231 DEBUG - 13.452ms,commonrequest:getBlockNumber:DONE
2019-12-09 22:01:07,184 DEBUG - 4.305ms,commonrequest:call:DONE
2019-12-09 22:01:07,189 DEBUG - 3.592ms,commonrequest:call:DONE
2019-12-09 22:01:07,199 DEBUG - 7.949ms,commonrequest:call:DONE
2019-12-09 22:05:52,034 DEBUG - 13.985ms,commonrequest:getBlockNumber:DONE
2019-12-09 22:07:21,937 DEBUG - 14.077ms,commonrequest:getBlockNumber:DONE
2019-12-09 22:07:23,889 DEBUG - 2.885ms,commonrequest:getBlockNumber:DONE
2019-12-09 22:08:20,336 DEBUG - 13.534ms,commonrequest:getBlockNumber:DONE
2019-12-09 22:08:22,227 DEBUG - 4.777ms,commonrequest:getBlockNumber:DONE
2019-12-09 22:11:52,353 DEBUG - 17.125ms,commonrequest:getBlockNumber:DONE
2019-12-09 22:11:54,308 DEBUG - 2.887ms,commonrequest:getBlockNumber:DONE
2019-12-09 22:13:36,670 DEBUG - 74.595ms,commonrequest:getBlockNumber:DONE
2019-12-09 22:13:38,904 DEBUG - 2.858ms,commonrequest:getBlockNumber:DONE
2019-12-09 22:13:41,710 DEBUG - 757.904ms,commonrequest:sendRawTransaction:DONE
2019-12-09 22:13:41,716 DEBUG - 4.038ms,commonrequest:call:DONE
2019-12-09 22:13:41,721 DEBUG - 4.072ms,commonrequest:call:DONE
2019-12-09 22:13:41,727 DEBUG - 3.746ms,commonrequest:call:DONE
2019-12-09 22:14:55,626 DEBUG - 17.272ms,commonrequest:getBlockNumber:DONE
2019-12-09 22:14:57,589 DEBUG - 3.269ms,commonrequest:getBlockNumber:DONE
2019-12-09 22:14:59,671 DEBUG - 150.972ms,commonrequest:sendRawTransaction:DONE
2019-12-09 22:14:59,682 DEBUG - 8.858ms,commonrequest:call:DONE
2019-12-09 22:14:59,688 DEBUG - 4.285ms,commonrequest:call:DONE
2019-12-09 22:14:59,694 DEBUG - 4.813ms,commonrequest:call:DONE
2019-12-09 22:15:28,503 DEBUG - 14.921ms,commonrequest:getBlockNumber:DONE
2019-12-09 22:15:30,387 DEBUG - 4.869ms,commonrequest:call:DONE
2019-12-09 22:15:30,393 DEBUG - 4.063ms,commonrequest:call:DONE
2019-12-09 22:15:30,398 DEBUG - 2.974ms,commonrequest:call:DONE
2019-12-09 22:15:37,606 DEBUG - 14.377ms,commonrequest:getBlockNumber:DONE
2019-12-09 22:15:39,496 DEBUG - 4.919ms,commonrequest:getBlockNumber:DONE
2019-12-09 22:15:41,734 DEBUG - 308.120ms,commonrequest:sendRawTransaction:DONE
2019-12-09 22:15:41,739 DEBUG - 3.412ms,commonrequest:call:DONE
2019-12-09 22:15:41,745 DEBUG - 4.828ms,commonrequest:call:DONE
2019-12-09 22:15:41,749 DEBUG - 2.814ms,commonrequest:call:DONE
2019-12-09 22:18:49,425 DEBUG - 13.001ms,commonrequest:getBlockNumber:DONE
2019-12-09 22:18:51,286 DEBUG - 4.741ms,commonrequest:getBlockNumber:DONE
2019-12-09 22:18:53,191 DEBUG - 3.400ms,commonrequest:call:DONE
2019-12-09 22:18:53,198 DEBUG - 4.279ms,commonrequest:call:DONE
2019-12-09 22:18:53,205 DEBUG - 5.273ms,commonrequest:call:DONE
2019-12-09 22:18:53,211 DEBUG - 3.354ms,commonrequest:call:DONE
2019-12-09 22:19:11,948 DEBUG - 13.172ms,commonrequest:getBlockNumber:DONE
2019-12-09 22:19:13,890 DEBUG - 3.572ms,commonrequest:getBlockNumber:DONE
2019-12-09 22:19:16,167 DEBUG - 348.437ms,commonrequest:sendRawTransaction:DONE
2019-12-09 22:19:16,172 DEBUG - 2.604ms,commonrequest:call:DONE
2019-12-09 22:21:00,899 DEBUG - 12.369ms,commonrequest:getBlockNumber:DONE
2019-12-09 22:21:02,738 DEBUG - 5.384ms,commonrequest:getBlockNumber:DONE
2019-12-09 22:21:02,753 DEBUG - 3.231ms,commonrequest:getBlockNumber:DONE
2019-12-09 22:21:02,767 DEBUG - 3.592ms,commonrequest:getBlockNumber:DONE
2019-12-09 22:21:04,676 DEBUG - 3.507ms,commonrequest:call:DONE
2019-12-09 22:21:07,372 DEBUG - 709.871ms,commonrequest:sendRawTransaction:DONE
2019-12-09 22:21:08,593 DEBUG - 2.896ms,commonrequest:call:DONE
2019-12-09 22:23:02,872 DEBUG - 14.143ms,commonrequest:getBlockNumber:DONE
2019-12-09 22:23:04,781 DEBUG - 3.837ms,commonrequest:call:DONE
2019-12-09 22:23:04,786 DEBUG - 3.869ms,commonrequest:call:DONE
2019-12-09 22:23:04,792 DEBUG - 4.196ms,commonrequest:call:DONE
2019-12-09 22:23:35,210 DEBUG - 23.662ms,commonrequest:getBlockNumber:DONE
2019-12-09 22:23:37,147 DEBUG - 3.807ms,commonrequest:call:DONE
2019-12-09 22:23:37,154 DEBUG - 5.969ms,commonrequest:call:DONE
2019-12-09 22:23:37,168 DEBUG - 12.156ms,commonrequest:call:DONE
2019-12-09 22:47:46,195 DEBUG - 12.643ms,commonrequest:getBlockNumber:DONE
2019-12-09 22:49:03,414 DEBUG - 13.405ms,commonrequest:getBlockNumber:DONE
2019-12-09 22:49:05,313 DEBUG - 2.718ms,commonrequest:getBlockNumber:DONE
2019-12-09 22:49:07,387 DEBUG - 2.945ms,commonrequest:call:DONE
2019-12-09 22:49:07,790 DEBUG - 388.840ms,commonrequest:sendRawTransaction:DONE
2019-12-09 22:49:07,795 DEBUG - 3.021ms,commonrequest:call:DONE
2019-12-09 22:49:49,645 DEBUG - 15.614ms,commonrequest:getBlockNumber:DONE
2019-12-09 22:49:51,524 DEBUG - 4.943ms,commonrequest:getBlockNumber:DONE
2019-12-09 22:49:53,342 DEBUG - 2.635ms,commonrequest:call:DONE
2019-12-09 22:49:53,689 DEBUG - 331.881ms,commonrequest:sendRawTransaction:DONE
2019-12-09 22:49:53,694 DEBUG - 2.956ms,commonrequest:call:DONE
2019-12-09 22:56:48,449 DEBUG - 23.340ms,commonrequest:getBlockNumber:DONE
2019-12-09 22:56:50,462 DEBUG - 2.985ms,commonrequest:call:DONE
2019-12-09 22:58:11,116 DEBUG - 19.081ms,commonrequest:getBlockNumber:DONE
2019-12-09 22:58:13,405 DEBUG - 318.374ms,commonrequest:sendRawTransaction:DONE
2019-12-09 22:58:29,635 DEBUG - 33.335ms,commonrequest:getBlockNumber:DONE
2019-12-09 22:58:31,579 DEBUG - 6.627ms,commonrequest:call:DONE
2019-12-09 23:05:34,154 DEBUG - 31.829ms,commonrequest:getBlockNumber:DONE
2019-12-09 23:05:36,993 DEBUG - 777.658ms,commonrequest:sendRawTransaction:DONE
2019-12-09 23:12:02,151 DEBUG - 13.964ms,commonrequest:getBlockNumber:DONE
2019-12-09 23:12:04,818 DEBUG - 659.859ms,commonrequest:sendRawTransaction:DONE
2019-12-10 11:07:24,142 DEBUG - 69.389ms,commonrequest:getBlockNumber:DONE
2019-12-10 11:09:47,524 DEBUG - 13.035ms,commonrequest:getBlockNumber:DONE
2019-12-10 11:10:40,306 DEBUG - 36.307ms,commonrequest:getBlockNumber:DONE
2019-12-10 11:12:48,249 DEBUG - 27.252ms,commonrequest:getBlockNumber:DONE
2019-12-10 11:13:09,944 DEBUG - 31.584ms,commonrequest:getBlockNumber:DONE
2019-12-10 11:14:28,741 DEBUG - 13.606ms,commonrequest:getBlockNumber:DONE
2019-12-10 11:14:30,745 DEBUG - 18.071ms,commonrequest:call:DONE
2019-12-10 11:14:49,044 DEBUG - 13.751ms,commonrequest:getBlockNumber:DONE
2019-12-10 11:14:50,944 DEBUG - 3.906ms,commonrequest:call:DONE
2019-12-10 11:14:50,948 DEBUG - 2.989ms,commonrequest:call:DONE
2019-12-10 11:17:04,484 DEBUG - 25.800ms,commonrequest:getBlockNumber:DONE
2019-12-10 11:17:06,501 DEBUG - 3.211ms,commonrequest:call:DONE
2019-12-10 11:17:11,599 DEBUG - 27.534ms,commonrequest:getBlockNumber:DONE
2019-12-10 11:17:13,532 DEBUG - 3.918ms,commonrequest:call:DONE
2019-12-10 11:17:20,153 DEBUG - 25.005ms,commonrequest:getBlockNumber:DONE
2019-12-10 11:17:22,153 DEBUG - 3.112ms,commonrequest:call:DONE
2019-12-10 11:19:49,439 DEBUG - 33.916ms,commonrequest:getBlockNumber:DONE
2019-12-10 11:19:51,665 DEBUG - 271.454ms,commonrequest:sendRawTransaction:DONE
2019-12-10 11:22:40,273 DEBUG - 14.064ms,commonrequest:getBlockNumber:DONE
2019-12-10 11:22:40,327 DEBUG - 37.054ms,commonrequest:getPbftView:DONE
2019-12-10 11:22:40,330 DEBUG - 2.594ms,commonrequest:getSyncStatus:DONE
2019-12-10 11:39:06,393 DEBUG - 31.375ms,commonrequest:getBlockNumber:DONE
2019-12-10 11:39:06,439 DEBUG - 44.465ms,commonrequest:getClientVersion:DONE
2019-12-10 11:40:11,410 DEBUG - 17.792ms,commonrequest:getBlockNumber:DONE
2019-12-10 11:40:38,314 DEBUG - 31.121ms,commonrequest:getBlockNumber:DONE
2019-12-10 11:40:40,336 DEBUG - 107.081ms,commonrequest:sendRawTransaction:DONE
2019-12-10 11:41:18,930 DEBUG - 23.366ms,commonrequest:getBlockNumber:DONE
2019-12-10 11:41:21,304 DEBUG - 324.893ms,commonrequest:sendRawTransaction:DONE
2019-12-10 11:44:06,235 DEBUG - 28.653ms,commonrequest:getBlockNumber:DONE
2019-12-10 11:44:22,536 DEBUG - 28.582ms,commonrequest:getBlockNumber:DONE
2019-12-10 11:53:38,322 DEBUG - 29.431ms,commonrequest:getBlockNumber:DONE
2019-12-10 11:53:40,432 DEBUG - 53.076ms,commonrequest:sendRawTransaction:DONE
2019-12-10 11:54:20,393 DEBUG - 33.028ms,commonrequest:getBlockNumber:DONE
2019-12-10 11:55:19,348 DEBUG - 30.498ms,commonrequest:getBlockNumber:DONE
2019-12-10 11:55:21,954 DEBUG - 543.056ms,commonrequest:sendRawTransaction:DONE
2019-12-10 11:58:16,591 DEBUG - 29.629ms,commonrequest:getBlockNumber:DONE
2019-12-10 11:58:18,486 DEBUG - 22.516ms,commonrequest:call:DONE
2019-12-10 11:58:45,368 DEBUG - 29.333ms,commonrequest:getBlockNumber:DONE
2019-12-10 11:58:47,310 DEBUG - 4.160ms,commonrequest:call:DONE
2019-12-10 11:59:05,236 DEBUG - 23.611ms,commonrequest:getBlockNumber:DONE
2019-12-10 11:59:07,116 DEBUG - 3.612ms,commonrequest:call:DONE
2019-12-10 12:00:59,125 DEBUG - 30.184ms,commonrequest:getBlockNumber:DONE
2019-12-10 12:01:01,283 DEBUG - 209.535ms,commonrequest:sendRawTransaction:DONE
2019-12-10 12:03:30,851 DEBUG - 33.541ms,commonrequest:getBlockNumber:DONE
2019-12-10 12:03:33,014 DEBUG - 4.322ms,commonrequest:call:DONE
2019-12-10 12:05:00,289 DEBUG - 31.679ms,commonrequest:getBlockNumber:DONE
2019-12-10 12:05:02,404 DEBUG - 97.788ms,commonrequest:sendRawTransaction:DONE
2019-12-10 12:05:46,409 DEBUG - 30.391ms,commonrequest:getBlockNumber:DONE
2019-12-10 12:05:48,343 DEBUG - 2.888ms,commonrequest:call:DONE
2019-12-10 12:05:54,399 DEBUG - 30.952ms,commonrequest:getBlockNumber:DONE
2019-12-10 12:05:56,259 DEBUG - 2.645ms,commonrequest:call:DONE
2019-12-10 12:05:59,870 DEBUG - 27.560ms,commonrequest:getBlockNumber:DONE
2019-12-10 12:06:01,761 DEBUG - 3.036ms,commonrequest:call:DONE
2019-12-10 12:07:07,761 DEBUG - 37.345ms,commonrequest:getBlockNumber:DONE
2019-12-10 12:07:10,308 DEBUG - 628.413ms,commonrequest:sendRawTransaction:DONE
2019-12-10 12:07:10,313 DEBUG - 4.405ms,commonrequest:getTransactionByHash:DONE
2019-12-10 12:07:16,137 DEBUG - 34.158ms,commonrequest:getBlockNumber:DONE
2019-12-10 12:07:18,036 DEBUG - 3.493ms,commonrequest:call:DONE
2019-12-10 12:08:22,338 DEBUG - 25.335ms,commonrequest:getBlockNumber:DONE
2019-12-10 12:08:24,625 DEBUG - 58.221ms,commonrequest:sendRawTransaction:DONE
2019-12-10 12:09:01,718 DEBUG - 31.316ms,commonrequest:getBlockNumber:DONE
2019-12-10 12:09:03,789 DEBUG - 171.784ms,commonrequest:sendRawTransaction:DONE
2019-12-10 12:09:07,219 DEBUG - 26.872ms,commonrequest:getBlockNumber:DONE
2019-12-10 12:09:09,351 DEBUG - 224.448ms,commonrequest:sendRawTransaction:DONE
2019-12-10 12:10:07,256 DEBUG - 27.503ms,commonrequest:getBlockNumber:DONE
2019-12-10 12:10:23,559 DEBUG - 26.930ms,commonrequest:getBlockNumber:DONE
2019-12-10 12:10:25,818 DEBUG - 235.787ms,commonrequest:sendRawTransaction:DONE
2019-12-10 12:10:25,826 DEBUG - 4.853ms,commonrequest:getTransactionByHash:DONE
2019-12-10 12:11:04,028 DEBUG - 30.310ms,commonrequest:getBlockNumber:DONE
2019-12-10 12:11:06,070 DEBUG - 4.982ms,commonrequest:call:DONE
2019-12-10 12:11:23,862 DEBUG - 34.050ms,commonrequest:getBlockNumber:DONE
2019-12-10 12:11:25,761 DEBUG - 3.266ms,commonrequest:call:DONE
2019-12-10 12:11:28,441 DEBUG - 32.462ms,commonrequest:getBlockNumber:DONE
2019-12-10 12:11:30,307 DEBUG - 3.310ms,commonrequest:call:DONE
2019-12-10 12:12:53,317 DEBUG - 28.589ms,commonrequest:getBlockNumber:DONE
2019-12-10 12:12:53,335 DEBUG - 2.201ms,commonrequest:getBlockNumber:DONE
2019-12-10 12:12:53,350 DEBUG - 3.268ms,commonrequest:getBlockNumber:DONE
2019-12-10 12:12:55,321 DEBUG - 3.535ms,commonrequest:call:DONE
2019-12-10 12:12:57,339 DEBUG - 68.948ms,commonrequest:sendRawTransaction:DONE
2019-12-10 12:13:07,906 DEBUG - 17.697ms,commonrequest:getBlockNumber:DONE
2019-12-10 12:13:07,931 DEBUG - 4.834ms,commonrequest:getBlockNumber:DONE
2019-12-10 12:13:07,948 DEBUG - 4.176ms,commonrequest:getBlockNumber:DONE
2019-12-10 12:13:09,912 DEBUG - 3.699ms,commonrequest:call:DONE
2019-12-10 12:13:12,089 DEBUG - 226.860ms,commonrequest:sendRawTransaction:DONE
2019-12-10 12:13:51,377 DEBUG - 29.422ms,commonrequest:getBlockNumber:DONE
2019-12-10 12:13:53,328 DEBUG - 84.704ms,commonrequest:sendRawTransaction:DONE
2019-12-10 12:13:53,336 DEBUG - 3.810ms,commonrequest:getTransactionByHash:DONE
2019-12-10 12:14:20,788 DEBUG - 27.659ms,commonrequest:getBlockNumber:DONE
2019-12-10 12:14:23,133 DEBUG - 468.137ms,commonrequest:sendRawTransaction:DONE
2019-12-10 12:14:23,137 DEBUG - 2.702ms,commonrequest:getTransactionByHash:DONE
2019-12-10 12:15:39,110 DEBUG - 33.593ms,commonrequest:getBlockNumber:DONE
2019-12-10 12:15:41,420 DEBUG - 380.718ms,commonrequest:sendRawTransaction:DONE
2019-12-10 12:15:41,425 DEBUG - 2.751ms,commonrequest:getTransactionByHash:DONE
2019-12-10 12:15:46,966 DEBUG - 22.789ms,commonrequest:getBlockNumber:DONE
2019-12-10 12:15:49,123 DEBUG - 164.726ms,commonrequest:sendRawTransaction:DONE
2019-12-10 12:15:49,129 DEBUG - 3.857ms,commonrequest:getTransactionByHash:DONE
2019-12-10 12:16:02,054 DEBUG - 24.968ms,commonrequest:getBlockNumber:DONE
2019-12-10 12:16:04,068 DEBUG - 58.411ms,commonrequest:sendRawTransaction:DONE
2019-12-10 12:16:04,078 DEBUG - 3.182ms,commonrequest:getTransactionByHash:DONE
2019-12-10 12:16:17,346 DEBUG - 36.308ms,commonrequest:getBlockNumber:DONE
2019-12-10 12:16:19,743 DEBUG - 514.177ms,commonrequest:sendRawTransaction:DONE
2019-12-10 12:16:19,748 DEBUG - 2.793ms,commonrequest:getTransactionByHash:DONE
2019-12-10 12:26:48,641 DEBUG - 14.699ms,commonrequest:getBlockNumber:DONE
2019-12-10 12:27:09,255 DEBUG - 19.690ms,commonrequest:getBlockNumber:DONE
2019-12-10 12:27:11,800 DEBUG - 4.275ms,commonrequest:call:DONE
2019-12-10 12:27:11,806 DEBUG - 3.739ms,commonrequest:call:DONE
2019-12-10 12:27:11,813 DEBUG - 6.171ms,commonrequest:call:DONE
2019-12-10 12:27:11,819 DEBUG - 4.319ms,commonrequest:call:DONE
2019-12-10 13:36:04,305 DEBUG - 15.763ms,commonrequest:getBlockNumber:DONE
2019-12-10 13:36:06,918 DEBUG - 639.491ms,commonrequest:sendRawTransaction:DONE
2019-12-10 13:36:06,940 DEBUG - 20.744ms,commonrequest:call:DONE
2019-12-10 13:36:07,439 DEBUG - 471.043ms,commonrequest:sendRawTransaction:DONE
2019-12-10 13:36:07,444 DEBUG - 3.651ms,commonrequest:call:DONE
2019-12-10 13:37:16,088 DEBUG - 13.782ms,commonrequest:getBlockNumber:DONE
2019-12-10 13:37:19,985 DEBUG - 86.603ms,commonrequest:sendRawTransaction:DONE
2019-12-10 13:37:19,992 DEBUG - 4.945ms,commonrequest:call:DONE
2019-12-10 13:37:20,520 DEBUG - 515.634ms,commonrequest:sendRawTransaction:DONE
2019-12-10 13:37:20,524 DEBUG - 3.155ms,commonrequest:call:DONE
2019-12-10 13:38:29,437 DEBUG - 28.076ms,commonrequest:getBlockNumber:DONE
2019-12-10 13:38:29,455 DEBUG - 2.181ms,commonrequest:getBlockNumber:DONE
2019-12-10 13:38:29,469 DEBUG - 2.977ms,commonrequest:getBlockNumber:DONE
2019-12-10 13:38:31,306 DEBUG - 4.047ms,commonrequest:call:DONE
2019-12-10 13:38:33,470 DEBUG - 183.602ms,commonrequest:sendRawTransaction:DONE
2019-12-10 13:38:38,168 DEBUG - 16.443ms,commonrequest:getBlockNumber:DONE
2019-12-10 13:38:42,118 DEBUG - 47.048ms,commonrequest:sendRawTransaction:DONE
2019-12-10 13:38:42,123 DEBUG - 4.039ms,commonrequest:call:DONE
2019-12-10 13:38:42,636 DEBUG - 498.869ms,commonrequest:sendRawTransaction:DONE
2019-12-10 13:38:42,641 DEBUG - 4.035ms,commonrequest:call:DONE
2019-12-10 13:39:44,765 DEBUG - 29.474ms,commonrequest:getBlockNumber:DONE
2019-12-10 13:39:46,957 DEBUG - 202.892ms,commonrequest:sendRawTransaction:DONE
2019-12-10 13:39:53,402 DEBUG - 16.989ms,commonrequest:getBlockNumber:DONE
2019-12-10 13:39:57,563 DEBUG - 352.889ms,commonrequest:sendRawTransaction:DONE
2019-12-10 13:39:57,569 DEBUG - 3.450ms,commonrequest:call:DONE
2019-12-10 13:39:58,082 DEBUG - 501.777ms,commonrequest:sendRawTransaction:DONE
2019-12-10 13:39:58,092 DEBUG - 8.819ms,commonrequest:call:DONE
2019-12-10 13:43:12,964 DEBUG - 13.507ms,commonrequest:getBlockNumber:DONE
2019-12-10 13:43:17,314 DEBUG - 4.545ms,commonrequest:getBlockNumber:DONE
2019-12-10 13:43:19,819 DEBUG - 628.633ms,commonrequest:sendRawTransaction:DONE
2019-12-10 13:43:20,344 DEBUG - 512.409ms,commonrequest:sendRawTransaction:DONE
2019-12-10 13:43:20,349 DEBUG - 3.873ms,commonrequest:call:DONE
2019-12-10 13:43:20,875 DEBUG - 513.257ms,commonrequest:sendRawTransaction:DONE
2019-12-10 13:43:20,880 DEBUG - 4.288ms,commonrequest:call:DONE
2019-12-10 13:43:34,709 DEBUG - 15.419ms,commonrequest:getBlockNumber:DONE
2019-12-10 13:43:38,662 DEBUG - 58.850ms,commonrequest:sendRawTransaction:DONE
2019-12-10 13:43:38,671 DEBUG - 5.308ms,commonrequest:call:DONE
2019-12-10 13:43:39,182 DEBUG - 499.809ms,commonrequest:sendRawTransaction:DONE
2019-12-10 13:43:39,186 DEBUG - 2.683ms,commonrequest:call:DONE
2019-12-10 13:53:46,098 DEBUG - 14.027ms,commonrequest:getBlockNumber:DONE
2019-12-10 13:53:47,959 DEBUG - 3.287ms,commonrequest:getBlockNumber:DONE
2019-12-10 13:53:50,297 DEBUG - 494.215ms,commonrequest:sendRawTransaction:DONE
2019-12-10 13:53:59,533 DEBUG - 13.978ms,commonrequest:getBlockNumber:DONE
2019-12-10 13:54:01,452 DEBUG - 3.073ms,commonrequest:getBlockNumber:DONE
2019-12-10 13:54:03,959 DEBUG - 594.118ms,commonrequest:sendRawTransaction:DONE
2019-12-10 13:54:39,893 DEBUG - 16.036ms,commonrequest:getBlockNumber:DONE
2019-12-10 13:54:43,563 DEBUG - 2.976ms,commonrequest:getBlockNumber:DONE
2019-12-10 13:54:45,446 DEBUG - 45.689ms,commonrequest:sendRawTransaction:DONE
2019-12-10 13:54:45,968 DEBUG - 354.577ms,commonrequest:sendRawTransaction:DONE
2019-12-10 13:54:45,972 DEBUG - 3.148ms,commonrequest:call:DONE
2019-12-10 13:54:46,490 DEBUG - 507.382ms,commonrequest:sendRawTransaction:DONE
2019-12-10 13:54:46,499 DEBUG - 6.570ms,commonrequest:call:DONE
2019-12-10 14:46:24,865 DEBUG - 13.416ms,commonrequest:getBlockNumber:DONE
2019-12-10 14:48:02,409 DEBUG - 12.631ms,commonrequest:getBlockNumber:DONE
2019-12-10 14:48:48,512 DEBUG - 28.481ms,commonrequest:getBlockNumber:DONE
2019-12-10 14:50:17,267 DEBUG - 13.632ms,commonrequest:getBlockNumber:DONE
2019-12-10 14:51:01,444 DEBUG - 13.475ms,commonrequest:getBlockNumber:DONE
2019-12-10 14:51:36,659 DEBUG - 18.670ms,commonrequest:getBlockNumber:DONE
2019-12-10 14:53:37,316 DEBUG - 12.300ms,commonrequest:getBlockNumber:DONE
2019-12-10 14:53:53,018 DEBUG - 13.078ms,commonrequest:getBlockNumber:DONE
2019-12-10 14:54:07,837 DEBUG - 13.169ms,commonrequest:getBlockNumber:DONE
2019-12-10 15:17:50,237 DEBUG - 14.730ms,commonrequest:getBlockNumber:DONE
2019-12-10 15:18:33,470 DEBUG - 14.791ms,commonrequest:getBlockNumber:DONE
2019-12-10 15:19:16,185 DEBUG - 14.476ms,commonrequest:getBlockNumber:DONE
2019-12-10 15:20:16,304 DEBUG - 17.678ms,commonrequest:getBlockNumber:DONE
2019-12-10 15:20:39,651 DEBUG - 27.447ms,commonrequest:getBlockNumber:DONE
2019-12-10 15:25:03,633 DEBUG - 14.962ms,commonrequest:getBlockNumber:DONE
2019-12-10 15:26:10,970 DEBUG - 14.523ms,commonrequest:getBlockNumber:DONE
2019-12-10 15:26:39,050 DEBUG - 15.468ms,commonrequest:getBlockNumber:DONE
2019-12-10 15:28:04,127 DEBUG - 17.561ms,commonrequest:getBlockNumber:DONE
2019-12-10 15:28:13,298 DEBUG - 15.110ms,commonrequest:getBlockNumber:DONE
2019-12-10 15:28:49,390 DEBUG - 16.334ms,commonrequest:getBlockNumber:DONE
2019-12-10 15:30:13,417 DEBUG - 17.489ms,commonrequest:getBlockNumber:DONE
2019-12-10 15:30:22,122 DEBUG - 15.050ms,commonrequest:getBlockNumber:DONE
2019-12-10 15:30:37,742 DEBUG - 36.810ms,commonrequest:getBlockNumber:DONE
2019-12-10 15:30:51,374 DEBUG - 18.912ms,commonrequest:getBlockNumber:DONE
2019-12-10 15:32:07,546 DEBUG - 14.403ms,commonrequest:getBlockNumber:DONE
2019-12-10 15:37:15,425 DEBUG - 22.118ms,commonrequest:getBlockNumber:DONE
2019-12-10 15:40:14,047 DEBUG - 14.441ms,commonrequest:getBlockNumber:DONE
2019-12-10 15:41:10,704 DEBUG - 17.754ms,commonrequest:getBlockNumber:DONE
2019-12-10 15:42:51,633 DEBUG - 15.027ms,commonrequest:getBlockNumber:DONE
2019-12-10 15:45:31,819 DEBUG - 32.991ms,commonrequest:getBlockNumber:DONE
2019-12-10 15:48:17,332 DEBUG - 15.917ms,commonrequest:getBlockNumber:DONE
2019-12-10 15:48:55,659 DEBUG - 14.770ms,commonrequest:getBlockNumber:DONE
2019-12-10 15:49:53,213 DEBUG - 14.191ms,commonrequest:getBlockNumber:DONE
2019-12-10 15:53:20,461 DEBUG - 15.439ms,commonrequest:getBlockNumber:DONE
2019-12-10 15:54:26,531 DEBUG - 27.800ms,commonrequest:getBlockNumber:DONE
2019-12-10 16:00:18,767 DEBUG - 18.136ms,commonrequest:getBlockNumber:DONE
2019-12-10 21:36:39,982 DEBUG - 85.081ms,commonrequest:getBlockNumber:DONE
2019-12-10 21:38:25,042 DEBUG - 23.526ms,commonrequest:getBlockNumber:DONE
2019-12-10 21:40:44,983 DEBUG - 14.923ms,commonrequest:getBlockNumber:DONE
2019-12-10 21:41:25,092 DEBUG - 12.951ms,commonrequest:getBlockNumber:DONE
2019-12-10 21:41:53,021 DEBUG - 29.520ms,commonrequest:getBlockNumber:DONE
2019-12-10 21:42:32,301 DEBUG - 13.930ms,commonrequest:getBlockNumber:DONE
2019-12-10 21:45:33,982 DEBUG - 14.286ms,commonrequest:getBlockNumber:DONE
2019-12-10 21:46:17,715 DEBUG - 13.562ms,commonrequest:getBlockNumber:DONE
2019-12-10 21:48:58,549 DEBUG - 14.480ms,commonrequest:getBlockNumber:DONE
2019-12-10 22:26:10,227 DEBUG - 15.539ms,commonrequest:getBlockNumber:DONE
2019-12-11 11:36:51,044 DEBUG - 61.423ms,commonrequest:getBlockNumber:DONE
2019-12-11 11:51:07,094 DEBUG - 15.288ms,commonrequest:getBlockNumber:DONE
2019-12-11 11:52:15,129 DEBUG - 19.799ms,commonrequest:getBlockNumber:DONE
2019-12-11 12:00:30,924 DEBUG - 45.323ms,commonrequest:getBlockNumber:DONE
2019-12-11 12:23:29,481 DEBUG - 16.864ms,commonrequest:getBlockNumber:DONE
2019-12-11 14:54:09,932 DEBUG - 70.755ms,commonrequest:getBlockNumber:DONE
2019-12-11 14:58:19,871 DEBUG - 13.909ms,commonrequest:getBlockNumber:DONE
2019-12-11 14:58:55,567 DEBUG - 15.336ms,commonrequest:getBlockNumber:DONE
2019-12-11 15:14:02,461 DEBUG - 30.621ms,commonrequest:getBlockNumber:DONE
2019-12-11 15:17:46,223 DEBUG - 17.355ms,commonrequest:getBlockNumber:DONE
2019-12-11 15:18:40,438 DEBUG - 16.557ms,commonrequest:getBlockNumber:DONE
2019-12-11 15:18:58,875 DEBUG - 18.773ms,commonrequest:getBlockNumber:DONE
2019-12-11 15:21:22,899 DEBUG - 19.737ms,commonrequest:getBlockNumber:DONE
2019-12-11 15:46:25,230 DEBUG - 15.851ms,commonrequest:getBlockNumber:DONE
2019-12-11 15:47:32,180 DEBUG - 17.072ms,commonrequest:getBlockNumber:DONE
2019-12-11 15:48:35,219 DEBUG - 18.093ms,commonrequest:getBlockNumber:DONE
2019-12-11 15:52:53,732 DEBUG - 38.648ms,commonrequest:getBlockNumber:DONE
2019-12-11 15:53:35,713 DEBUG - 32.407ms,commonrequest:getBlockNumber:DONE
2019-12-11 15:53:48,605 DEBUG - 16.459ms,commonrequest:getBlockNumber:DONE
2019-12-11 15:54:54,240 DEBUG - 18.635ms,commonrequest:getBlockNumber:DONE
2019-12-11 15:59:44,033 DEBUG - 27.284ms,commonrequest:getBlockNumber:DONE
2019-12-11 16:00:46,232 DEBUG - 18.641ms,commonrequest:getBlockNumber:DONE
2019-12-11 16:05:03,212 DEBUG - 67.431ms,commonrequest:getBlockNumber:DONE
2019-12-11 16:05:52,014 DEBUG - 22.555ms,commonrequest:getBlockNumber:DONE
2019-12-11 16:07:04,655 DEBUG - 16.053ms,commonrequest:getBlockNumber:DONE
2019-12-11 16:09:09,230 DEBUG - 28.677ms,commonrequest:getBlockNumber:DONE
2019-12-11 16:10:13,717 DEBUG - 47.790ms,commonrequest:getBlockNumber:DONE
2019-12-11 16:10:32,117 DEBUG - 17.191ms,commonrequest:getBlockNumber:DONE
2019-12-11 16:11:34,247 DEBUG - 15.294ms,commonrequest:getBlockNumber:DONE
2019-12-11 16:17:50,830 DEBUG - 15.607ms,commonrequest:getBlockNumber:DONE
2019-12-11 16:22:51,424 DEBUG - 14.935ms,commonrequest:getBlockNumber:DONE
2019-12-11 16:24:58,071 DEBUG - 14.305ms,commonrequest:getBlockNumber:DONE
2019-12-11 16:28:44,117 DEBUG - 23.201ms,commonrequest:getBlockNumber:DONE
2019-12-11 16:34:15,606 DEBUG - 16.999ms,commonrequest:getBlockNumber:DONE
2019-12-11 16:38:33,393 DEBUG - 22.312ms,commonrequest:getBlockNumber:DONE
2019-12-11 16:40:56,215 DEBUG - 24.755ms,commonrequest:getBlockNumber:DONE
2019-12-11 16:42:15,781 DEBUG - 18.223ms,commonrequest:getBlockNumber:DONE
2019-12-11 16:44:39,394 DEBUG - 16.510ms,commonrequest:getBlockNumber:DONE
2019-12-11 16:44:56,982 DEBUG - 18.260ms,commonrequest:getBlockNumber:DONE
2019-12-11 16:45:15,801 DEBUG - 30.871ms,commonrequest:getBlockNumber:DONE
2019-12-11 16:58:22,972 DEBUG - 60.616ms,commonrequest:getBlockNumber:DONE
2019-12-11 19:06:36,810 DEBUG - 74.106ms,commonrequest:getBlockNumber:DONE
2019-12-11 19:08:12,859 DEBUG - 22.000ms,commonrequest:getBlockNumber:DONE
2019-12-11 19:20:19,107 DEBUG - 27.546ms,commonrequest:getBlockNumber:DONE
2019-12-11 19:21:06,729 DEBUG - 17.718ms,commonrequest:getBlockNumber:DONE
2019-12-11 19:21:27,834 DEBUG - 32.889ms,commonrequest:getBlockNumber:DONE
2019-12-11 19:32:05,885 DEBUG - 28.714ms,commonrequest:getBlockNumber:DONE
2019-12-11 19:41:24,228 DEBUG - 30.318ms,commonrequest:getBlockNumber:DONE
2019-12-11 20:25:21,095 DEBUG - 19.184ms,commonrequest:getBlockNumber:DONE
2019-12-11 20:26:58,954 DEBUG - 6.914ms,commonrequest:getBlockNumber:DONE
2019-12-11 21:02:17,144 DEBUG - 30.271ms,commonrequest:getBlockNumber:DONE
2019-12-11 21:03:03,998 DEBUG - 6.285ms,commonrequest:getBlockNumber:DONE
2019-12-11 21:04:49,122 DEBUG - 6.161ms,commonrequest:getBlockNumber:DONE
2019-12-11 21:05:36,681 DEBUG - 5.972ms,commonrequest:getBlockNumber:DONE
2019-12-11 21:05:56,365 DEBUG - 4.735ms,commonrequest:getBlockNumber:DONE
2019-12-11 21:06:55,532 DEBUG - 12.363ms,commonrequest:getBlockNumber:DONE
2019-12-11 21:15:16,982 DEBUG - 24.010ms,commonrequest:getBlockNumber:DONE
2019-12-11 21:15:35,016 DEBUG - 8.980ms,commonrequest:getBlockNumber:DONE
2019-12-11 21:18:31,528 DEBUG - 27.540ms,commonrequest:getBlockNumber:DONE
2019-12-11 21:19:04,159 DEBUG - 30.585ms,commonrequest:getBlockNumber:DONE
2019-12-11 21:19:28,544 DEBUG - 24.269ms,commonrequest:getBlockNumber:DONE
2019-12-11 21:19:40,564 DEBUG - 3.370ms,commonrequest:getBlockNumber:DONE
2019-12-11 21:20:45,592 DEBUG - 29.058ms,commonrequest:getBlockNumber:DONE
2019-12-11 21:21:05,795 DEBUG - 16.732ms,commonrequest:getBlockNumber:DONE
2019-12-11 21:21:15,480 DEBUG - 5.280ms,commonrequest:getBlockNumber:DONE
2019-12-11 21:21:52,269 DEBUG - 24.404ms,commonrequest:getBlockNumber:DONE
2019-12-11 21:22:33,548 DEBUG - 29.805ms,commonrequest:getBlockNumber:DONE
2019-12-11 21:23:20,918 DEBUG - 20.742ms,commonrequest:getBlockNumber:DONE
2019-12-11 21:23:33,980 DEBUG - 6.440ms,commonrequest:getBlockNumber:DONE
2019-12-11 21:24:06,726 DEBUG - 24.200ms,commonrequest:getBlockNumber:DONE
2019-12-11 21:31:19,623 DEBUG - 27.039ms,commonrequest:getBlockNumber:DONE
2019-12-11 21:33:07,775 DEBUG - 26.850ms,commonrequest:getBlockNumber:DONE
2019-12-11 21:34:39,733 DEBUG - 29.436ms,commonrequest:getBlockNumber:DONE
2019-12-11 21:36:50,256 DEBUG - 28.417ms,commonrequest:getBlockNumber:DONE
2019-12-11 21:39:35,462 DEBUG - 30.773ms,commonrequest:getBlockNumber:DONE
2019-12-11 21:40:03,539 DEBUG - 7.195ms,commonrequest:getBlockNumber:DONE
2019-12-11 21:43:12,057 DEBUG - 26.057ms,commonrequest:getBlockNumber:DONE
2019-12-11 21:44:31,498 DEBUG - 3.641ms,commonrequest:getBlockNumber:DONE
2019-12-11 21:46:17,606 DEBUG - 2.586ms,commonrequest:getBlockNumber:DONE
2019-12-11 21:47:14,320 DEBUG - 9.595ms,commonrequest:getBlockNumber:DONE
2019-12-11 21:48:09,056 DEBUG - 5.877ms,commonrequest:getBlockNumber:DONE
2019-12-11 21:49:00,430 DEBUG - 29.653ms,commonrequest:getBlockNumber:DONE
2019-12-11 21:51:26,447 DEBUG - 51.655ms,commonrequest:getBlockNumber:DONE
2019-12-11 21:55:39,579 DEBUG - 37.527ms,commonrequest:getBlockNumber:DONE
2019-12-11 21:57:24,505 DEBUG - 48.811ms,commonrequest:getBlockNumber:DONE
2019-12-11 21:57:53,434 DEBUG - 8.853ms,commonrequest:getBlockNumber:DONE
2019-12-11 21:59:45,224 DEBUG - 25.195ms,commonrequest:getBlockNumber:DONE
2019-12-11 22:00:31,201 DEBUG - 8.747ms,commonrequest:getBlockNumber:DONE
2019-12-11 22:01:59,342 DEBUG - 22.335ms,commonrequest:getBlockNumber:DONE
2019-12-11 22:03:36,440 DEBUG - 5.817ms,commonrequest:getBlockNumber:DONE
2019-12-11 22:03:54,232 DEBUG - 5.242ms,commonrequest:getBlockNumber:DONE
2019-12-11 22:04:17,613 DEBUG - 27.180ms,commonrequest:getBlockNumber:DONE
2019-12-11 22:05:13,706 DEBUG - 31.978ms,commonrequest:getBlockNumber:DONE
2019-12-11 22:05:33,848 DEBUG - 2.849ms,commonrequest:getBlockNumber:DONE
2019-12-11 22:07:11,656 DEBUG - 2.445ms,commonrequest:getBlockNumber:DONE
2019-12-11 22:07:52,825 DEBUG - 3.601ms,commonrequest:getBlockNumber:DONE
2019-12-11 22:08:46,583 DEBUG - 6.591ms,commonrequest:getBlockNumber:DONE
2019-12-11 22:09:07,152 DEBUG - 13.764ms,commonrequest:getBlockNumber:DONE
2019-12-11 22:10:46,070 DEBUG - 35.242ms,commonrequest:getBlockNumber:DONE
2019-12-11 23:51:59,429 DEBUG - 38.851ms,commonrequest:getBlockNumber:DONE
2019-12-11 23:52:35,025 DEBUG - 5.774ms,commonrequest:getBlockNumber:DONE
2019-12-11 23:52:37,699 DEBUG - 3.675ms,commonrequest:getBlockNumber:DONE
2019-12-11 23:54:14,704 DEBUG - 4.962ms,commonrequest:getBlockNumber:DONE
2019-12-11 23:54:17,515 DEBUG - 2.532ms,commonrequest:getBlockNumber:DONE
2019-12-12 00:07:46,795 DEBUG - 23.527ms,commonrequest:getBlockNumber:DONE
2019-12-12 00:07:49,514 DEBUG - 13.139ms,commonrequest:getBlockNumber:DONE
2019-12-12 00:07:52,276 DEBUG - 430.747ms,commonrequest:sendRawTransaction:DONE
2019-12-12 00:07:52,817 DEBUG - 354.978ms,commonrequest:sendRawTransaction:DONE
2019-12-12 00:07:52,825 DEBUG - 6.542ms,commonrequest:call:DONE
2019-12-12 00:09:26,415 DEBUG - 42.804ms,commonrequest:getBlockNumber:DONE
2019-12-12 00:09:28,994 DEBUG - 12.018ms,commonrequest:getBlockNumber:DONE
2019-12-12 00:09:31,428 DEBUG - 131.366ms,commonrequest:sendRawTransaction:DONE
2019-12-12 00:09:31,705 DEBUG - 5.228ms,commonrequest:call:DONE
2019-12-12 00:09:31,982 DEBUG - 259.364ms,commonrequest:sendRawTransaction:DONE
2019-12-12 00:17:37,481 DEBUG - 68.887ms,commonrequest:getBlockNumber:DONE
2019-12-12 00:17:40,353 DEBUG - 7.052ms,commonrequest:getBlockNumber:DONE
2019-12-12 00:17:43,266 DEBUG - 70.822ms,commonrequest:sendRawTransaction:DONE
2019-12-12 00:17:43,406 DEBUG - 7.351ms,commonrequest:call:DONE
2019-12-12 00:17:43,829 DEBUG - 406.058ms,commonrequest:sendRawTransaction:DONE
2019-12-12 00:18:20,475 DEBUG - 6.008ms,commonrequest:getBlockNumber:DONE
2019-12-12 00:18:23,173 DEBUG - 2.882ms,commonrequest:getBlockNumber:DONE
2019-12-12 00:18:25,867 DEBUG - 206.614ms,commonrequest:sendRawTransaction:DONE
2019-12-12 00:18:26,071 DEBUG - 4.503ms,commonrequest:call:DONE
2019-12-12 00:18:26,411 DEBUG - 324.764ms,commonrequest:sendRawTransaction:DONE
2019-12-12 00:18:54,683 DEBUG - 44.566ms,commonrequest:getBlockNumber:DONE
2019-12-12 00:18:57,273 DEBUG - 4.571ms,commonrequest:getBlockNumber:DONE
2019-12-12 00:19:00,278 DEBUG - 750.982ms,commonrequest:sendRawTransaction:DONE
2019-12-12 00:19:00,540 DEBUG - 6.025ms,commonrequest:call:DONE
2019-12-12 00:19:00,829 DEBUG - 277.241ms,commonrequest:sendRawTransaction:DONE
2019-12-12 00:19:24,964 DEBUG - 94.541ms,commonrequest:getBlockNumber:DONE
2019-12-12 00:19:27,736 DEBUG - 5.751ms,commonrequest:getBlockNumber:DONE
2019-12-12 00:19:30,694 DEBUG - 426.909ms,commonrequest:sendRawTransaction:DONE
2019-12-12 00:19:30,878 DEBUG - 5.294ms,commonrequest:call:DONE
2019-12-12 00:19:31,204 DEBUG - 310.854ms,commonrequest:sendRawTransaction:DONE
2019-12-12 00:19:59,598 DEBUG - 128.134ms,commonrequest:getBlockNumber:DONE
2019-12-12 00:20:03,281 DEBUG - 4.410ms,commonrequest:getBlockNumber:DONE
2019-12-12 00:20:06,187 DEBUG - 382.022ms,commonrequest:sendRawTransaction:DONE
2019-12-12 00:20:06,215 DEBUG - 6.527ms,commonrequest:call:DONE
2019-12-12 00:20:06,719 DEBUG - 479.130ms,commonrequest:sendRawTransaction:DONE
2019-12-12 00:24:00,501 DEBUG - 30.901ms,commonrequest:getBlockNumber:DONE
2019-12-12 00:24:03,193 DEBUG - 12.440ms,commonrequest:getBlockNumber:DONE
2019-12-12 00:24:05,678 DEBUG - 49.535ms,commonrequest:sendRawTransaction:DONE
2019-12-12 00:24:05,841 DEBUG - 3.760ms,commonrequest:call:DONE
2019-12-12 00:24:06,196 DEBUG - 339.200ms,commonrequest:sendRawTransaction:DONE
2019-12-12 10:20:45,189 DEBUG - 92.972ms,commonrequest:getBlockNumber:DONE
2019-12-12 10:20:48,106 DEBUG - 31.812ms,commonrequest:call:DONE
2019-12-12 10:22:13,425 DEBUG - 31.554ms,commonrequest:getBlockNumber:DONE
2019-12-12 10:22:15,870 DEBUG - 3.341ms,commonrequest:call:DONE
2019-12-12 10:22:28,396 DEBUG - 2.315ms,commonrequest:getBlockNumber:DONE
2019-12-12 10:22:30,904 DEBUG - 2.986ms,commonrequest:call:DONE
2019-12-12 10:23:02,727 DEBUG - 39.755ms,commonrequest:getBlockNumber:DONE
2019-12-12 10:23:05,235 DEBUG - 3.462ms,commonrequest:call:DONE
2019-12-12 10:30:02,839 DEBUG - 28.032ms,commonrequest:getBlockNumber:DONE
2019-12-12 10:30:05,521 DEBUG - 7.080ms,commonrequest:call:DONE
2019-12-12 10:30:10,394 DEBUG - 7.321ms,commonrequest:getBlockNumber:DONE
2019-12-12 10:30:13,037 DEBUG - 3.360ms,commonrequest:call:DONE
2019-12-12 10:30:24,211 DEBUG - 3.947ms,commonrequest:getBlockNumber:DONE
2019-12-12 10:30:26,711 DEBUG - 3.288ms,commonrequest:call:DONE
2019-12-12 10:49:45,823 DEBUG - 33.534ms,commonrequest:getBlockNumber:DONE
2019-12-12 10:49:48,350 DEBUG - 3.260ms,commonrequest:call:DONE
2019-12-12 10:49:54,435 DEBUG - 4.716ms,commonrequest:getBlockNumber:DONE
2019-12-12 10:49:56,660 DEBUG - 3.507ms,commonrequest:call:DONE
2019-12-12 10:50:31,926 DEBUG - 2.928ms,commonrequest:getBlockNumber:DONE
2019-12-12 10:50:34,272 DEBUG - 5.686ms,commonrequest:call:DONE
2019-12-12 10:50:38,404 DEBUG - 2.682ms,commonrequest:getBlockNumber:DONE
2019-12-12 10:50:40,769 DEBUG - 3.388ms,commonrequest:call:DONE
2019-12-12 10:51:01,300 DEBUG - 4.030ms,commonrequest:getBlockNumber:DONE
2019-12-12 10:51:04,108 DEBUG - 2.763ms,commonrequest:call:DONE
2019-12-12 10:51:52,269 DEBUG - 72.723ms,commonrequest:getBlockNumber:DONE
2019-12-12 10:51:54,708 DEBUG - 6.470ms,commonrequest:call:DONE
2019-12-12 10:52:43,071 DEBUG - 20.066ms,commonrequest:getBlockNumber:DONE
2019-12-12 10:52:45,567 DEBUG - 3.824ms,commonrequest:call:DONE
2019-12-12 10:53:38,397 DEBUG - 10.826ms,commonrequest:getBlockNumber:DONE
2019-12-12 10:53:41,080 DEBUG - 257.665ms,commonrequest:sendRawTransaction:DONE
2019-12-12 10:53:49,182 DEBUG - 9.728ms,commonrequest:getBlockNumber:DONE
2019-12-12 10:53:52,715 DEBUG - 399.709ms,commonrequest:sendRawTransaction:DONE
2019-12-12 10:54:00,654 DEBUG - 3.481ms,commonrequest:getBlockNumber:DONE
2019-12-12 10:54:03,343 DEBUG - 279.652ms,commonrequest:sendRawTransaction:DONE
2019-12-12 10:55:02,326 DEBUG - 2.779ms,commonrequest:getBlockNumber:DONE
2019-12-12 10:55:15,589 DEBUG - 17.455ms,commonrequest:getBlockNumber:DONE
2019-12-12 10:55:18,021 DEBUG - 15.739ms,commonrequest:getBlockNumber:DONE
2019-12-12 10:55:20,680 DEBUG - 356.985ms,commonrequest:sendRawTransaction:DONE
2019-12-12 10:55:21,216 DEBUG - 277.103ms,commonrequest:sendRawTransaction:DONE
2019-12-12 10:57:17,693 DEBUG - 39.578ms,commonrequest:getBlockNumber:DONE
2019-12-12 10:57:20,752 DEBUG - 5.311ms,commonrequest:getBlockNumber:DONE
2019-12-12 10:57:23,253 DEBUG - 48.356ms,commonrequest:sendRawTransaction:DONE
2019-12-12 10:57:24,786 DEBUG - 362.837ms,commonrequest:sendRawTransaction:DONE
2019-12-12 10:58:07,399 DEBUG - 9.888ms,commonrequest:getBlockNumber:DONE
2019-12-12 10:58:30,491 DEBUG - 9.596ms,commonrequest:getBlockNumber:DONE
2019-12-12 10:58:33,129 DEBUG - 196.085ms,commonrequest:sendRawTransaction:DONE
2019-12-12 11:08:59,537 DEBUG - 21.928ms,commonrequest:getBlockNumber:DONE
2019-12-12 11:09:02,186 DEBUG - 3.778ms,commonrequest:call:DONE
2019-12-12 11:16:25,990 DEBUG - 25.738ms,commonrequest:getBlockNumber:DONE
2019-12-12 11:16:28,665 DEBUG - 2.698ms,commonrequest:getBlockNumber:DONE
2019-12-12 11:19:27,978 DEBUG - 33.334ms,commonrequest:getBlockNumber:DONE
2019-12-12 11:19:30,635 DEBUG - 6.740ms,commonrequest:getBlockNumber:DONE
2019-12-12 11:19:51,152 DEBUG - 51.767ms,commonrequest:getBlockNumber:DONE
2019-12-12 11:19:53,624 DEBUG - 2.413ms,commonrequest:getBlockNumber:DONE
2019-12-12 11:20:24,934 DEBUG - 26.302ms,commonrequest:getBlockNumber:DONE
2019-12-12 11:20:27,479 DEBUG - 3.445ms,commonrequest:getBlockNumber:DONE
2019-12-12 11:21:31,482 DEBUG - 38.224ms,commonrequest:getBlockNumber:DONE
2019-12-12 11:21:34,277 DEBUG - 5.847ms,commonrequest:getBlockNumber:DONE
2019-12-12 11:22:21,842 DEBUG - 27.826ms,commonrequest:getBlockNumber:DONE
2019-12-12 11:22:24,439 DEBUG - 3.435ms,commonrequest:getBlockNumber:DONE
2019-12-12 11:24:08,557 DEBUG - 35.689ms,commonrequest:getBlockNumber:DONE
2019-12-12 11:24:10,995 DEBUG - 3.077ms,commonrequest:getBlockNumber:DONE
2019-12-12 11:24:11,014 DEBUG - 5.223ms,commonrequest:getBlockNumber:DONE
2019-12-12 11:25:52,565 DEBUG - 30.496ms,commonrequest:getBlockNumber:DONE
2019-12-12 11:25:55,170 DEBUG - 3.770ms,commonrequest:getBlockNumber:DONE
2019-12-12 11:25:55,189 DEBUG - 2.754ms,commonrequest:getBlockNumber:DONE
2019-12-12 11:29:06,184 DEBUG - 22.757ms,commonrequest:getBlockNumber:DONE
2019-12-12 11:29:08,732 DEBUG - 3.954ms,commonrequest:getBlockNumber:DONE
2019-12-12 11:29:08,751 DEBUG - 4.996ms,commonrequest:getBlockNumber:DONE
2019-12-12 11:29:10,968 DEBUG - 3.035ms,commonrequest:call:DONE
2019-12-12 11:29:10,976 DEBUG - 5.491ms,commonrequest:call:DONE
2019-12-12 11:36:36,916 DEBUG - 9.354ms,commonrequest:getBlockNumber:DONE
2019-12-12 11:36:44,330 DEBUG - 46.205ms,commonrequest:getBlockNumber:DONE
2019-12-12 11:36:47,180 DEBUG - 6.940ms,commonrequest:getBlockNumber:DONE
2019-12-12 11:36:47,199 DEBUG - 3.142ms,commonrequest:getBlockNumber:DONE
2019-12-12 11:36:49,789 DEBUG - 3.575ms,commonrequest:call:DONE
2019-12-12 11:36:49,798 DEBUG - 6.146ms,commonrequest:call:DONE
2019-12-12 11:44:56,945 DEBUG - 113.287ms,commonrequest:getBlockNumber:DONE
2019-12-12 11:44:59,671 DEBUG - 11.732ms,commonrequest:getBlockNumber:DONE
2019-12-12 11:44:59,690 DEBUG - 5.164ms,commonrequest:getBlockNumber:DONE
2019-12-12 11:45:02,576 DEBUG - 3.747ms,commonrequest:call:DONE
2019-12-12 11:45:02,587 DEBUG - 4.735ms,commonrequest:call:DONE
2019-12-12 11:47:09,631 DEBUG - 29.359ms,commonrequest:getBlockNumber:DONE
2019-12-12 11:47:12,433 DEBUG - 3.662ms,commonrequest:getBlockNumber:DONE
2019-12-12 11:47:12,472 DEBUG - 6.367ms,commonrequest:getBlockNumber:DONE
2019-12-12 11:47:14,855 DEBUG - 6.937ms,commonrequest:call:DONE
2019-12-12 11:47:14,863 DEBUG - 3.145ms,commonrequest:call:DONE
2019-12-12 11:47:52,615 DEBUG - 104.242ms,commonrequest:getBlockNumber:DONE
2019-12-12 11:47:55,579 DEBUG - 26.993ms,commonrequest:getBlockNumber:DONE
2019-12-12 11:47:55,633 DEBUG - 6.992ms,commonrequest:getBlockNumber:DONE
2019-12-12 11:47:57,985 DEBUG - 5.481ms,commonrequest:call:DONE
2019-12-12 11:47:57,992 DEBUG - 3.503ms,commonrequest:call:DONE
2019-12-12 11:48:16,541 DEBUG - 23.950ms,commonrequest:getBlockNumber:DONE
2019-12-12 11:48:19,417 DEBUG - 7.791ms,commonrequest:getBlockNumber:DONE
2019-12-12 11:48:19,452 DEBUG - 7.697ms,commonrequest:getBlockNumber:DONE
2019-12-12 11:48:22,275 DEBUG - 5.499ms,commonrequest:call:DONE
2019-12-12 11:48:34,015 DEBUG - 36.386ms,commonrequest:getBlockNumber:DONE
2019-12-12 11:48:36,807 DEBUG - 4.795ms,commonrequest:getBlockNumber:DONE
2019-12-12 11:48:36,825 DEBUG - 3.938ms,commonrequest:getBlockNumber:DONE
2019-12-12 11:48:39,081 DEBUG - 4.656ms,commonrequest:call:DONE
2019-12-12 11:48:39,087 DEBUG - 3.490ms,commonrequest:call:DONE
2019-12-12 11:49:24,595 DEBUG - 39.572ms,commonrequest:getBlockNumber:DONE
2019-12-12 11:49:27,291 DEBUG - 5.655ms,commonrequest:getBlockNumber:DONE
2019-12-12 11:49:27,310 DEBUG - 2.894ms,commonrequest:getBlockNumber:DONE
2019-12-12 11:49:29,833 DEBUG - 3.227ms,commonrequest:call:DONE
2019-12-12 11:49:29,843 DEBUG - 6.425ms,commonrequest:call:DONE
2019-12-12 11:49:44,081 DEBUG - 31.795ms,commonrequest:getBlockNumber:DONE
2019-12-12 11:49:46,837 DEBUG - 4.201ms,commonrequest:getBlockNumber:DONE
2019-12-12 11:49:46,859 DEBUG - 5.525ms,commonrequest:getBlockNumber:DONE
2019-12-12 11:49:49,086 DEBUG - 6.379ms,commonrequest:call:DONE
2019-12-12 11:49:49,106 DEBUG - 15.951ms,commonrequest:call:DONE
2019-12-12 11:51:34,071 DEBUG - 37.106ms,commonrequest:getBlockNumber:DONE
2019-12-12 11:51:36,779 DEBUG - 3.534ms,commonrequest:getBlockNumber:DONE
2019-12-12 11:51:36,799 DEBUG - 3.961ms,commonrequest:getBlockNumber:DONE
2019-12-12 11:51:39,214 DEBUG - 3.617ms,commonrequest:call:DONE
2019-12-12 11:51:39,220 DEBUG - 2.983ms,commonrequest:call:DONE
2019-12-12 11:59:06,210 DEBUG - 112.560ms,commonrequest:getBlockNumber:DONE
2019-12-12 11:59:08,842 DEBUG - 9.289ms,commonrequest:getBlockNumber:DONE
2019-12-12 11:59:08,886 DEBUG - 14.063ms,commonrequest:getBlockNumber:DONE
2019-12-12 11:59:11,152 DEBUG - 6.274ms,commonrequest:call:DONE
2019-12-12 11:59:11,162 DEBUG - 7.371ms,commonrequest:call:DONE
2019-12-12 11:59:49,799 DEBUG - 20.592ms,commonrequest:getBlockNumber:DONE
2019-12-12 11:59:52,707 DEBUG - 7.262ms,commonrequest:getBlockNumber:DONE
2019-12-12 11:59:52,735 DEBUG - 6.410ms,commonrequest:getBlockNumber:DONE
2019-12-12 11:59:55,037 DEBUG - 5.205ms,commonrequest:call:DONE
2019-12-12 11:59:55,045 DEBUG - 3.822ms,commonrequest:call:DONE
2019-12-12 12:38:18,514 DEBUG - 11.298ms,commonrequest:getBlockNumber:DONE
2019-12-12 12:38:26,481 DEBUG - 9.152ms,commonrequest:getBlockNumber:DONE
2019-12-12 12:38:29,151 DEBUG - 7.558ms,commonrequest:getBlockNumber:DONE
2019-12-12 12:38:29,201 DEBUG - 6.669ms,commonrequest:getBlockNumber:DONE
2019-12-12 12:38:31,524 DEBUG - 4.675ms,commonrequest:call:DONE
2019-12-12 12:38:31,531 DEBUG - 3.684ms,commonrequest:call:DONE
2019-12-12 14:22:27,189 DEBUG - 9.745ms,commonrequest:getBlockNumber:DONE
2019-12-12 14:22:29,980 DEBUG - 6.370ms,commonrequest:getBlockNumber:DONE
2019-12-12 14:22:30,018 DEBUG - 8.596ms,commonrequest:getBlockNumber:DONE
2019-12-12 14:22:32,955 DEBUG - 3.155ms,commonrequest:call:DONE
2019-12-12 14:22:32,962 DEBUG - 3.919ms,commonrequest:call:DONE
2019-12-12 14:22:41,128 DEBUG - 18.110ms,commonrequest:getBlockNumber:DONE
2019-12-12 14:22:43,878 DEBUG - 5.777ms,commonrequest:call:DONE
2019-12-12 14:52:03,986 DEBUG - 40.846ms,commonrequest:getBlockNumber:DONE
2019-12-12 14:52:24,274 DEBUG - 7.234ms,commonrequest:getBlockNumber:DONE
2019-12-12 14:52:55,936 DEBUG - 3.255ms,commonrequest:getBlockNumber:DONE
2019-12-12 14:53:29,245 DEBUG - 4.355ms,commonrequest:getBlockNumber:DONE
2019-12-12 14:53:32,076 DEBUG - 6.599ms,commonrequest:getBlockNumber:DONE
2019-12-12 14:53:34,853 DEBUG - 58.283ms,commonrequest:sendRawTransaction:DONE
2019-12-12 14:53:36,386 DEBUG - 369.707ms,commonrequest:sendRawTransaction:DONE
2019-12-12 14:54:44,527 DEBUG - 2.690ms,commonrequest:getBlockNumber:DONE
2019-12-12 14:57:02,998 DEBUG - 8.245ms,commonrequest:getBlockNumber:DONE
2019-12-12 14:57:21,465 DEBUG - 12.956ms,commonrequest:getBlockNumber:DONE
2019-12-12 14:58:23,616 DEBUG - 14.779ms,commonrequest:getBlockNumber:DONE
2019-12-12 14:58:40,651 DEBUG - 8.860ms,commonrequest:getBlockNumber:DONE
2019-12-12 14:59:26,678 DEBUG - 22.504ms,commonrequest:getBlockNumber:DONE
2019-12-12 14:59:53,430 DEBUG - 36.455ms,commonrequest:getBlockNumber:DONE
2019-12-12 15:00:00,716 DEBUG - 5.470ms,commonrequest:getBlockNumber:DONE
2019-12-12 15:00:53,294 DEBUG - 61.533ms,commonrequest:getBlockNumber:DONE
2019-12-12 15:01:00,230 DEBUG - 7.585ms,commonrequest:getBlockNumber:DONE
2019-12-12 15:01:42,337 DEBUG - 10.089ms,commonrequest:getBlockNumber:DONE
2019-12-12 15:02:43,106 DEBUG - 55.043ms,commonrequest:getBlockNumber:DONE
2019-12-12 15:03:06,573 DEBUG - 5.327ms,commonrequest:getBlockNumber:DONE
2019-12-12 15:03:09,146 DEBUG - 4.667ms,commonrequest:call:DONE
2019-12-12 15:03:51,066 DEBUG - 30.153ms,commonrequest:getBlockNumber:DONE
2019-12-12 15:04:14,896 DEBUG - 6.461ms,commonrequest:getBlockNumber:DONE
2019-12-12 15:04:17,506 DEBUG - 3.674ms,commonrequest:call:DONE
2019-12-12 15:04:17,526 DEBUG - 5.719ms,commonrequest:getBlockNumber:DONE
2019-12-12 15:04:20,188 DEBUG - 430.871ms,commonrequest:sendRawTransaction:DONE
2019-12-12 15:04:21,785 DEBUG - 407.520ms,commonrequest:sendRawTransaction:DONE
2019-12-12 15:05:44,863 DEBUG - 41.723ms,commonrequest:getBlockNumber:DONE
2019-12-12 15:05:47,523 DEBUG - 5.183ms,commonrequest:call:DONE
2019-12-12 15:05:47,539 DEBUG - 4.557ms,commonrequest:getBlockNumber:DONE
2019-12-12 15:05:50,326 DEBUG - 465.051ms,commonrequest:sendRawTransaction:DONE
2019-12-12 15:05:51,882 DEBUG - 401.199ms,commonrequest:sendRawTransaction:DONE
2019-12-12 15:06:18,050 DEBUG - 22.075ms,commonrequest:getBlockNumber:DONE
2019-12-12 15:06:20,708 DEBUG - 5.497ms,commonrequest:call:DONE
2019-12-12 15:06:20,723 DEBUG - 3.060ms,commonrequest:getBlockNumber:DONE
2019-12-12 15:06:23,692 DEBUG - 665.368ms,commonrequest:sendRawTransaction:DONE
2019-12-12 15:06:24,208 DEBUG - 360.792ms,commonrequest:sendRawTransaction:DONE
2019-12-12 15:08:55,987 DEBUG - 37.548ms,commonrequest:getBlockNumber:DONE
2019-12-12 15:08:58,372 DEBUG - 3.002ms,commonrequest:call:DONE
2019-12-12 15:10:28,663 DEBUG - 119.621ms,commonrequest:getBlockNumber:DONE
2019-12-12 15:10:31,888 DEBUG - 4.698ms,commonrequest:call:DONE
2019-12-12 15:11:28,930 DEBUG - 27.821ms,commonrequest:getBlockNumber:DONE
2019-12-12 15:11:31,512 DEBUG - 4.695ms,commonrequest:call:DONE
2019-12-12 15:12:30,434 DEBUG - 47.163ms,commonrequest:getBlockNumber:DONE
2019-12-12 15:12:33,179 DEBUG - 4.817ms,commonrequest:call:DONE
2019-12-12 15:23:01,534 DEBUG - 26.950ms,commonrequest:getBlockNumber:DONE
2019-12-12 15:23:38,883 DEBUG - 5.747ms,commonrequest:getBlockNumber:DONE
2019-12-12 15:23:41,530 DEBUG - 4.518ms,commonrequest:call:DONE
2019-12-12 15:23:41,561 DEBUG - 3.235ms,commonrequest:getBlockNumber:DONE
2019-12-12 15:23:44,420 DEBUG - 374.244ms,commonrequest:sendRawTransaction:DONE
2019-12-12 15:23:44,938 DEBUG - 273.089ms,commonrequest:sendRawTransaction:DONE
2019-12-12 15:25:07,611 DEBUG - 18.219ms,commonrequest:getBlockNumber:DONE
2019-12-12 15:25:10,099 DEBUG - 5.067ms,commonrequest:call:DONE
2019-12-12 15:25:10,129 DEBUG - 6.113ms,commonrequest:getBlockNumber:DONE
2019-12-12 15:25:13,355 DEBUG - 449.147ms,commonrequest:sendRawTransaction:DONE
2019-12-12 15:25:13,885 DEBUG - 361.779ms,commonrequest:sendRawTransaction:DONE
2019-12-12 15:27:32,437 DEBUG - 8.952ms,commonrequest:getBlockNumber:DONE
2019-12-12 15:27:35,202 DEBUG - 3.531ms,commonrequest:call:DONE
2019-12-12 16:15:26,335 DEBUG - 28.743ms,commonrequest:getBlockNumber:DONE
2019-12-12 16:15:28,803 DEBUG - 5.804ms,commonrequest:call:DONE
2019-12-12 16:15:57,767 DEBUG - 8.633ms,commonrequest:getBlockNumber:DONE
2019-12-12 16:16:00,351 DEBUG - 8.546ms,commonrequest:call:DONE
2019-12-12 16:16:00,373 DEBUG - 5.871ms,commonrequest:getBlockNumber:DONE
2019-12-12 16:16:03,157 DEBUG - 226.410ms,commonrequest:sendRawTransaction:DONE
2019-12-12 16:16:03,692 DEBUG - 341.058ms,commonrequest:sendRawTransaction:DONE
2019-12-12 16:17:04,581 DEBUG - 28.183ms,commonrequest:getBlockNumber:DONE
2019-12-12 16:17:24,063 DEBUG - 3.338ms,commonrequest:getBlockNumber:DONE
2019-12-12 16:17:26,565 DEBUG - 14.834ms,commonrequest:call:DONE
2019-12-12 16:17:26,583 DEBUG - 2.746ms,commonrequest:getBlockNumber:DONE
2019-12-12 16:17:29,114 DEBUG - 236.236ms,commonrequest:sendRawTransaction:DONE
2019-12-12 16:17:30,650 DEBUG - 347.008ms,commonrequest:sendRawTransaction:DONE
2019-12-12 16:18:33,655 DEBUG - 6.384ms,commonrequest:getBlockNumber:DONE
2019-12-12 16:18:36,166 DEBUG - 6.239ms,commonrequest:call:DONE
2019-12-12 16:18:36,183 DEBUG - 6.183ms,commonrequest:getBlockNumber:DONE
2019-12-12 16:18:38,907 DEBUG - 298.031ms,commonrequest:sendRawTransaction:DONE
2019-12-12 16:18:39,452 DEBUG - 420.240ms,commonrequest:sendRawTransaction:DONE
2019-12-12 16:21:45,693 DEBUG - 28.615ms,commonrequest:getBlockNumber:DONE
2019-12-12 16:21:48,664 DEBUG - 4.856ms,commonrequest:call:DONE
2019-12-12 16:28:42,414 DEBUG - 50.556ms,commonrequest:getBlockNumber:DONE
2019-12-12 16:29:05,465 DEBUG - 4.545ms,commonrequest:getBlockNumber:DONE
2019-12-12 16:29:08,026 DEBUG - 11.378ms,commonrequest:call:DONE
2019-12-12 16:29:08,043 DEBUG - 3.042ms,commonrequest:getBlockNumber:DONE
2019-12-12 16:29:10,432 DEBUG - 49.923ms,commonrequest:sendRawTransaction:DONE
2019-12-12 16:29:10,969 DEBUG - 368.019ms,commonrequest:sendRawTransaction:DONE
2019-12-12 16:29:51,988 DEBUG - 39.665ms,commonrequest:getBlockNumber:DONE
2019-12-12 16:30:33,063 DEBUG - 4.771ms,commonrequest:getBlockNumber:DONE
2019-12-12 16:30:35,512 DEBUG - 5.362ms,commonrequest:call:DONE
2019-12-12 16:30:35,548 DEBUG - 6.425ms,commonrequest:getBlockNumber:DONE
2019-12-12 16:30:38,451 DEBUG - 682.522ms,commonrequest:sendRawTransaction:DONE
2019-12-12 16:30:40,004 DEBUG - 408.516ms,commonrequest:sendRawTransaction:DONE
2019-12-12 16:33:18,488 DEBUG - 31.092ms,commonrequest:getBlockNumber:DONE
2019-12-12 16:33:21,078 DEBUG - 5.819ms,commonrequest:call:DONE
2019-12-12 16:33:21,094 DEBUG - 2.361ms,commonrequest:getBlockNumber:DONE
2019-12-12 16:33:23,917 DEBUG - 411.179ms,commonrequest:sendRawTransaction:DONE
2019-12-12 16:33:24,437 DEBUG - 311.607ms,commonrequest:sendRawTransaction:DONE
2019-12-12 16:34:11,802 DEBUG - 3.164ms,commonrequest:getBlockNumber:DONE
2019-12-12 16:34:15,052 DEBUG - 5.512ms,commonrequest:call:DONE
2019-12-12 16:34:15,071 DEBUG - 5.010ms,commonrequest:getBlockNumber:DONE
2019-12-12 16:34:17,532 DEBUG - 49.363ms,commonrequest:sendRawTransaction:DONE
2019-12-12 16:34:18,080 DEBUG - 378.838ms,commonrequest:sendRawTransaction:DONE
2019-12-12 16:42:52,587 DEBUG - 19.349ms,commonrequest:getBlockNumber:DONE
2019-12-12 16:45:20,907 DEBUG - 7.445ms,commonrequest:getBlockNumber:DONE
2019-12-12 16:45:23,781 DEBUG - 3.427ms,commonrequest:call:DONE
2019-12-12 16:47:10,895 DEBUG - 52.908ms,commonrequest:getBlockNumber:DONE
2019-12-12 16:47:13,414 DEBUG - 5.174ms,commonrequest:call:DONE
2019-12-12 16:47:13,431 DEBUG - 2.955ms,commonrequest:getBlockNumber:DONE
2019-12-12 16:47:16,478 DEBUG - 682.589ms,commonrequest:sendRawTransaction:DONE
2019-12-12 16:47:17,020 DEBUG - 400.542ms,commonrequest:sendRawTransaction:DONE
2019-12-12 16:54:58,725 DEBUG - 32.215ms,commonrequest:getBlockNumber:DONE
2019-12-12 16:55:01,567 DEBUG - 3.054ms,commonrequest:getBlockNumber:DONE
2019-12-12 16:58:29,297 DEBUG - 41.809ms,commonrequest:getBlockNumber:DONE
2019-12-12 16:58:34,297 DEBUG - 6.582ms,commonrequest:getBlockNumber:DONE
2019-12-12 16:58:37,120 DEBUG - 419.184ms,commonrequest:sendRawTransaction:DONE
2019-12-12 16:58:37,662 DEBUG - 522.533ms,commonrequest:sendRawTransaction:DONE
2019-12-12 19:15:42,652 DEBUG - 62.093ms,commonrequest:getBlockNumber:DONE
2019-12-12 19:15:45,191 DEBUG - 14.653ms,commonrequest:call:DONE
2019-12-12 19:32:24,762 DEBUG - 111.547ms,commonrequest:getBlockNumber:DONE
2019-12-12 19:32:27,687 DEBUG - 11.226ms,commonrequest:call:DONE
2019-12-12 19:32:33,820 DEBUG - 8.590ms,commonrequest:getBlockNumber:DONE
2019-12-12 19:32:36,670 DEBUG - 4.638ms,commonrequest:call:DONE
2019-12-12 19:32:45,299 DEBUG - 5.338ms,commonrequest:getBlockNumber:DONE
2019-12-12 19:32:48,789 DEBUG - 6.092ms,commonrequest:call:DONE
2019-12-12 19:32:53,504 DEBUG - 4.489ms,commonrequest:getBlockNumber:DONE
2019-12-12 19:32:56,871 DEBUG - 6.158ms,commonrequest:call:DONE
2019-12-12 19:37:18,951 DEBUG - 39.354ms,commonrequest:getBlockNumber:DONE
2019-12-12 19:37:22,287 DEBUG - 13.249ms,commonrequest:call:DONE
2019-12-12 19:55:27,818 DEBUG - 32.499ms,commonrequest:getBlockNumber:DONE
2019-12-12 19:55:31,412 DEBUG - 6.603ms,commonrequest:call:DONE
2019-12-12 19:56:14,445 DEBUG - 6.323ms,commonrequest:getBlockNumber:DONE
2019-12-12 19:56:17,617 DEBUG - 10.736ms,commonrequest:call:DONE
2019-12-12 19:56:25,717 DEBUG - 6.678ms,commonrequest:getBlockNumber:DONE
2019-12-12 19:56:28,472 DEBUG - 6.751ms,commonrequest:call:DONE
2019-12-12 19:57:51,551 DEBUG - 35.113ms,commonrequest:getBlockNumber:DONE
2019-12-12 19:57:54,901 DEBUG - 12.305ms,commonrequest:call:DONE
2019-12-12 19:58:11,903 DEBUG - 4.959ms,commonrequest:getBlockNumber:DONE
2019-12-12 19:58:15,190 DEBUG - 7.573ms,commonrequest:call:DONE
2019-12-12 20:00:02,309 DEBUG - 48.671ms,commonrequest:getBlockNumber:DONE
2019-12-12 20:00:05,408 DEBUG - 5.268ms,commonrequest:call:DONE
2019-12-12 20:00:18,623 DEBUG - 8.445ms,commonrequest:getBlockNumber:DONE
2019-12-12 20:00:21,533 DEBUG - 7.128ms,commonrequest:call:DONE
2019-12-12 20:04:18,030 DEBUG - 7.425ms,commonrequest:getBlockNumber:DONE
2019-12-12 20:04:20,944 DEBUG - 5.361ms,commonrequest:call:DONE
2019-12-12 20:04:21,334 DEBUG - 9.017ms,commonrequest:getBlockNumber:DONE
2019-12-12 20:04:23,867 DEBUG - 4.373ms,commonrequest:call:DONE
2019-12-12 20:20:34,158 DEBUG - 29.831ms,commonrequest:getBlockNumber:DONE
2019-12-12 20:20:36,883 DEBUG - 5.801ms,commonrequest:call:DONE
2019-12-12 20:21:05,628 DEBUG - 8.268ms,commonrequest:getBlockNumber:DONE
2019-12-12 20:21:08,343 DEBUG - 5.502ms,commonrequest:call:DONE
2019-12-12 20:25:55,383 DEBUG - 38.104ms,commonrequest:getBlockNumber:DONE
2019-12-12 20:25:57,962 DEBUG - 5.735ms,commonrequest:call:DONE
2019-12-12 20:35:39,196 DEBUG - 31.287ms,commonrequest:getBlockNumber:DONE
2019-12-12 20:37:08,729 DEBUG - 28.425ms,commonrequest:getBlockNumber:DONE
2019-12-12 20:37:11,384 DEBUG - 7.018ms,commonrequest:call:DONE
2019-12-12 20:39:06,015 DEBUG - 3.331ms,commonrequest:getBlockNumber:DONE
2019-12-12 20:41:18,301 DEBUG - 12.039ms,commonrequest:getBlockNumber:DONE
2019-12-12 20:41:20,872 DEBUG - 5.800ms,commonrequest:call:DONE
2019-12-12 20:41:21,087 DEBUG - 3.771ms,commonrequest:getBlockNumber:DONE
2019-12-12 20:43:39,933 DEBUG - 24.225ms,commonrequest:getBlockNumber:DONE
2019-12-12 20:43:42,391 DEBUG - 4.464ms,commonrequest:call:DONE
2019-12-12 20:43:43,415 DEBUG - 3.096ms,commonrequest:getBlockNumber:DONE
2019-12-12 20:43:45,796 DEBUG - 268.428ms,commonrequest:sendRawTransaction:DONE
2019-12-12 20:44:36,506 DEBUG - 6.344ms,commonrequest:getBlockNumber:DONE
2019-12-12 20:44:38,766 DEBUG - 9.130ms,commonrequest:call:DONE
2019-12-12 20:46:20,407 DEBUG - 20.146ms,commonrequest:getBlockNumber:DONE
2019-12-12 20:46:23,211 DEBUG - 13.752ms,commonrequest:call:DONE
2019-12-12 20:46:24,425 DEBUG - 3.915ms,commonrequest:getBlockNumber:DONE
2019-12-12 20:46:26,865 DEBUG - 207.725ms,commonrequest:sendRawTransaction:DONE
2019-12-12 20:48:27,462 DEBUG - 53.967ms,commonrequest:getBlockNumber:DONE
2019-12-12 20:48:30,282 DEBUG - 4.888ms,commonrequest:call:DONE
2019-12-12 20:48:31,508 DEBUG - 2.764ms,commonrequest:getBlockNumber:DONE
2019-12-12 20:48:34,069 DEBUG - 182.883ms,commonrequest:sendRawTransaction:DONE
2019-12-12 20:49:10,862 DEBUG - 3.364ms,commonrequest:getBlockNumber:DONE
2019-12-12 20:49:13,436 DEBUG - 3.850ms,commonrequest:call:DONE
2019-12-12 20:50:12,808 DEBUG - 3.457ms,commonrequest:getBlockNumber:DONE
2019-12-12 20:50:47,719 DEBUG - 9.094ms,commonrequest:getBlockNumber:DONE
2019-12-12 20:50:50,072 DEBUG - 5.455ms,commonrequest:call:DONE
2019-12-12 20:50:50,283 DEBUG - 2.896ms,commonrequest:getBlockNumber:DONE
2019-12-12 20:50:52,622 DEBUG - 70.955ms,commonrequest:sendRawTransaction:DONE
2019-12-12 20:53:05,287 DEBUG - 26.689ms,commonrequest:getBlockNumber:DONE
2019-12-12 20:53:07,753 DEBUG - 6.773ms,commonrequest:call:DONE
2019-12-12 20:53:07,889 DEBUG - 120.550ms,commonrequest:sendRawTransaction:DONE
2019-12-12 20:53:38,214 DEBUG - 5.574ms,commonrequest:getBlockNumber:DONE
2019-12-12 20:53:40,556 DEBUG - 4.137ms,commonrequest:call:DONE
2019-12-12 20:53:46,254 DEBUG - 3.707ms,commonrequest:getBlockNumber:DONE
2019-12-12 20:53:48,711 DEBUG - 5.711ms,commonrequest:call:DONE
2019-12-12 21:07:10,062 DEBUG - 18.990ms,commonrequest:getBlockNumber:DONE
2019-12-12 21:07:13,248 DEBUG - 592.865ms,commonrequest:sendRawTransaction:DONE
2019-12-12 21:07:24,409 DEBUG - 10.050ms,commonrequest:getBlockNumber:DONE
2019-12-12 21:07:35,744 DEBUG - 3.028ms,commonrequest:getBlockNumber:DONE
2019-12-12 21:07:38,335 DEBUG - 48.187ms,commonrequest:sendRawTransaction:DONE
2019-12-12 21:07:44,371 DEBUG - 13.052ms,commonrequest:getBlockNumber:DONE
2019-12-12 21:07:46,821 DEBUG - 5.829ms,commonrequest:call:DONE
2019-12-12 21:17:36,426 DEBUG - 49.088ms,commonrequest:getBlockNumber:DONE
2019-12-12 21:17:43,329 DEBUG - 4.286ms,commonrequest:getBlockNumber:DONE
2019-12-12 21:19:49,287 DEBUG - 28.756ms,commonrequest:getBlockNumber:DONE
2019-12-13 16:17:47,301 DEBUG - 88.811ms,commonrequest:getBlockNumber:DONE
2019-12-13 16:17:58,309 DEBUG - 3.059ms,commonrequest:getBlockNumber:DONE
2019-12-13 16:18:00,095 DEBUG - 3.596ms,commonrequest:getBlockNumber:DONE
2019-12-13 16:18:16,570 DEBUG - 3.282ms,commonrequest:getBlockNumber:DONE
2019-12-13 16:23:00,839 DEBUG - 2.828ms,commonrequest:getBlockNumber:DONE
2019-12-13 16:53:01,889 DEBUG - 25.267ms,commonrequest:getBlockNumber:DONE
2019-12-13 16:56:04,538 DEBUG - 81.739ms,commonrequest:getBlockNumber:DONE
2019-12-13 16:56:08,355 DEBUG - 19.898ms,commonrequest:call:DONE
2019-12-13 16:57:15,107 DEBUG - 5.420ms,commonrequest:getBlockNumber:DONE
2019-12-13 16:57:17,554 DEBUG - 5.271ms,commonrequest:call:DONE
2019-12-13 16:57:56,152 DEBUG - 2.697ms,commonrequest:getBlockNumber:DONE
2019-12-13 16:57:58,666 DEBUG - 4.291ms,commonrequest:call:DONE
2019-12-13 16:58:31,228 DEBUG - 24.491ms,commonrequest:getBlockNumber:DONE
2019-12-13 16:58:33,789 DEBUG - 4.714ms,commonrequest:call:DONE
2019-12-13 16:59:11,746 DEBUG - 43.171ms,commonrequest:getBlockNumber:DONE
2019-12-13 16:59:14,720 DEBUG - 3.670ms,commonrequest:call:DONE
2019-12-13 17:02:09,497 DEBUG - 25.004ms,commonrequest:getBlockNumber:DONE
2019-12-13 17:02:18,093 DEBUG - 4.996ms,commonrequest:getBlockNumber:DONE
2019-12-13 17:02:20,405 DEBUG - 9.882ms,commonrequest:call:DONE
2019-12-13 17:04:39,503 DEBUG - 40.320ms,commonrequest:getBlockNumber:DONE
2019-12-13 17:04:45,278 DEBUG - 17.252ms,commonrequest:getBlockNumber:DONE
2019-12-13 17:04:49,091 DEBUG - 851.395ms,commonrequest:sendRawTransaction:DONE
2019-12-13 17:04:49,639 DEBUG - 527.874ms,commonrequest:sendRawTransaction:DONE
2019-12-13 17:06:12,717 DEBUG - 54.698ms,commonrequest:getBlockNumber:DONE
2019-12-13 17:06:17,849 DEBUG - 29.672ms,commonrequest:getBlockNumber:DONE
2019-12-13 17:06:21,325 DEBUG - 80.894ms,commonrequest:sendRawTransaction:DONE
2019-12-13 17:06:21,847 DEBUG - 494.435ms,commonrequest:sendRawTransaction:DONE
2019-12-13 17:15:13,382 DEBUG - 54.134ms,commonrequest:getBlockNumber:DONE
2019-12-13 17:15:22,640 DEBUG - 3.679ms,commonrequest:getBlockNumber:DONE
2019-12-13 17:15:24,988 DEBUG - 7.135ms,commonrequest:call:DONE
2019-12-13 17:15:49,387 DEBUG - 8.974ms,commonrequest:getBlockNumber:DONE
2019-12-13 17:15:51,809 DEBUG - 8.016ms,commonrequest:call:DONE
2019-12-13 17:16:00,176 DEBUG - 4.911ms,commonrequest:getBlockNumber:DONE
2019-12-13 17:16:02,558 DEBUG - 4.408ms,commonrequest:call:DONE
2019-12-13 17:16:14,199 DEBUG - 11.231ms,commonrequest:getBlockNumber:DONE
2019-12-13 17:16:16,675 DEBUG - 7.516ms,commonrequest:call:DONE
2019-12-13 18:50:07,629 DEBUG - 93.282ms,commonrequest:getBlockNumber:DONE
2019-12-13 18:50:18,042 DEBUG - 8.106ms,commonrequest:getBlockNumber:DONE
2019-12-13 18:50:20,609 DEBUG - 14.086ms,commonrequest:call:DONE
2019-12-13 18:50:53,196 DEBUG - 10.916ms,commonrequest:getBlockNumber:DONE
2019-12-13 18:51:10,734 DEBUG - 8.758ms,commonrequest:getBlockNumber:DONE
2019-12-13 18:51:13,717 DEBUG - 15.694ms,commonrequest:call:DONE
2019-12-13 18:52:45,347 DEBUG - 4.124ms,commonrequest:getBlockNumber:DONE
2019-12-13 18:54:45,263 DEBUG - 3.314ms,commonrequest:getBlockNumber:DONE
2019-12-13 18:54:48,196 DEBUG - 387.667ms,commonrequest:sendRawTransaction:DONE
2019-12-13 18:55:02,266 DEBUG - 13.487ms,commonrequest:getBlockNumber:DONE
2019-12-13 18:55:04,715 DEBUG - 5.591ms,commonrequest:call:DONE
2019-12-13 18:57:52,107 DEBUG - 24.572ms,commonrequest:getBlockNumber:DONE
2019-12-13 18:57:54,091 DEBUG - 3.335ms,commonrequest:call:DONE
2019-12-13 18:58:03,786 DEBUG - 28.001ms,commonrequest:getBlockNumber:DONE
2019-12-13 18:58:05,944 DEBUG - 10.590ms,commonrequest:call:DONE
2019-12-13 19:02:15,072 DEBUG - 19.900ms,commonrequest:getBlockNumber:DONE
2019-12-13 19:02:17,074 DEBUG - 2.879ms,commonrequest:call:DONE
2019-12-13 19:02:20,765 DEBUG - 35.541ms,commonrequest:getBlockNumber:DONE
2019-12-13 19:02:22,999 DEBUG - 3.765ms,commonrequest:call:DONE
