[2019-12-10 11:32:45] Initializing...
FISCO-BCOS Version : 2.1.0
Build Time         : 20190923 13:22:09
Build Type         : Linux/clang/Release
Git Branch         : HEAD
Git Commit Hash    : cb68124d4fbf3df563a57dfff5f0c6eedc1419cc
[2019-12-10 11:32:45] The FISCO-BCOS is running...
[2019-12-10 21:36:32] Initializing...
FISCO-BCOS Version : 2.1.0
Build Time         : 20190923 13:22:09
Build Type         : Linux/clang/Release
Git Branch         : HEAD
Git Commit Hash    : cb68124d4fbf3df563a57dfff5f0c6eedc1419cc
[2019-12-10 21:36:32] The FISCO-BCOS is running...
[2019-12-10 23:33:11] FISCO-BCOS program exit normally.
[2019-12-11 11:36:44] Initializing...
FISCO-BCOS Version : 2.1.0
Build Time         : 20190923 13:22:09
Build Type         : Linux/clang/Release
Git Branch         : HEAD
Git Commit Hash    : cb68124d4fbf3df563a57dfff5f0c6eedc1419cc
[2019-12-11 11:36:45] The FISCO-BCOS is running...
[2019-12-11 12:26:48] FISCO-BCOS program exit normally.
[2019-12-11 14:53:45] Initializing...
FISCO-BCOS Version : 2.1.0
Build Time         : 20190923 13:22:09
Build Type         : Linux/clang/Release
Git Branch         : HEAD
Git Commit Hash    : cb68124d4fbf3df563a57dfff5f0c6eedc1419cc
[2019-12-11 14:53:45] The FISCO-BCOS is running...
[2019-12-11 19:06:23] Initializing...
FISCO-BCOS Version : 2.1.0
Build Time         : 20190923 13:22:09
Build Type         : Linux/clang/Release
Git Branch         : HEAD
Git Commit Hash    : cb68124d4fbf3df563a57dfff5f0c6eedc1419cc
[2019-12-11 19:06:23] The FISCO-BCOS is running...
[2019-12-12 00:11:09] FISCO-BCOS program exit normally.
[2019-12-12 00:17:17] Initializing...
FISCO-BCOS Version : 2.1.0
Build Time         : 20190923 13:22:09
Build Type         : Linux/clang/Release
Git Branch         : HEAD
Git Commit Hash    : cb68124d4fbf3df563a57dfff5f0c6eedc1419cc
[2019-12-12 00:17:17] The FISCO-BCOS is running...
[2019-12-12 00:24:17] FISCO-BCOS program exit normally.
[2019-12-12 09:42:40] Initializing...
FISCO-BCOS Version : 2.1.0
Build Time         : 20190923 13:22:09
Build Type         : Linux/clang/Release
Git Branch         : HEAD
Git Commit Hash    : cb68124d4fbf3df563a57dfff5f0c6eedc1419cc
[2019-12-12 09:42:41] The FISCO-BCOS is running...
[2019-12-12 19:04:14] Initializing...
FISCO-BCOS Version : 2.1.0
Build Time         : 20190923 13:22:09
Build Type         : Linux/clang/Release
Git Branch         : HEAD
Git Commit Hash    : cb68124d4fbf3df563a57dfff5f0c6eedc1419cc
[2019-12-12 19:04:14] The FISCO-BCOS is running...
[2019-12-12 19:31:07] Initializing...
FISCO-BCOS Version : 2.1.0
Build Time         : 20190923 13:22:09
Build Type         : Linux/clang/Release
Git Branch         : HEAD
Git Commit Hash    : cb68124d4fbf3df563a57dfff5f0c6eedc1419cc
[2019-12-12 19:31:07] The FISCO-BCOS is running...
[2019-12-12 22:01:53] Initializing...
FISCO-BCOS Version : 2.1.0
Build Time         : 20190923 13:22:09
Build Type         : Linux/clang/Release
Git Branch         : HEAD
Git Commit Hash    : cb68124d4fbf3df563a57dfff5f0c6eedc1419cc
[2019-12-12 22:01:53] The FISCO-BCOS is running...
[2019-12-13 16:14:36] Initializing...
FISCO-BCOS Version : 2.1.0
Build Time         : 20190923 13:22:09
Build Type         : Linux/clang/Release
Git Branch         : HEAD
Git Commit Hash    : cb68124d4fbf3df563a57dfff5f0c6eedc1419cc
[2019-12-13 16:14:36] The FISCO-BCOS is running...
[2019-12-13 18:44:53] Initializing...
FISCO-BCOS Version : 2.1.0
Build Time         : 20190923 13:22:09
Build Type         : Linux/clang/Release
Git Branch         : HEAD
Git Commit Hash    : cb68124d4fbf3df563a57dfff5f0c6eedc1419cc
[2019-12-13 18:44:53] The FISCO-BCOS is running...
[2019-12-13 20:56:34] Initializing...
FISCO-BCOS Version : 2.1.0
Build Time         : 20190923 13:22:09
Build Type         : Linux/clang/Release
Git Branch         : HEAD
Git Commit Hash    : cb68124d4fbf3df563a57dfff5f0c6eedc1419cc
[2019-12-13 20:56:34] The FISCO-BCOS is running...
[2019-12-13 20:57:43] FISCO-BCOS program exit normally.
[2019-12-13 21:06:40] Initializing...
FISCO-BCOS Version : 2.1.0
Build Time         : 20190923 13:22:09
Build Type         : Linux/clang/Release
Git Branch         : HEAD
Git Commit Hash    : cb68124d4fbf3df563a57dfff5f0c6eedc1419cc
[2019-12-13 21:06:40] The FISCO-BCOS is running...
[2019-12-13 22:48:49] Initializing...
FISCO-BCOS Version : 2.1.0
Build Time         : 20190923 13:22:09
Build Type         : Linux/clang/Release
Git Branch         : HEAD
Git Commit Hash    : cb68124d4fbf3df563a57dfff5f0c6eedc1419cc
[2019-12-13 22:48:49] The FISCO-BCOS is running...
[2019-12-13 23:25:50] FISCO-BCOS program exit normally.
[2019-12-13 23:27:31] Initializing...
FISCO-BCOS Version : 2.1.0
Build Time         : 20190923 13:22:09
Build Type         : Linux/clang/Release
Git Branch         : HEAD
Git Commit Hash    : cb68124d4fbf3df563a57dfff5f0c6eedc1419cc
[2019-12-13 23:27:31] The FISCO-BCOS is running...
[2019-12-13 23:28:35] FISCO-BCOS program exit normally.
[2019-12-13 23:29:01] Initializing...
FISCO-BCOS Version : 2.1.0
Build Time         : 20190923 13:22:09
Build Type         : Linux/clang/Release
Git Branch         : HEAD
Git Commit Hash    : cb68124d4fbf3df563a57dfff5f0c6eedc1419cc
[2019-12-13 23:29:01] The FISCO-BCOS is running...
[2019-12-13 23:30:54] FISCO-BCOS program exit normally.
[2019-12-13 23:31:23] Initializing...
FISCO-BCOS Version : 2.1.0
Build Time         : 20190923 13:22:09
Build Type         : Linux/clang/Release
Git Branch         : HEAD
Git Commit Hash    : cb68124d4fbf3df563a57dfff5f0c6eedc1419cc
[2019-12-13 23:31:23] The FISCO-BCOS is running...
