info|2019-12-12 23:14:27.636994|[g:1][CONSENSUS]addRawPrepare,height=169,reqIdx=0,hash=0ae5acde...
info|2019-12-12 23:14:27.637702|[g:1][CONSENSUS][PBFT]checkTimeout Succ,view=984,toView=985,nodeIdx=1,changeCycle=0,myNode=666cc18d...,timecost=0.544
info|2019-12-12 23:14:27.831391|[g:1][CONSENSUS][PBFT]checkAndChangeView: Reach consensus,org_view=984,org_changeCycle=0,cur_changeCycle=0,to_view=985
info|2019-12-12 23:14:28.831571|[g:1][CONSENSUS][SEALER]++++++++++++++++ Generating seal on,blkNum=169,tx=0,nodeIdx=1,hash=04180e79...
info|2019-12-12 23:14:28.845713|[g:1][CONSENSUS][PBFT]checkTimeout Succ,view=985,toView=986,nodeIdx=1,changeCycle=0,myNode=666cc18d...,timecost=1.02
info|2019-12-12 23:14:28.852931|[g:1][CONSENSUS][PBFT]checkAndChangeView: Reach consensus,org_view=985,org_changeCycle=0,cur_changeCycle=0,to_view=986
info|2019-12-12 23:14:29.859176|[g:1][CONSENSUS]addRawPrepare,height=169,reqIdx=2,hash=1780a21b...
info|2019-12-12 23:14:29.859803|[g:1][CONSENSUS][PBFT]checkTimeout Succ,view=986,toView=987,nodeIdx=1,changeCycle=0,myNode=666cc18d...,timecost=0.377
info|2019-12-12 23:14:29.869764|[g:1][CONSENSUS][PBFT]checkAndChangeView: Reach consensus,org_view=986,org_changeCycle=0,cur_changeCycle=0,to_view=987
info|2019-12-12 23:14:30.880066|[g:1][CONSENSUS]addRawPrepare,height=169,reqIdx=3,hash=e355cc6b...
info|2019-12-12 23:14:30.882640|[g:1][CONSENSUS][PBFT]checkTimeout Succ,view=987,toView=988,nodeIdx=1,changeCycle=0,myNode=666cc18d...,timecost=2.288
info|2019-12-12 23:14:30.884612|[g:1][CONSENSUS][PBFT]checkAndChangeView: Reach consensus,org_view=987,org_changeCycle=0,cur_changeCycle=0,to_view=988
info|2019-12-12 23:14:31.015263|[P2P][Service] heartBeat,connected count=3
info|2019-12-12 23:14:31.885631|[g:1][CONSENSUS]addRawPrepare,height=169,reqIdx=0,hash=26ca65a6...
info|2019-12-12 23:14:31.886975|[g:1][CONSENSUS][PBFT]checkTimeout Succ,view=988,toView=989,nodeIdx=1,changeCycle=0,myNode=666cc18d...,timecost=0.265
info|2019-12-12 23:14:31.887796|[g:1][CONSENSUS][PBFT]checkAndChangeView: Reach consensus,org_view=988,org_changeCycle=0,cur_changeCycle=0,to_view=989
info|2019-12-12 23:14:32.887743|[g:1][CONSENSUS][SEALER]++++++++++++++++ Generating seal on,blkNum=169,tx=0,nodeIdx=1,hash=d8c23f4b...
info|2019-12-12 23:14:32.889177|[g:1][CONSENSUS][PBFT]checkTimeout Succ,view=989,toView=990,nodeIdx=1,changeCycle=0,myNode=666cc18d...,timecost=0.86
info|2019-12-12 23:14:32.904802|[g:1][CONSENSUS][PBFT]checkAndChangeView: Reach consensus,org_view=989,org_changeCycle=0,cur_changeCycle=0,to_view=990
info|2019-12-12 23:14:33.904997|[g:1][CONSENSUS]addRawPrepare,height=169,reqIdx=2,hash=3a8bd527...
info|2019-12-12 23:14:33.905666|[g:1][CONSENSUS][PBFT]checkTimeout Succ,view=990,toView=991,nodeIdx=1,changeCycle=0,myNode=666cc18d...,timecost=0.484
info|2019-12-12 23:14:33.916602|[g:1][CONSENSUS][PBFT]checkAndChangeView: Reach consensus,org_view=990,org_changeCycle=0,cur_changeCycle=0,to_view=991
info|2019-12-12 23:14:34.938332|[g:1][CONSENSUS]addRawPrepare,height=169,reqIdx=3,hash=b9a5324a...
info|2019-12-12 23:14:34.945717|[g:1][CONSENSUS][PBFT]checkTimeout Succ,view=991,toView=992,nodeIdx=1,changeCycle=0,myNode=666cc18d...,timecost=1.702
info|2019-12-12 23:14:34.964640|[g:1][CONSENSUS][PBFT]checkAndChangeView: Reach consensus,org_view=991,org_changeCycle=0,cur_changeCycle=0,to_view=992
info|2019-12-12 23:14:35.944681|[g:1][CONSENSUS]addRawPrepare,height=169,reqIdx=0,hash=6b949863...
info|2019-12-12 23:14:35.945484|[g:1][CONSENSUS][PBFT]checkTimeout Succ,view=992,toView=993,nodeIdx=1,changeCycle=0,myNode=666cc18d...,timecost=0.542
info|2019-12-12 23:14:35.956907|[g:1][CONSENSUS][PBFT]checkAndChangeView: Reach consensus,org_view=992,org_changeCycle=0,cur_changeCycle=0,to_view=993
info|2019-12-12 23:14:36.958327|[g:1][CONSENSUS][SEALER]++++++++++++++++ Generating seal on,blkNum=169,tx=0,nodeIdx=1,hash=81130d38...
info|2019-12-12 23:14:36.967956|[g:1][CONSENSUS][PBFT]checkTimeout Succ,view=993,toView=994,nodeIdx=1,changeCycle=0,myNode=666cc18d...,timecost=0.529
info|2019-12-12 23:14:36.972131|[g:1][CONSENSUS][PBFT]checkAndChangeView: Reach consensus,org_view=993,org_changeCycle=0,cur_changeCycle=0,to_view=994
info|2019-12-12 23:14:37.974770|[g:1][CONSENSUS]addRawPrepare,height=169,reqIdx=2,hash=988ad602...
info|2019-12-12 23:14:37.975216|[g:1][CONSENSUS][PBFT]checkTimeout Succ,view=994,toView=995,nodeIdx=1,changeCycle=0,myNode=666cc18d...,timecost=0.389
info|2019-12-12 23:14:37.980005|[g:1][CONSENSUS][PBFT]checkAndChangeView: Reach consensus,org_view=994,org_changeCycle=0,cur_changeCycle=0,to_view=995
info|2019-12-12 23:14:38.989606|[g:1][CONSENSUS]addRawPrepare,height=169,reqIdx=3,hash=8c7d108f...
info|2019-12-12 23:14:39.009479|[g:1][CONSENSUS][PBFT]checkTimeout Succ,view=995,toView=996,nodeIdx=1,changeCycle=0,myNode=666cc18d...,timecost=12.788
info|2019-12-12 23:14:39.020696|[g:1][CONSENSUS][PBFT]checkAndChangeView: Reach consensus,org_view=995,org_changeCycle=0,cur_changeCycle=0,to_view=996
info|2019-12-12 23:14:40.016830|[g:1][CONSENSUS]addRawPrepare,height=169,reqIdx=0,hash=e0292f02...
info|2019-12-12 23:14:40.017378|[g:1][CONSENSUS][PBFT]checkTimeout Succ,view=996,toView=997,nodeIdx=1,changeCycle=0,myNode=666cc18d...,timecost=0.386
info|2019-12-12 23:14:40.031971|[g:1][CONSENSUS][PBFT]checkAndChangeView: Reach consensus,org_view=996,org_changeCycle=0,cur_changeCycle=0,to_view=997
info|2019-12-12 23:14:41.016071|[P2P][Service] heartBeat,connected count=3
info|2019-12-12 23:14:41.032028|[g:1][CONSENSUS][SEALER]++++++++++++++++ Generating seal on,blkNum=169,tx=0,nodeIdx=1,hash=82634ab5...
info|2019-12-12 23:14:41.033294|[g:1][CONSENSUS][PBFT]checkTimeout Succ,view=997,toView=998,nodeIdx=1,changeCycle=0,myNode=666cc18d...,timecost=0.55
info|2019-12-12 23:14:41.072977|[g:1][CONSENSUS][PBFT]checkAndChangeView: Reach consensus,org_view=997,org_changeCycle=0,cur_changeCycle=0,to_view=998
info|2019-12-12 23:14:42.082124|[g:1][CONSENSUS]addRawPrepare,height=169,reqIdx=2,hash=6816ce8c...
info|2019-12-12 23:14:42.087408|[g:1][CONSENSUS][PBFT]checkTimeout Succ,view=998,toView=999,nodeIdx=1,changeCycle=0,myNode=666cc18d...,timecost=4.947
info|2019-12-12 23:14:42.090154|[g:1][CONSENSUS][PBFT]checkAndChangeView: Reach consensus,org_view=998,org_changeCycle=0,cur_changeCycle=0,to_view=999
info|2019-12-12 23:14:43.102065|[g:1][CONSENSUS]addRawPrepare,height=169,reqIdx=3,hash=fdce0686...
info|2019-12-12 23:14:43.107727|[g:1][CONSENSUS][PBFT]checkTimeout Succ,view=999,toView=1000,nodeIdx=1,changeCycle=0,myNode=666cc18d...,timecost=2.248
info|2019-12-12 23:14:43.111350|[g:1][CONSENSUS][PBFT]checkAndChangeView: Reach consensus,org_view=999,org_changeCycle=0,cur_changeCycle=0,to_view=1000
info|2019-12-12 23:14:44.105810|[g:1][CONSENSUS]addRawPrepare,height=169,reqIdx=0,hash=b577f11f...
info|2019-12-12 23:14:44.109182|[g:1][CONSENSUS][PBFT]checkTimeout Succ,view=1000,toView=1001,nodeIdx=1,changeCycle=0,myNode=666cc18d...,timecost=1.645
info|2019-12-12 23:14:44.112526|[g:1][CONSENSUS][PBFT]checkAndChangeView: Reach consensus,org_view=1000,org_changeCycle=0,cur_changeCycle=0,to_view=1001
info|2019-12-12 23:14:45.113202|[g:1][CONSENSUS][SEALER]++++++++++++++++ Generating seal on,blkNum=169,tx=0,nodeIdx=1,hash=f356b90e...
info|2019-12-12 23:14:45.121216|[g:1][CONSENSUS][PBFT]checkTimeout Succ,view=1001,toView=1002,nodeIdx=1,changeCycle=0,myNode=666cc18d...,timecost=0.746
info|2019-12-12 23:14:45.122586|[g:1][CONSENSUS][PBFT]checkAndChangeView: Reach consensus,org_view=1001,org_changeCycle=0,cur_changeCycle=0,to_view=1002
info|2019-12-12 23:14:46.128124|[g:1][CONSENSUS]addRawPrepare,height=169,reqIdx=2,hash=8e46c490...
info|2019-12-12 23:14:46.129256|[g:1][CONSENSUS][PBFT]checkTimeout Succ,view=1002,toView=1003,nodeIdx=1,changeCycle=0,myNode=666cc18d...,timecost=0.96
info|2019-12-12 23:14:46.145927|[g:1][CONSENSUS][PBFT]checkAndChangeView: Reach consensus,org_view=1002,org_changeCycle=0,cur_changeCycle=0,to_view=1003
info|2019-12-12 23:14:47.151215|[g:1][CONSENSUS]addRawPrepare,height=169,reqIdx=3,hash=7bda446b...
info|2019-12-12 23:14:47.151853|[g:1][CONSENSUS][PBFT]checkTimeout Succ,view=1003,toView=1004,nodeIdx=1,changeCycle=0,myNode=666cc18d...,timecost=0.408
info|2019-12-12 23:14:47.162778|[g:1][CONSENSUS][PBFT]checkAndChangeView: Reach consensus,org_view=1003,org_changeCycle=0,cur_changeCycle=0,to_view=1004
info|2019-12-12 23:14:48.166572|[g:1][CONSENSUS]addRawPrepare,height=169,reqIdx=0,hash=5a1b803a...
info|2019-12-12 23:14:48.166888|[g:1][CONSENSUS][PBFT]checkTimeout Succ,view=1004,toView=1005,nodeIdx=1,changeCycle=0,myNode=666cc18d...,timecost=0.27
info|2019-12-12 23:14:48.170235|[g:1][CONSENSUS][PBFT]checkAndChangeView: Reach consensus,org_view=1004,org_changeCycle=0,cur_changeCycle=0,to_view=1005
info|2019-12-12 23:14:49.174055|[g:1][CONSENSUS][SEALER]++++++++++++++++ Generating seal on,blkNum=169,tx=0,nodeIdx=1,hash=7f88b0f7...
info|2019-12-12 23:14:49.181760|[g:1][CONSENSUS][PBFT]checkTimeout Succ,view=1005,toView=1006,nodeIdx=1,changeCycle=0,myNode=666cc18d...,timecost=0.76
info|2019-12-12 23:14:49.196145|[g:1][CONSENSUS][PBFT]checkAndChangeView: Reach consensus,org_view=1005,org_changeCycle=0,cur_changeCycle=0,to_view=1006
info|2019-12-12 23:14:50.189938|[g:1][CONSENSUS]addRawPrepare,height=169,reqIdx=2,hash=37d57649...
info|2019-12-12 23:14:50.193281|[g:1][CONSENSUS][PBFT]checkTimeout Succ,view=1006,toView=1007,nodeIdx=1,changeCycle=0,myNode=666cc18d...,timecost=3.216
info|2019-12-12 23:14:50.197353|[g:1][CONSENSUS][PBFT]checkAndChangeView: Reach consensus,org_view=1006,org_changeCycle=0,cur_changeCycle=0,to_view=1007
