info|2019-12-13 23:29:01.307660|[INITIALIZER][initGlobalConfig],enableCompress=true,compatibilityVersion=2.1.0,versionNumber=33619968,chainId=1
info|2019-12-13 23:29:01.347505|[NETWORK][Host]Connecting to node,endpoint=127.0.0.1:30300
info|2019-12-13 23:29:01.352315|[NETWORK][Host]P2P StartAccept,Host=0.0.0.0:30302
info|2019-12-13 23:29:01.352406|[NETWORK][Host]P2P Recv Connect, From=127.0.0.1:52286
info|2019-12-13 23:29:01.352463|[NETWORK][Host]P2P StartAccept,Host=0.0.0.0:30302
info|2019-12-13 23:29:01.355628|[NETWORK][Host]Connecting to node,endpoint=127.0.0.1:30301
info|2019-12-13 23:29:01.355735|[NETWORK][Host]Connecting to node,endpoint=127.0.0.1:30302
info|2019-12-13 23:29:01.355869|[NETWORK][Host]Connecting to node,endpoint=127.0.0.1:30303
info|2019-12-13 23:29:01.355923|[P2P][Service] heartBeat,connected count=0
info|2019-12-13 23:29:01.356634|[CHANNEL]ChannelRPCServer started
info|2019-12-13 23:29:01.356654|[INITIALIZER][RPCInitializer]ChannelRPCHttpServer started.
info|2019-12-13 23:29:01.356718|[LedgerInitializer],groupConfigPath=conf/
info|2019-12-13 23:29:01.356845|[INITIALIZER][initSingleLedger] [GroupId]:  1
info|2019-12-13 23:29:01.356868|[g:1][LEDGER]LedgerConstructor,configPath=conf/group.1.genesis,baseDir=data//group1
info|2019-12-13 23:29:01.356874|[g:1][LEDGER][initGenesisConfig]initConsensusConfig/initDBConfig/initTxConfig,configFile=conf/group.1.genesis
info|2019-12-13 23:29:01.356934|[g:1][LEDGER][initConsensusConfig],it.first=35c59b3b23cdd1c2c2f57db1f1dbeaf983c49fe2187162e4b29c80d4ca15734cea9ea59bca8ca630d5e04b65d91ccd1857cd0631bfb516820a36d713c6f720e7
info|2019-12-13 23:29:01.356951|[g:1][LEDGER][initConsensusConfig],it.first=e6076d91034c5a4a09eaa51135257b589582ebe2067c84fc5753ec36b917a6422f4be67dbce7d190fba3c58ec93ab089271c4f34e2703e90561942be46352226
info|2019-12-13 23:29:01.356960|[g:1][LEDGER][initConsensusConfig],it.first=666cc18d0aa895e44c65d73acb4b2c7a88f18d67e97a92ea0d8d936e14a0810cbe594ff5acc64a124354bf37d12bfe1a25d5ba25471b8b5c06811657d4ecfb26
info|2019-12-13 23:29:01.356968|[g:1][LEDGER][initConsensusConfig],it.first=b57de52ba5760f320ba25d64044b4eaf606ca8856817cf545ab1f2bfe116f558b5d4687509c01e1f8fe3a72f8869b173ab1644091dd58a93f8e05d6e4952ec42
info|2019-12-13 23:29:01.357005|[g:1][LEDGER][initIniConfig]initTxPoolConfig/initSyncConfig/initTxExecuteConfig,configFile=conf/group.1.ini
info|2019-12-13 23:29:01.357093|[g:1][LEDGER][initLedger][DBInitializer]
info|2019-12-13 23:29:01.357110|[g:1][DBINITIALIZER] [initRocksDBStorage]
info|2019-12-13 23:29:01.357137|[g:1][ROCKSDB]open rocksDB handler
info|2019-12-13 23:29:01.364152|[NETWORK][ASIO]asyncResolveConnect,endpoint=127.0.0.1:30300
info|2019-12-13 23:29:01.364228|[NETWORK][ASIO]asyncResolveConnect,endpoint=127.0.0.1:30301
info|2019-12-13 23:29:01.364265|[NETWORK][ASIO]asyncResolveConnect,endpoint=127.0.0.1:30302
info|2019-12-13 23:29:01.364308|[NETWORK][ASIO]asyncResolveConnect,endpoint=127.0.0.1:30303
info|2019-12-13 23:29:01.364405|[NETWORK][Host]P2P Recv Connect, From=127.0.0.1:52294
info|2019-12-13 23:29:01.364487|[NETWORK][Host]P2P StartAccept,Host=0.0.0.0:30302
info|2019-12-13 23:29:01.373498|[NETWORK][Host]P2P Recv Connect, From=127.0.0.1:52302
info|2019-12-13 23:29:01.373626|[NETWORK][Host]P2P StartAccept,Host=0.0.0.0:30302
warning|2019-12-13 23:29:01.373898|[NETWORK][Host]TCP Connection refused by node,endpoint=127.0.0.1:30303,message=Connection refused
warning|2019-12-13 23:29:01.373981|[P2P][Service] onConnect,errorCode=5,what=Connect failed
info|2019-12-13 23:29:01.394827|[g:1][g:0][STORAGE][CachedStorage]Init flushStorage thread
info|2019-12-13 23:29:01.395391|[g:1][BLOCKCHAIN][#checkAndBuildGenesisBlock]Already have the 0th block, 0th groupMark is equal to file groupMark.
info|2019-12-13 23:29:01.441377|[P2P][Service] Connection established,nodeID=e6076d91...,endpoint=127.0.0.1:52294
info|2019-12-13 23:29:01.441426|[NETWORK][Host]startPeerSession, From=127.0.0.1:52294,nodeID=e6076d91...
info|2019-12-13 23:29:01.451064|[NETWORK][Host]startPeerSession, From=127.0.0.1:52302,nodeID=666cc18d...
info|2019-12-13 23:29:01.472187|[NETWORK][Host]startPeerSession, From=127.0.0.1:30302,nodeID=666cc18d...
info|2019-12-13 23:29:01.476216|[g:1][CONSENSUS][PBFT]Register handler for PBFTEngine
info|2019-12-13 23:29:01.476254|[g:1][CONSENSUS][PBFT],minBlockGenerationTime=500
info|2019-12-13 23:29:01.476272|[LedgerInitializer init group succ],groupID=1
info|2019-12-13 23:29:01.476701|[INITIALIZER][RPCInitializer]JsonrpcHttpServer started.
info|2019-12-13 23:29:01.476737|[g:1][LEDGER]startAll...
info|2019-12-13 23:29:01.477745|[g:1][CONSENSUS][PBFT]^^^^^^^^Report,num=188,sealerIdx=3,hash=677d7f4e...,next=189,tx=1,nodeIdx=1
info|2019-12-13 23:29:01.488421|[g:1][CONSENSUS][PBFT][PBFT init env successfully]
info|2019-12-13 23:29:01.488464|[g:1][CONSENSUS][ConsensusEngine][Start ConsensusEngineBase]
info|2019-12-13 23:29:01.491749|[NETWORK][Host]P2P Recv Connect, From=127.0.0.1:52310
info|2019-12-13 23:29:01.491798|[NETWORK][Host]P2P StartAccept,Host=0.0.0.0:30302
info|2019-12-13 23:29:01.491939|[NETWORK][Host]startPeerSession, From=127.0.0.1:30301,nodeID=e6076d91...
info|2019-12-13 23:29:01.492047|[P2P][Service] Connection established,nodeID=35c59b3b...,endpoint=127.0.0.1:52286
info|2019-12-13 23:29:01.492073|[NETWORK][Host]startPeerSession, From=127.0.0.1:52286,nodeID=35c59b3b...
info|2019-12-13 23:29:01.495677|[NETWORK][Host]startPeerSession, From=127.0.0.1:30300,nodeID=35c59b3b...
info|2019-12-13 23:29:01.497083|[g:1][CONSENSUS][PBFT][Start PBFTEngine...]
info|2019-12-13 23:29:01.497098|[g:1][CONSENSUS][SEALER][Start sealer module]
info|2019-12-13 23:29:01.498748|[g:1][EVENT][EventLogFilterManager]start,m_maxBlockRange=0,m_maxBlockPerLoopFilter=3
info|2019-12-13 23:29:01.501288|[NETWORK][Host]startPeerSession, From=127.0.0.1:52310,nodeID=b57de52b...
info|2019-12-13 23:29:01.501640|[P2P][Service] Connection established,nodeID=b57de52b...,endpoint=127.0.0.1:52310
warning|2019-12-13 23:29:01.667638|[SYNC][id:666cc18d...][Status]Peer data not found,nodeId=b57de52b...
info|2019-12-13 23:29:02.486216|[g:1][CONSENSUS]addRawPrepare,height=189,reqIdx=0,hash=e3d615ac...
info|2019-12-13 23:29:02.486630|[g:1][CONSENSUS][PBFT]checkTimeout Succ,view=0,toView=1,nodeIdx=1,changeCycle=0,myNode=666cc18d...,timecost=0.369
info|2019-12-13 23:29:02.488126|[g:1][CONSENSUS][PBFT]checkAndChangeView: Reach consensus,org_view=0,org_changeCycle=0,cur_changeCycle=0,to_view=1
info|2019-12-13 23:29:03.489566|[g:1][CONSENSUS][SEALER]++++++++++++++++ Generating seal on,blkNum=189,tx=0,nodeIdx=1,hash=3f471720...
info|2019-12-13 23:29:03.496244|[g:1][CONSENSUS][PBFT]checkTimeout Succ,view=1,toView=2,nodeIdx=1,changeCycle=0,myNode=666cc18d...,timecost=0.396
info|2019-12-13 23:29:03.497305|[g:1][CONSENSUS][PBFT]checkAndChangeView: Reach consensus,org_view=1,org_changeCycle=0,cur_changeCycle=0,to_view=2
info|2019-12-13 23:29:04.507234|[g:1][CONSENSUS]addRawPrepare,height=189,reqIdx=2,hash=c6cabe96...
info|2019-12-13 23:29:04.507645|[g:1][CONSENSUS][PBFT]checkTimeout Succ,view=2,toView=3,nodeIdx=1,changeCycle=0,myNode=666cc18d...,timecost=0.262
info|2019-12-13 23:29:04.510238|[g:1][CONSENSUS][PBFT]checkAndChangeView: Reach consensus,org_view=2,org_changeCycle=0,cur_changeCycle=0,to_view=3
info|2019-12-13 23:29:05.509398|[g:1][CONSENSUS]addRawPrepare,height=189,reqIdx=3,hash=75eef147...
info|2019-12-13 23:29:05.509986|[g:1][CONSENSUS][PBFT]checkTimeout Succ,view=3,toView=4,nodeIdx=1,changeCycle=0,myNode=666cc18d...,timecost=0.453
info|2019-12-13 23:29:05.513411|[g:1][CONSENSUS][PBFT]checkAndChangeView: Reach consensus,org_view=3,org_changeCycle=0,cur_changeCycle=0,to_view=4
info|2019-12-13 23:29:06.531372|[g:1][CONSENSUS]addRawPrepare,height=189,reqIdx=0,hash=78951c23...
info|2019-12-13 23:29:06.531709|[g:1][CONSENSUS][PBFT]checkTimeout Succ,view=4,toView=5,nodeIdx=1,changeCycle=0,myNode=666cc18d...,timecost=0.243
info|2019-12-13 23:29:06.533132|[g:1][CONSENSUS][PBFT]checkAndChangeView: Reach consensus,org_view=4,org_changeCycle=0,cur_changeCycle=0,to_view=5
info|2019-12-13 23:29:07.542287|[g:1][CONSENSUS][SEALER]++++++++++++++++ Generating seal on,blkNum=189,tx=0,nodeIdx=1,hash=8d66faa9...
info|2019-12-13 23:29:07.548280|[g:1][CONSENSUS][PBFT]checkTimeout Succ,view=5,toView=6,nodeIdx=1,changeCycle=0,myNode=666cc18d...,timecost=0.767
info|2019-12-13 23:29:07.551691|[g:1][CONSENSUS][PBFT]checkAndChangeView: Reach consensus,org_view=5,org_changeCycle=0,cur_changeCycle=0,to_view=6
info|2019-12-13 23:29:08.557937|[g:1][CONSENSUS]addRawPrepare,height=189,reqIdx=2,hash=bf526d59...
info|2019-12-13 23:29:08.558470|[g:1][CONSENSUS][PBFT]checkTimeout Succ,view=6,toView=7,nodeIdx=1,changeCycle=0,myNode=666cc18d...,timecost=0.355
info|2019-12-13 23:29:08.563124|[g:1][CONSENSUS][PBFT]checkAndChangeView: Reach consensus,org_view=6,org_changeCycle=0,cur_changeCycle=0,to_view=7
info|2019-12-13 23:29:09.564673|[g:1][CONSENSUS]addRawPrepare,height=189,reqIdx=3,hash=681452af...
info|2019-12-13 23:29:09.569747|[g:1][CONSENSUS][PBFT]checkTimeout Succ,view=7,toView=8,nodeIdx=1,changeCycle=0,myNode=666cc18d...,timecost=3.86
info|2019-12-13 23:29:09.572092|[g:1][CONSENSUS][PBFT]checkAndChangeView: Reach consensus,org_view=7,org_changeCycle=0,cur_changeCycle=0,to_view=8
info|2019-12-13 23:29:10.573817|[g:1][CONSENSUS]addRawPrepare,height=189,reqIdx=0,hash=18d6d023...
info|2019-12-13 23:29:10.574383|[g:1][CONSENSUS][PBFT]checkTimeout Succ,view=8,toView=9,nodeIdx=1,changeCycle=0,myNode=666cc18d...,timecost=0.332
info|2019-12-13 23:29:10.578507|[g:1][CONSENSUS][PBFT]checkAndChangeView: Reach consensus,org_view=8,org_changeCycle=0,cur_changeCycle=0,to_view=9
info|2019-12-13 23:29:11.356146|[NETWORK][Host]Connecting to node,endpoint=127.0.0.1:30303
info|2019-12-13 23:29:11.356276|[P2P][Service] heartBeat,connected count=3
info|2019-12-13 23:29:11.356456|[NETWORK][ASIO]asyncResolveConnect,endpoint=127.0.0.1:30303
info|2019-12-13 23:29:11.368504|[NETWORK][Host]startPeerSession, From=127.0.0.1:30303,nodeID=b57de52b...
info|2019-12-13 23:29:11.579255|[g:1][CONSENSUS][SEALER]++++++++++++++++ Generating seal on,blkNum=189,tx=0,nodeIdx=1,hash=e5d7bcf1...
info|2019-12-13 23:29:11.584608|[g:1][CONSENSUS][PBFT]checkTimeout Succ,view=9,toView=10,nodeIdx=1,changeCycle=0,myNode=666cc18d...,timecost=0.509
info|2019-12-13 23:29:11.592391|[g:1][CONSENSUS][PBFT]checkAndChangeView: Reach consensus,org_view=9,org_changeCycle=0,cur_changeCycle=0,to_view=10
info|2019-12-13 23:29:12.598352|[g:1][CONSENSUS]addRawPrepare,height=189,reqIdx=2,hash=fa5aa9e2...
info|2019-12-13 23:29:12.598850|[g:1][CONSENSUS][PBFT]checkTimeout Succ,view=10,toView=11,nodeIdx=1,changeCycle=0,myNode=666cc18d...,timecost=0.313
info|2019-12-13 23:29:12.603488|[g:1][CONSENSUS][PBFT]checkAndChangeView: Reach consensus,org_view=10,org_changeCycle=0,cur_changeCycle=0,to_view=11
info|2019-12-13 23:29:13.607560|[g:1][CONSENSUS]addRawPrepare,height=189,reqIdx=3,hash=8a85cec6...
info|2019-12-13 23:29:13.608177|[g:1][CONSENSUS][PBFT]checkTimeout Succ,view=11,toView=12,nodeIdx=1,changeCycle=0,myNode=666cc18d...,timecost=0.461
info|2019-12-13 23:29:13.615889|[g:1][CONSENSUS][PBFT]checkAndChangeView: Reach consensus,org_view=11,org_changeCycle=0,cur_changeCycle=0,to_view=12
info|2019-12-13 23:29:14.617968|[g:1][CONSENSUS]addRawPrepare,height=189,reqIdx=0,hash=aa0a2249...
info|2019-12-13 23:29:14.619619|[g:1][CONSENSUS][PBFT]checkTimeout Succ,view=12,toView=13,nodeIdx=1,changeCycle=0,myNode=666cc18d...,timecost=1.47
info|2019-12-13 23:29:14.622762|[g:1][CONSENSUS][PBFT]checkAndChangeView: Reach consensus,org_view=12,org_changeCycle=0,cur_changeCycle=0,to_view=13
info|2019-12-13 23:29:15.622794|[g:1][CONSENSUS][SEALER]++++++++++++++++ Generating seal on,blkNum=189,tx=0,nodeIdx=1,hash=158f0e0a...
info|2019-12-13 23:29:15.623618|[g:1][CONSENSUS][PBFT]checkTimeout Succ,view=13,toView=14,nodeIdx=1,changeCycle=0,myNode=666cc18d...,timecost=0.405
info|2019-12-13 23:29:15.629866|[g:1][CONSENSUS][PBFT]checkAndChangeView: Reach consensus,org_view=13,org_changeCycle=0,cur_changeCycle=0,to_view=14
info|2019-12-13 23:29:16.630906|[g:1][CONSENSUS]addRawPrepare,height=189,reqIdx=2,hash=2653d8f6...
info|2019-12-13 23:29:16.631553|[g:1][CONSENSUS][PBFT]checkTimeout Succ,view=14,toView=15,nodeIdx=1,changeCycle=0,myNode=666cc18d...,timecost=0.295
info|2019-12-13 23:29:16.677213|[g:1][CONSENSUS][PBFT]checkAndChangeView: Reach consensus,org_view=14,org_changeCycle=0,cur_changeCycle=0,to_view=15
info|2019-12-13 23:29:17.640556|[g:1][CONSENSUS]addRawPrepare,height=189,reqIdx=3,hash=89d3a0ab...
info|2019-12-13 23:29:17.640971|[g:1][CONSENSUS][PBFT]checkTimeout Succ,view=15,toView=16,nodeIdx=1,changeCycle=0,myNode=666cc18d...,timecost=0.268
info|2019-12-13 23:29:17.644754|[g:1][CONSENSUS][PBFT]checkAndChangeView: Reach consensus,org_view=15,org_changeCycle=0,cur_changeCycle=0,to_view=16
info|2019-12-13 23:29:18.649544|[g:1][CONSENSUS]addRawPrepare,height=189,reqIdx=0,hash=4130af00...
info|2019-12-13 23:29:18.650709|[g:1][CONSENSUS][PBFT]checkTimeout Succ,view=16,toView=17,nodeIdx=1,changeCycle=0,myNode=666cc18d...,timecost=0.647
info|2019-12-13 23:29:18.655246|[g:1][CONSENSUS][PBFT]checkAndChangeView: Reach consensus,org_view=16,org_changeCycle=0,cur_changeCycle=0,to_view=17
info|2019-12-13 23:29:19.656507|[g:1][CONSENSUS][SEALER]++++++++++++++++ Generating seal on,blkNum=189,tx=0,nodeIdx=1,hash=c74efd67...
info|2019-12-13 23:29:19.661345|[g:1][CONSENSUS][PBFT]checkTimeout Succ,view=17,toView=18,nodeIdx=1,changeCycle=0,myNode=666cc18d...,timecost=0.258
info|2019-12-13 23:29:19.663853|[g:1][CONSENSUS][PBFT]checkAndChangeView: Reach consensus,org_view=17,org_changeCycle=0,cur_changeCycle=0,to_view=18
info|2019-12-13 23:29:20.673769|[g:1][CONSENSUS]addRawPrepare,height=189,reqIdx=2,hash=e63b837c...
info|2019-12-13 23:29:20.674230|[g:1][CONSENSUS][PBFT]checkTimeout Succ,view=18,toView=19,nodeIdx=1,changeCycle=0,myNode=666cc18d...,timecost=0.347
info|2019-12-13 23:29:20.677464|[g:1][CONSENSUS][PBFT]checkAndChangeView: Reach consensus,org_view=18,org_changeCycle=0,cur_changeCycle=0,to_view=19
info|2019-12-13 23:29:21.356559|[P2P][Service] heartBeat,connected count=3
info|2019-12-13 23:29:21.691396|[g:1][CONSENSUS]addRawPrepare,height=189,reqIdx=3,hash=6c48b010...
info|2019-12-13 23:29:21.692166|[g:1][CONSENSUS][PBFT]checkTimeout Succ,view=19,toView=20,nodeIdx=1,changeCycle=0,myNode=666cc18d...,timecost=0.651
info|2019-12-13 23:29:21.701893|[g:1][CONSENSUS][PBFT]checkAndChangeView: Reach consensus,org_view=19,org_changeCycle=0,cur_changeCycle=0,to_view=20
info|2019-12-13 23:29:22.697305|[g:1][CONSENSUS]addRawPrepare,height=189,reqIdx=0,hash=9da64771...
info|2019-12-13 23:29:22.700685|[g:1][CONSENSUS][PBFT]checkTimeout Succ,view=20,toView=21,nodeIdx=1,changeCycle=0,myNode=666cc18d...,timecost=1.689
info|2019-12-13 23:29:22.709234|[g:1][CONSENSUS][PBFT]checkAndChangeView: Reach consensus,org_view=20,org_changeCycle=0,cur_changeCycle=0,to_view=21
info|2019-12-13 23:29:23.710041|[g:1][CONSENSUS][SEALER]++++++++++++++++ Generating seal on,blkNum=189,tx=0,nodeIdx=1,hash=c7be8895...
info|2019-12-13 23:29:23.727597|[g:1][CONSENSUS][PBFT]checkTimeout Succ,view=21,toView=22,nodeIdx=1,changeCycle=0,myNode=666cc18d...,timecost=12.252
info|2019-12-13 23:29:23.728150|[g:1][CONSENSUS][PBFT]checkAndChangeView: Reach consensus,org_view=21,org_changeCycle=0,cur_changeCycle=0,to_view=22
info|2019-12-13 23:29:24.725863|[g:1][CONSENSUS]addRawPrepare,height=189,reqIdx=2,hash=9d82b055...
info|2019-12-13 23:29:24.740042|[g:1][CONSENSUS][PBFT]checkTimeout Succ,view=22,toView=23,nodeIdx=1,changeCycle=0,myNode=666cc18d...,timecost=14.01
info|2019-12-13 23:29:24.774409|[g:1][CONSENSUS][PBFT]checkAndChangeView: Reach consensus,org_view=22,org_changeCycle=0,cur_changeCycle=0,to_view=23
info|2019-12-13 23:29:25.750004|[g:1][CONSENSUS]addRawPrepare,height=189,reqIdx=3,hash=41e268be...
info|2019-12-13 23:29:25.750436|[g:1][CONSENSUS][PBFT]checkTimeout Succ,view=23,toView=24,nodeIdx=1,changeCycle=0,myNode=666cc18d...,timecost=0.324
info|2019-12-13 23:29:25.754679|[g:1][CONSENSUS][PBFT]checkAndChangeView: Reach consensus,org_view=23,org_changeCycle=0,cur_changeCycle=0,to_view=24
info|2019-12-13 23:29:26.776310|[g:1][CONSENSUS]addRawPrepare,height=189,reqIdx=0,hash=a1e8d4bd...
info|2019-12-13 23:29:26.781991|[g:1][CONSENSUS][PBFT]checkTimeout Succ,view=24,toView=25,nodeIdx=1,changeCycle=0,myNode=666cc18d...,timecost=4.999
info|2019-12-13 23:29:26.785527|[g:1][CONSENSUS][PBFT]checkAndChangeView: Reach consensus,org_view=24,org_changeCycle=0,cur_changeCycle=0,to_view=25
info|2019-12-13 23:29:27.793907|[g:1][CONSENSUS][SEALER]++++++++++++++++ Generating seal on,blkNum=189,tx=0,nodeIdx=1,hash=382a6c0f...
info|2019-12-13 23:29:27.798431|[g:1][CONSENSUS][PBFT]checkTimeout Succ,view=25,toView=26,nodeIdx=1,changeCycle=0,myNode=666cc18d...,timecost=0.236
info|2019-12-13 23:29:27.798872|[g:1][CONSENSUS][PBFT]checkAndChangeView: Reach consensus,org_view=25,org_changeCycle=0,cur_changeCycle=0,to_view=26
info|2019-12-13 23:29:28.805094|[g:1][CONSENSUS]addRawPrepare,height=189,reqIdx=2,hash=286f7208...
info|2019-12-13 23:29:28.808598|[g:1][CONSENSUS][PBFT]checkTimeout Succ,view=26,toView=27,nodeIdx=1,changeCycle=0,myNode=666cc18d...,timecost=3.267
info|2019-12-13 23:29:28.811319|[g:1][CONSENSUS][PBFT]checkAndChangeView: Reach consensus,org_view=26,org_changeCycle=0,cur_changeCycle=0,to_view=27
info|2019-12-13 23:29:29.814739|[g:1][CONSENSUS]addRawPrepare,height=189,reqIdx=3,hash=a48c0962...
info|2019-12-13 23:29:29.815375|[g:1][CONSENSUS][PBFT]checkTimeout Succ,view=27,toView=28,nodeIdx=1,changeCycle=0,myNode=666cc18d...,timecost=0.542
info|2019-12-13 23:29:29.819142|[g:1][CONSENSUS][PBFT]checkAndChangeView: Reach consensus,org_view=27,org_changeCycle=0,cur_changeCycle=0,to_view=28
info|2019-12-13 23:29:30.824283|[g:1][CONSENSUS]addRawPrepare,height=189,reqIdx=0,hash=70bdb726...
info|2019-12-13 23:29:30.833520|[g:1][CONSENSUS][PBFT]checkTimeout Succ,view=28,toView=29,nodeIdx=1,changeCycle=0,myNode=666cc18d...,timecost=8.403
info|2019-12-13 23:29:30.844837|[g:1][CONSENSUS][PBFT]checkAndChangeView: Reach consensus,org_view=28,org_changeCycle=0,cur_changeCycle=0,to_view=29
info|2019-12-13 23:29:31.357250|[P2P][Service] heartBeat,connected count=3
info|2019-12-13 23:29:31.851920|[g:1][CONSENSUS][SEALER]++++++++++++++++ Generating seal on,blkNum=189,tx=0,nodeIdx=1,hash=49358815...
info|2019-12-13 23:29:31.855399|[g:1][CONSENSUS][PBFT]checkTimeout Succ,view=29,toView=30,nodeIdx=1,changeCycle=0,myNode=666cc18d...,timecost=2.897
info|2019-12-13 23:29:31.877808|[g:1][CONSENSUS][PBFT]checkAndChangeView: Reach consensus,org_view=29,org_changeCycle=0,cur_changeCycle=0,to_view=30
info|2019-12-13 23:29:32.873854|[g:1][CONSENSUS]addRawPrepare,height=189,reqIdx=2,hash=437b4f79...
info|2019-12-13 23:29:32.874570|[g:1][CONSENSUS][PBFT]checkTimeout Succ,view=30,toView=31,nodeIdx=1,changeCycle=0,myNode=666cc18d...,timecost=0.419
info|2019-12-13 23:29:32.882186|[g:1][CONSENSUS][PBFT]checkAndChangeView: Reach consensus,org_view=30,org_changeCycle=0,cur_changeCycle=0,to_view=31
info|2019-12-13 23:29:33.886127|[g:1][CONSENSUS]addRawPrepare,height=189,reqIdx=3,hash=e038cd9e...
info|2019-12-13 23:29:33.886478|[g:1][CONSENSUS][PBFT]checkTimeout Succ,view=31,toView=32,nodeIdx=1,changeCycle=0,myNode=666cc18d...,timecost=0.239
info|2019-12-13 23:29:33.890267|[g:1][CONSENSUS][PBFT]checkAndChangeView: Reach consensus,org_view=31,org_changeCycle=0,cur_changeCycle=0,to_view=32
info|2019-12-13 23:29:34.900794|[g:1][CONSENSUS]addRawPrepare,height=189,reqIdx=0,hash=9a4c56b3...
info|2019-12-13 23:29:34.901519|[g:1][CONSENSUS][PBFT]checkTimeout Succ,view=32,toView=33,nodeIdx=1,changeCycle=0,myNode=666cc18d...,timecost=0.524
info|2019-12-13 23:29:34.903343|[g:1][CONSENSUS][PBFT]checkAndChangeView: Reach consensus,org_view=32,org_changeCycle=0,cur_changeCycle=0,to_view=33
info|2019-12-13 23:29:35.907129|[g:1][CONSENSUS][SEALER]++++++++++++++++ Generating seal on,blkNum=189,tx=0,nodeIdx=1,hash=725f3846...
info|2019-12-13 23:29:35.916644|[g:1][CONSENSUS][PBFT]checkTimeout Succ,view=33,toView=34,nodeIdx=1,changeCycle=0,myNode=666cc18d...,timecost=8.427
info|2019-12-13 23:29:35.918447|[g:1][CONSENSUS][PBFT]checkAndChangeView: Reach consensus,org_view=33,org_changeCycle=0,cur_changeCycle=0,to_view=34
info|2019-12-13 23:29:36.916230|[g:1][CONSENSUS]addRawPrepare,height=189,reqIdx=2,hash=f90be9d8...
info|2019-12-13 23:29:36.916557|[g:1][CONSENSUS][PBFT]checkTimeout Succ,view=34,toView=35,nodeIdx=1,changeCycle=0,myNode=666cc18d...,timecost=0.228
info|2019-12-13 23:29:36.931198|[g:1][CONSENSUS][PBFT]checkAndChangeView: Reach consensus,org_view=34,org_changeCycle=0,cur_changeCycle=0,to_view=35
info|2019-12-13 23:29:37.935409|[g:1][CONSENSUS]addRawPrepare,height=189,reqIdx=3,hash=3e7f9d32...
info|2019-12-13 23:29:37.937726|[g:1][CONSENSUS][PBFT]checkTimeout Succ,view=35,toView=36,nodeIdx=1,changeCycle=0,myNode=666cc18d...,timecost=1.786
info|2019-12-13 23:29:37.940017|[g:1][CONSENSUS][PBFT]checkAndChangeView: Reach consensus,org_view=35,org_changeCycle=0,cur_changeCycle=0,to_view=36
info|2019-12-13 23:29:38.944786|[g:1][CONSENSUS]addRawPrepare,height=189,reqIdx=0,hash=e2c74ffe...
info|2019-12-13 23:29:38.945266|[g:1][CONSENSUS][PBFT]checkTimeout Succ,view=36,toView=37,nodeIdx=1,changeCycle=0,myNode=666cc18d...,timecost=0.345
info|2019-12-13 23:29:38.950016|[g:1][CONSENSUS][PBFT]checkAndChangeView: Reach consensus,org_view=36,org_changeCycle=0,cur_changeCycle=0,to_view=37
info|2019-12-13 23:29:39.950302|[g:1][CONSENSUS][SEALER]++++++++++++++++ Generating seal on,blkNum=189,tx=0,nodeIdx=1,hash=6ce4d7f6...
info|2019-12-13 23:29:39.957179|[g:1][CONSENSUS][PBFT]checkTimeout Succ,view=37,toView=38,nodeIdx=1,changeCycle=0,myNode=666cc18d...,timecost=0.717
info|2019-12-13 23:29:39.960982|[g:1][CONSENSUS][PBFT]checkAndChangeView: Reach consensus,org_view=37,org_changeCycle=0,cur_changeCycle=0,to_view=38
info|2019-12-13 23:29:40.962265|[g:1][CONSENSUS]addRawPrepare,height=189,reqIdx=2,hash=46e34a39...
info|2019-12-13 23:29:40.963062|[g:1][CONSENSUS][PBFT]checkTimeout Succ,view=38,toView=39,nodeIdx=1,changeCycle=0,myNode=666cc18d...,timecost=0.574
info|2019-12-13 23:29:40.979089|[g:1][CONSENSUS][PBFT]checkAndChangeView: Reach consensus,org_view=38,org_changeCycle=0,cur_changeCycle=0,to_view=39
info|2019-12-13 23:29:41.357631|[P2P][Service] heartBeat,connected count=3
info|2019-12-13 23:29:41.489560|[NETWORK][Session]Received topic: [1	_block_notify_1] from 35c59b3b23cdd1c2c2f57db1f1dbeaf983c49fe2187162e4b29c80d4ca15734cea9ea59bca8ca630d5e04b65d91ccd1857cd0631bfb516820a36d713c6f720e7
info|2019-12-13 23:29:41.987383|[g:1][CONSENSUS]addRawPrepare,height=189,reqIdx=3,hash=233e8666...
info|2019-12-13 23:29:41.987767|[g:1][CONSENSUS][PBFT]checkTimeout Succ,view=39,toView=40,nodeIdx=1,changeCycle=0,myNode=666cc18d...,timecost=0.248
info|2019-12-13 23:29:41.992305|[g:1][CONSENSUS][PBFT]checkAndChangeView: Reach consensus,org_view=39,org_changeCycle=0,cur_changeCycle=0,to_view=40
info|2019-12-13 23:29:43.007107|[g:1][CONSENSUS]addRawPrepare,height=189,reqIdx=0,hash=02629301...
info|2019-12-13 23:29:43.011120|[g:1][CONSENSUS][PBFT]checkTimeout Succ,view=40,toView=41,nodeIdx=1,changeCycle=0,myNode=666cc18d...,timecost=1.303
info|2019-12-13 23:29:43.013950|[g:1][CONSENSUS][PBFT]checkAndChangeView: Reach consensus,org_view=40,org_changeCycle=0,cur_changeCycle=0,to_view=41
info|2019-12-13 23:29:44.014363|[g:1][CONSENSUS][SEALER]++++++++++++++++ Generating seal on,blkNum=189,tx=0,nodeIdx=1,hash=5a972d5d...
info|2019-12-13 23:29:44.025365|[g:1][CONSENSUS][PBFT]checkTimeout Succ,view=41,toView=42,nodeIdx=1,changeCycle=0,myNode=666cc18d...,timecost=0.68
info|2019-12-13 23:29:44.026569|[g:1][CONSENSUS][PBFT]checkAndChangeView: Reach consensus,org_view=41,org_changeCycle=0,cur_changeCycle=0,to_view=42
info|2019-12-13 23:29:45.034681|[g:1][CONSENSUS]addRawPrepare,height=189,reqIdx=2,hash=3600b766...
info|2019-12-13 23:29:45.035182|[g:1][CONSENSUS][PBFT]checkTimeout Succ,view=42,toView=43,nodeIdx=1,changeCycle=0,myNode=666cc18d...,timecost=0.381
info|2019-12-13 23:29:45.039342|[g:1][CONSENSUS][PBFT]checkAndChangeView: Reach consensus,org_view=42,org_changeCycle=0,cur_changeCycle=0,to_view=43
info|2019-12-13 23:29:46.048205|[g:1][CONSENSUS]addRawPrepare,height=189,reqIdx=3,hash=acbcd14b...
info|2019-12-13 23:29:46.057915|[g:1][CONSENSUS][PBFT]checkTimeout Succ,view=43,toView=44,nodeIdx=1,changeCycle=0,myNode=666cc18d...,timecost=9.475
info|2019-12-13 23:29:46.062062|[g:1][CONSENSUS][PBFT]checkAndChangeView: Reach consensus,org_view=43,org_changeCycle=0,cur_changeCycle=0,to_view=44
info|2019-12-13 23:29:46.491547|[NETWORK][Session]Received topic: [2] from 35c59b3b23cdd1c2c2f57db1f1dbeaf983c49fe2187162e4b29c80d4ca15734cea9ea59bca8ca630d5e04b65d91ccd1857cd0631bfb516820a36d713c6f720e7
info|2019-12-13 23:29:47.066355|[g:1][CONSENSUS]addRawPrepare,height=189,reqIdx=0,hash=97cd1a5a...
info|2019-12-13 23:29:47.075362|[g:1][CONSENSUS][PBFT]checkTimeout Succ,view=44,toView=45,nodeIdx=1,changeCycle=0,myNode=666cc18d...,timecost=8.327
info|2019-12-13 23:29:47.082087|[g:1][CONSENSUS][PBFT]checkAndChangeView: Reach consensus,org_view=44,org_changeCycle=0,cur_changeCycle=0,to_view=45
info|2019-12-13 23:29:48.082776|[g:1][CONSENSUS][SEALER]++++++++++++++++ Generating seal on,blkNum=189,tx=0,nodeIdx=1,hash=2a41ce7b...
info|2019-12-13 23:29:48.089511|[g:1][CONSENSUS][PBFT]checkTimeout Succ,view=45,toView=46,nodeIdx=1,changeCycle=0,myNode=666cc18d...,timecost=0.522
info|2019-12-13 23:29:48.090005|[g:1][CONSENSUS][PBFT]checkAndChangeView: Reach consensus,org_view=45,org_changeCycle=0,cur_changeCycle=0,to_view=46
info|2019-12-13 23:29:49.110217|[g:1][CONSENSUS]addRawPrepare,height=189,reqIdx=2,hash=cdca2a9d...
info|2019-12-13 23:29:49.112686|[g:1][CONSENSUS][PBFT]checkTimeout Succ,view=46,toView=47,nodeIdx=1,changeCycle=0,myNode=666cc18d...,timecost=1.114
info|2019-12-13 23:29:49.114412|[g:1][CONSENSUS][PBFT]checkAndChangeView: Reach consensus,org_view=46,org_changeCycle=0,cur_changeCycle=0,to_view=47
info|2019-12-13 23:29:50.104297|[g:1][CONSENSUS]addRawPrepare,height=189,reqIdx=3,hash=c5c81e77...
info|2019-12-13 23:29:50.104702|[g:1][CONSENSUS][PBFT]checkTimeout Succ,view=47,toView=48,nodeIdx=1,changeCycle=0,myNode=666cc18d...,timecost=0.269
info|2019-12-13 23:29:50.109030|[g:1][CONSENSUS][PBFT]checkAndChangeView: Reach consensus,org_view=47,org_changeCycle=0,cur_changeCycle=0,to_view=48
info|2019-12-13 23:29:51.111400|[g:1][CONSENSUS]addRawPrepare,height=189,reqIdx=0,hash=640ceb63...
info|2019-12-13 23:29:51.111793|[g:1][CONSENSUS][PBFT]checkTimeout Succ,view=48,toView=49,nodeIdx=1,changeCycle=0,myNode=666cc18d...,timecost=0.254
info|2019-12-13 23:29:51.117127|[g:1][CONSENSUS][PBFT]checkAndChangeView: Reach consensus,org_view=48,org_changeCycle=0,cur_changeCycle=0,to_view=49
info|2019-12-13 23:29:51.357892|[P2P][Service] heartBeat,connected count=3
info|2019-12-13 23:29:52.118319|[g:1][CONSENSUS][SEALER]++++++++++++++++ Generating seal on,blkNum=189,tx=0,nodeIdx=1,hash=758c0a0b...
info|2019-12-13 23:29:52.120014|[g:1][CONSENSUS][PBFT]checkTimeout Succ,view=49,toView=50,nodeIdx=1,changeCycle=0,myNode=666cc18d...,timecost=0.391
info|2019-12-13 23:29:52.124465|[g:1][CONSENSUS][PBFT]checkAndChangeView: Reach consensus,org_view=49,org_changeCycle=0,cur_changeCycle=0,to_view=50
info|2019-12-13 23:29:53.166665|[g:1][CONSENSUS]addRawPrepare,height=189,reqIdx=2,hash=7a7b932c...
info|2019-12-13 23:29:53.167006|[g:1][CONSENSUS][PBFT]checkTimeout Succ,view=50,toView=51,nodeIdx=1,changeCycle=0,myNode=666cc18d...,timecost=0.242
info|2019-12-13 23:29:53.170395|[g:1][CONSENSUS][PBFT]checkAndChangeView: Reach consensus,org_view=50,org_changeCycle=0,cur_changeCycle=0,to_view=51
info|2019-12-13 23:29:54.190423|[g:1][CONSENSUS]addRawPrepare,height=189,reqIdx=3,hash=2ad34258...
info|2019-12-13 23:29:54.191319|[g:1][CONSENSUS][PBFT]checkTimeout Succ,view=51,toView=52,nodeIdx=1,changeCycle=0,myNode=666cc18d...,timecost=0.78
info|2019-12-13 23:29:54.192125|[g:1][CONSENSUS][PBFT]checkAndChangeView: Reach consensus,org_view=51,org_changeCycle=0,cur_changeCycle=0,to_view=52
info|2019-12-13 23:29:55.220199|[g:1][CONSENSUS]addRawPrepare,height=189,reqIdx=0,hash=8cb9402b...
info|2019-12-13 23:29:55.220720|[g:1][CONSENSUS][PBFT]checkTimeout Succ,view=52,toView=53,nodeIdx=1,changeCycle=0,myNode=666cc18d...,timecost=0.364
info|2019-12-13 23:29:55.237044|[g:1][CONSENSUS][PBFT]checkAndChangeView: Reach consensus,org_view=52,org_changeCycle=0,cur_changeCycle=0,to_view=53
info|2019-12-13 23:29:56.237911|[g:1][CONSENSUS][SEALER]++++++++++++++++ Generating seal on,blkNum=189,tx=0,nodeIdx=1,hash=b4c04479...
info|2019-12-13 23:29:56.246610|[g:1][CONSENSUS][PBFT]checkTimeout Succ,view=53,toView=54,nodeIdx=1,changeCycle=0,myNode=666cc18d...,timecost=1.01
info|2019-12-13 23:29:56.259208|[g:1][CONSENSUS][PBFT]checkAndChangeView: Reach consensus,org_view=53,org_changeCycle=0,cur_changeCycle=0,to_view=54
info|2019-12-13 23:29:57.265550|[g:1][CONSENSUS]addRawPrepare,height=189,reqIdx=2,hash=3a89e1f2...
info|2019-12-13 23:29:57.270127|[g:1][CONSENSUS][PBFT]checkTimeout Succ,view=54,toView=55,nodeIdx=1,changeCycle=0,myNode=666cc18d...,timecost=4.282
info|2019-12-13 23:29:57.295162|[g:1][CONSENSUS][PBFT]checkAndChangeView: Reach consensus,org_view=54,org_changeCycle=0,cur_changeCycle=0,to_view=55
info|2019-12-13 23:29:58.291338|[g:1][CONSENSUS]addRawPrepare,height=189,reqIdx=3,hash=57904c3a...
info|2019-12-13 23:29:58.292108|[g:1][CONSENSUS][PBFT]checkTimeout Succ,view=55,toView=56,nodeIdx=1,changeCycle=0,myNode=666cc18d...,timecost=0.493
info|2019-12-13 23:29:58.297615|[g:1][CONSENSUS][PBFT]checkAndChangeView: Reach consensus,org_view=55,org_changeCycle=0,cur_changeCycle=0,to_view=56
info|2019-12-13 23:29:59.308962|[g:1][CONSENSUS]addRawPrepare,height=189,reqIdx=0,hash=285a8fbe...
info|2019-12-13 23:29:59.309644|[g:1][CONSENSUS][PBFT]checkTimeout Succ,view=56,toView=57,nodeIdx=1,changeCycle=0,myNode=666cc18d...,timecost=0.453
info|2019-12-13 23:29:59.326243|[g:1][CONSENSUS][PBFT]checkAndChangeView: Reach consensus,org_view=56,org_changeCycle=0,cur_changeCycle=0,to_view=57
info|2019-12-13 23:30:00.336634|[g:1][CONSENSUS][SEALER]++++++++++++++++ Generating seal on,blkNum=189,tx=0,nodeIdx=1,hash=bb91b1b1...
info|2019-12-13 23:30:00.337349|[g:1][CONSENSUS][PBFT]checkTimeout Succ,view=57,toView=58,nodeIdx=1,changeCycle=0,myNode=666cc18d...,timecost=0.342
info|2019-12-13 23:30:00.360638|[g:1][CONSENSUS][PBFT]checkAndChangeView: Reach consensus,org_view=57,org_changeCycle=0,cur_changeCycle=0,to_view=58
info|2019-12-13 23:30:01.346139|[g:1][CONSENSUS]addRawPrepare,height=189,reqIdx=2,hash=bbb44c4f...
info|2019-12-13 23:30:01.349257|[g:1][CONSENSUS][PBFT]checkTimeout Succ,view=58,toView=59,nodeIdx=1,changeCycle=0,myNode=666cc18d...,timecost=2.922
info|2019-12-13 23:30:01.356580|[g:1][CONSENSUS][PBFT]checkAndChangeView: Reach consensus,org_view=58,org_changeCycle=0,cur_changeCycle=0,to_view=59
info|2019-12-13 23:30:01.364857|[P2P][Service] heartBeat,connected count=3
info|2019-12-13 23:30:02.362642|[g:1][CONSENSUS]addRawPrepare,height=189,reqIdx=3,hash=d591aee2...
info|2019-12-13 23:30:02.397808|[g:1][CONSENSUS][PBFT]checkTimeout Succ,view=59,toView=60,nodeIdx=1,changeCycle=0,myNode=666cc18d...,timecost=22.599
info|2019-12-13 23:30:02.413090|[g:1][CONSENSUS][PBFT]checkAndChangeView: Reach consensus,org_view=59,org_changeCycle=0,cur_changeCycle=0,to_view=60
info|2019-12-13 23:30:03.401915|[g:1][CONSENSUS]addRawPrepare,height=189,reqIdx=0,hash=0cd4cf73...
info|2019-12-13 23:30:03.408948|[g:1][CONSENSUS][PBFT]checkTimeout Succ,view=60,toView=61,nodeIdx=1,changeCycle=0,myNode=666cc18d...,timecost=6.815
info|2019-12-13 23:30:03.409912|[g:1][CONSENSUS][PBFT]checkAndChangeView: Reach consensus,org_view=60,org_changeCycle=0,cur_changeCycle=0,to_view=61
info|2019-12-13 23:30:04.410295|[g:1][CONSENSUS][SEALER]++++++++++++++++ Generating seal on,blkNum=189,tx=0,nodeIdx=1,hash=7e79469d...
info|2019-12-13 23:30:04.411523|[g:1][CONSENSUS][PBFT]checkTimeout Succ,view=61,toView=62,nodeIdx=1,changeCycle=0,myNode=666cc18d...,timecost=0.32
info|2019-12-13 23:30:04.421561|[g:1][CONSENSUS][PBFT]checkAndChangeView: Reach consensus,org_view=61,org_changeCycle=0,cur_changeCycle=0,to_view=62
info|2019-12-13 23:30:05.433662|[g:1][CONSENSUS]addRawPrepare,height=189,reqIdx=2,hash=1b523ca9...
info|2019-12-13 23:30:05.434204|[g:1][CONSENSUS][PBFT]checkTimeout Succ,view=62,toView=63,nodeIdx=1,changeCycle=0,myNode=666cc18d...,timecost=0.399
info|2019-12-13 23:30:05.438911|[g:1][CONSENSUS][PBFT]checkAndChangeView: Reach consensus,org_view=62,org_changeCycle=0,cur_changeCycle=0,to_view=63
info|2019-12-13 23:30:06.447913|[g:1][CONSENSUS]addRawPrepare,height=189,reqIdx=3,hash=9bba545e...
info|2019-12-13 23:30:06.451177|[g:1][CONSENSUS][PBFT]checkTimeout Succ,view=63,toView=64,nodeIdx=1,changeCycle=0,myNode=666cc18d...,timecost=0.586
info|2019-12-13 23:30:06.451995|[g:1][CONSENSUS][PBFT]checkAndChangeView: Reach consensus,org_view=63,org_changeCycle=0,cur_changeCycle=0,to_view=64
info|2019-12-13 23:30:07.455651|[g:1][CONSENSUS]addRawPrepare,height=189,reqIdx=0,hash=5044d254...
info|2019-12-13 23:30:07.456213|[g:1][CONSENSUS][PBFT]checkTimeout Succ,view=64,toView=65,nodeIdx=1,changeCycle=0,myNode=666cc18d...,timecost=0.436
info|2019-12-13 23:30:07.457756|[g:1][CONSENSUS][PBFT]checkAndChangeView: Reach consensus,org_view=64,org_changeCycle=0,cur_changeCycle=0,to_view=65
info|2019-12-13 23:30:08.458751|[g:1][CONSENSUS][SEALER]++++++++++++++++ Generating seal on,blkNum=189,tx=0,nodeIdx=1,hash=e930af17...
info|2019-12-13 23:30:08.461517|[g:1][CONSENSUS][PBFT]checkTimeout Succ,view=65,toView=66,nodeIdx=1,changeCycle=0,myNode=666cc18d...,timecost=0.297
info|2019-12-13 23:30:08.467488|[g:1][CONSENSUS][PBFT]checkAndChangeView: Reach consensus,org_view=65,org_changeCycle=0,cur_changeCycle=0,to_view=66
info|2019-12-13 23:30:09.471604|[g:1][CONSENSUS]addRawPrepare,height=189,reqIdx=2,hash=3b427df1...
info|2019-12-13 23:30:09.472311|[g:1][CONSENSUS][PBFT]checkTimeout Succ,view=66,toView=67,nodeIdx=1,changeCycle=0,myNode=666cc18d...,timecost=0.543
info|2019-12-13 23:30:09.487534|[g:1][CONSENSUS][PBFT]checkAndChangeView: Reach consensus,org_view=66,org_changeCycle=0,cur_changeCycle=0,to_view=67
info|2019-12-13 23:30:10.488898|[g:1][CONSENSUS]addRawPrepare,height=189,reqIdx=3,hash=38ef09a6...
info|2019-12-13 23:30:10.493166|[g:1][CONSENSUS][PBFT]checkTimeout Succ,view=67,toView=68,nodeIdx=1,changeCycle=0,myNode=666cc18d...,timecost=0.296
info|2019-12-13 23:30:10.494212|[g:1][CONSENSUS][PBFT]checkAndChangeView: Reach consensus,org_view=67,org_changeCycle=0,cur_changeCycle=0,to_view=68
info|2019-12-13 23:30:11.365112|[P2P][Service] heartBeat,connected count=3
info|2019-12-13 23:30:11.501041|[g:1][CONSENSUS]addRawPrepare,height=189,reqIdx=0,hash=f114f71c...
info|2019-12-13 23:30:11.502144|[g:1][CONSENSUS][PBFT]checkTimeout Succ,view=68,toView=69,nodeIdx=1,changeCycle=0,myNode=666cc18d...,timecost=0.662
info|2019-12-13 23:30:11.512002|[g:1][CONSENSUS][PBFT]checkAndChangeView: Reach consensus,org_view=68,org_changeCycle=0,cur_changeCycle=0,to_view=69
info|2019-12-13 23:30:12.513407|[g:1][CONSENSUS][SEALER]++++++++++++++++ Generating seal on,blkNum=189,tx=0,nodeIdx=1,hash=7cc6eb97...
info|2019-12-13 23:30:12.516920|[g:1][CONSENSUS][PBFT]checkTimeout Succ,view=69,toView=70,nodeIdx=1,changeCycle=0,myNode=666cc18d...,timecost=0.262
info|2019-12-13 23:30:12.517973|[g:1][CONSENSUS][PBFT]checkAndChangeView: Reach consensus,org_view=69,org_changeCycle=0,cur_changeCycle=0,to_view=70
info|2019-12-13 23:30:13.521341|[g:1][CONSENSUS]addRawPrepare,height=189,reqIdx=2,hash=d474894b...
info|2019-12-13 23:30:13.528768|[g:1][CONSENSUS][PBFT]checkTimeout Succ,view=70,toView=71,nodeIdx=1,changeCycle=0,myNode=666cc18d...,timecost=1.903
info|2019-12-13 23:30:13.534564|[g:1][CONSENSUS][PBFT]checkAndChangeView: Reach consensus,org_view=70,org_changeCycle=0,cur_changeCycle=0,to_view=71
info|2019-12-13 23:30:14.535425|[g:1][CONSENSUS]addRawPrepare,height=189,reqIdx=3,hash=492a309a...
info|2019-12-13 23:30:14.535809|[g:1][CONSENSUS][PBFT]checkTimeout Succ,view=71,toView=72,nodeIdx=1,changeCycle=0,myNode=666cc18d...,timecost=0.319
info|2019-12-13 23:30:14.542271|[g:1][CONSENSUS][PBFT]checkAndChangeView: Reach consensus,org_view=71,org_changeCycle=0,cur_changeCycle=0,to_view=72
info|2019-12-13 23:30:15.544736|[g:1][CONSENSUS]addRawPrepare,height=189,reqIdx=0,hash=48b1fd8c...
info|2019-12-13 23:30:15.549391|[g:1][CONSENSUS][PBFT]checkTimeout Succ,view=72,toView=73,nodeIdx=1,changeCycle=0,myNode=666cc18d...,timecost=4.494
info|2019-12-13 23:30:15.551602|[g:1][CONSENSUS][PBFT]checkAndChangeView: Reach consensus,org_view=72,org_changeCycle=0,cur_changeCycle=0,to_view=73
info|2019-12-13 23:30:16.554206|[g:1][CONSENSUS][SEALER]++++++++++++++++ Generating seal on,blkNum=189,tx=0,nodeIdx=1,hash=a313a497...
info|2019-12-13 23:30:16.557705|[g:1][CONSENSUS][PBFT]checkTimeout Succ,view=73,toView=74,nodeIdx=1,changeCycle=0,myNode=666cc18d...,timecost=0.389
info|2019-12-13 23:30:16.573443|[g:1][CONSENSUS][PBFT]checkAndChangeView: Reach consensus,org_view=73,org_changeCycle=0,cur_changeCycle=0,to_view=74
info|2019-12-13 23:30:17.579544|[g:1][CONSENSUS]addRawPrepare,height=189,reqIdx=2,hash=613ddf50...
info|2019-12-13 23:30:17.580471|[g:1][CONSENSUS][PBFT]checkTimeout Succ,view=74,toView=75,nodeIdx=1,changeCycle=0,myNode=666cc18d...,timecost=0.647
info|2019-12-13 23:30:17.584749|[g:1][CONSENSUS][PBFT]checkAndChangeView: Reach consensus,org_view=74,org_changeCycle=0,cur_changeCycle=0,to_view=75
info|2019-12-13 23:30:18.588509|[g:1][CONSENSUS]addRawPrepare,height=189,reqIdx=3,hash=5b654d07...
info|2019-12-13 23:30:18.591854|[g:1][CONSENSUS][PBFT]checkTimeout Succ,view=75,toView=76,nodeIdx=1,changeCycle=0,myNode=666cc18d...,timecost=0.488
info|2019-12-13 23:30:18.598970|[g:1][CONSENSUS][PBFT]checkAndChangeView: Reach consensus,org_view=75,org_changeCycle=0,cur_changeCycle=0,to_view=76
info|2019-12-13 23:30:19.621929|[g:1][CONSENSUS]addRawPrepare,height=189,reqIdx=0,hash=44a7c31b...
info|2019-12-13 23:30:19.622272|[g:1][CONSENSUS][PBFT]checkTimeout Succ,view=76,toView=77,nodeIdx=1,changeCycle=0,myNode=666cc18d...,timecost=0.25
info|2019-12-13 23:30:19.629115|[g:1][CONSENSUS][PBFT]checkAndChangeView: Reach consensus,org_view=76,org_changeCycle=0,cur_changeCycle=0,to_view=77
info|2019-12-13 23:30:20.631200|[g:1][CONSENSUS][SEALER]++++++++++++++++ Generating seal on,blkNum=189,tx=0,nodeIdx=1,hash=b22e22d7...
info|2019-12-13 23:30:20.638477|[g:1][CONSENSUS][PBFT]checkTimeout Succ,view=77,toView=78,nodeIdx=1,changeCycle=0,myNode=666cc18d...,timecost=0.354
info|2019-12-13 23:30:20.641651|[g:1][CONSENSUS][PBFT]checkAndChangeView: Reach consensus,org_view=77,org_changeCycle=0,cur_changeCycle=0,to_view=78
info|2019-12-13 23:30:21.365294|[P2P][Service] heartBeat,connected count=3
info|2019-12-13 23:30:21.494022|[NETWORK][Session]Received topic: [4] from 35c59b3b23cdd1c2c2f57db1f1dbeaf983c49fe2187162e4b29c80d4ca15734cea9ea59bca8ca630d5e04b65d91ccd1857cd0631bfb516820a36d713c6f720e7
info|2019-12-13 23:30:21.655349|[g:1][CONSENSUS]addRawPrepare,height=189,reqIdx=2,hash=c87cdb25...
info|2019-12-13 23:30:21.656020|[g:1][CONSENSUS][PBFT]checkTimeout Succ,view=78,toView=79,nodeIdx=1,changeCycle=0,myNode=666cc18d...,timecost=0.47
info|2019-12-13 23:30:21.657518|[g:1][CONSENSUS][PBFT]checkAndChangeView: Reach consensus,org_view=78,org_changeCycle=0,cur_changeCycle=0,to_view=79
info|2019-12-13 23:30:22.671436|[g:1][CONSENSUS]addRawPrepare,height=189,reqIdx=3,hash=f78e2119...
info|2019-12-13 23:30:22.671737|[g:1][CONSENSUS][PBFT]checkTimeout Succ,view=79,toView=80,nodeIdx=1,changeCycle=0,myNode=666cc18d...,timecost=0.263
info|2019-12-13 23:30:22.682374|[g:1][CONSENSUS][PBFT]checkAndChangeView: Reach consensus,org_view=79,org_changeCycle=0,cur_changeCycle=0,to_view=80
info|2019-12-13 23:30:23.692806|[g:1][CONSENSUS]addRawPrepare,height=189,reqIdx=0,hash=82618caf...
info|2019-12-13 23:30:23.694490|[g:1][CONSENSUS][PBFT]checkTimeout Succ,view=80,toView=81,nodeIdx=1,changeCycle=0,myNode=666cc18d...,timecost=0.876
info|2019-12-13 23:30:23.718640|[g:1][CONSENSUS][PBFT]checkAndChangeView: Reach consensus,org_view=80,org_changeCycle=0,cur_changeCycle=0,to_view=81
info|2019-12-13 23:30:24.718951|[g:1][CONSENSUS][SEALER]++++++++++++++++ Generating seal on,blkNum=189,tx=0,nodeIdx=1,hash=aecf9fb5...
info|2019-12-13 23:30:24.731738|[g:1][CONSENSUS][PBFT]checkTimeout Succ,view=81,toView=82,nodeIdx=1,changeCycle=0,myNode=666cc18d...,timecost=0.749
info|2019-12-13 23:30:24.736108|[g:1][CONSENSUS][PBFT]checkAndChangeView: Reach consensus,org_view=81,org_changeCycle=0,cur_changeCycle=0,to_view=82
info|2019-12-13 23:30:25.739675|[g:1][CONSENSUS]addRawPrepare,height=189,reqIdx=2,hash=c43495c8...
info|2019-12-13 23:30:25.743466|[g:1][CONSENSUS][PBFT]checkTimeout Succ,view=82,toView=83,nodeIdx=1,changeCycle=0,myNode=666cc18d...,timecost=2.56
info|2019-12-13 23:30:25.749905|[g:1][CONSENSUS][PBFT]checkAndChangeView: Reach consensus,org_view=82,org_changeCycle=0,cur_changeCycle=0,to_view=83
info|2019-12-13 23:30:26.750243|[g:1][CONSENSUS]addRawPrepare,height=189,reqIdx=3,hash=4fcf1f43...
info|2019-12-13 23:30:26.751019|[g:1][CONSENSUS][PBFT]checkTimeout Succ,view=83,toView=84,nodeIdx=1,changeCycle=0,myNode=666cc18d...,timecost=0.474
info|2019-12-13 23:30:26.754739|[g:1][CONSENSUS][PBFT]checkAndChangeView: Reach consensus,org_view=83,org_changeCycle=0,cur_changeCycle=0,to_view=84
info|2019-12-13 23:30:27.758730|[g:1][CONSENSUS]addRawPrepare,height=189,reqIdx=0,hash=fa1d0a15...
info|2019-12-13 23:30:27.759095|[g:1][CONSENSUS][PBFT]checkTimeout Succ,view=84,toView=85,nodeIdx=1,changeCycle=0,myNode=666cc18d...,timecost=0.281
info|2019-12-13 23:30:27.761980|[g:1][CONSENSUS][PBFT]checkAndChangeView: Reach consensus,org_view=84,org_changeCycle=0,cur_changeCycle=0,to_view=85
info|2019-12-13 23:30:28.761921|[g:1][CONSENSUS][SEALER]++++++++++++++++ Generating seal on,blkNum=189,tx=0,nodeIdx=1,hash=900260b5...
info|2019-12-13 23:30:28.772513|[g:1][CONSENSUS][PBFT]checkTimeout Succ,view=85,toView=86,nodeIdx=1,changeCycle=0,myNode=666cc18d...,timecost=0.704
info|2019-12-13 23:30:28.774781|[g:1][CONSENSUS][PBFT]checkAndChangeView: Reach consensus,org_view=85,org_changeCycle=0,cur_changeCycle=0,to_view=86
info|2019-12-13 23:30:29.771483|[g:1][CONSENSUS]addRawPrepare,height=189,reqIdx=2,hash=88367f14...
info|2019-12-13 23:30:29.771883|[g:1][CONSENSUS][PBFT]checkTimeout Succ,view=86,toView=87,nodeIdx=1,changeCycle=0,myNode=666cc18d...,timecost=0.298
info|2019-12-13 23:30:29.816457|[g:1][CONSENSUS][PBFT]checkAndChangeView: Reach consensus,org_view=86,org_changeCycle=0,cur_changeCycle=0,to_view=87
info|2019-12-13 23:30:30.782989|[g:1][CONSENSUS]addRawPrepare,height=189,reqIdx=3,hash=83c31ea1...
info|2019-12-13 23:30:30.786586|[g:1][CONSENSUS][PBFT]checkTimeout Succ,view=87,toView=88,nodeIdx=1,changeCycle=0,myNode=666cc18d...,timecost=1.497
info|2019-12-13 23:30:30.788911|[g:1][CONSENSUS][PBFT]checkAndChangeView: Reach consensus,org_view=87,org_changeCycle=0,cur_changeCycle=0,to_view=88
info|2019-12-13 23:30:31.365486|[P2P][Service] heartBeat,connected count=3
info|2019-12-13 23:30:31.800757|[g:1][CONSENSUS]addRawPrepare,height=189,reqIdx=0,hash=53fc16a6...
info|2019-12-13 23:30:31.801313|[g:1][CONSENSUS][PBFT]checkTimeout Succ,view=88,toView=89,nodeIdx=1,changeCycle=0,myNode=666cc18d...,timecost=0.381
info|2019-12-13 23:30:31.809310|[g:1][CONSENSUS][PBFT]checkAndChangeView: Reach consensus,org_view=88,org_changeCycle=0,cur_changeCycle=0,to_view=89
info|2019-12-13 23:30:32.809919|[g:1][CONSENSUS][SEALER]++++++++++++++++ Generating seal on,blkNum=189,tx=0,nodeIdx=1,hash=f77a8e44...
info|2019-12-13 23:30:32.814386|[g:1][CONSENSUS][PBFT]checkTimeout Succ,view=89,toView=90,nodeIdx=1,changeCycle=0,myNode=666cc18d...,timecost=0.235
info|2019-12-13 23:30:32.814840|[g:1][CONSENSUS][PBFT]checkAndChangeView: Reach consensus,org_view=89,org_changeCycle=0,cur_changeCycle=0,to_view=90
info|2019-12-13 23:30:33.823986|[g:1][CONSENSUS]addRawPrepare,height=189,reqIdx=2,hash=88fea6ad...
info|2019-12-13 23:30:33.828586|[g:1][CONSENSUS][PBFT]checkTimeout Succ,view=90,toView=91,nodeIdx=1,changeCycle=0,myNode=666cc18d...,timecost=3.915
info|2019-12-13 23:30:33.829495|[g:1][CONSENSUS][PBFT]checkAndChangeView: Reach consensus,org_view=90,org_changeCycle=0,cur_changeCycle=0,to_view=91
info|2019-12-13 23:30:34.832883|[g:1][CONSENSUS]addRawPrepare,height=189,reqIdx=3,hash=a53aaa2e...
info|2019-12-13 23:30:34.833238|[g:1][CONSENSUS][PBFT]checkTimeout Succ,view=91,toView=92,nodeIdx=1,changeCycle=0,myNode=666cc18d...,timecost=0.313
info|2019-12-13 23:30:34.836469|[g:1][CONSENSUS][PBFT]checkAndChangeView: Reach consensus,org_view=91,org_changeCycle=0,cur_changeCycle=0,to_view=92
info|2019-12-13 23:30:35.840340|[g:1][CONSENSUS]addRawPrepare,height=189,reqIdx=0,hash=a0399cbf...
info|2019-12-13 23:30:35.840641|[g:1][CONSENSUS][PBFT]checkTimeout Succ,view=92,toView=93,nodeIdx=1,changeCycle=0,myNode=666cc18d...,timecost=0.216
info|2019-12-13 23:30:35.843463|[g:1][CONSENSUS][PBFT]checkAndChangeView: Reach consensus,org_view=92,org_changeCycle=0,cur_changeCycle=0,to_view=93
info|2019-12-13 23:30:36.861615|[g:1][CONSENSUS][SEALER]++++++++++++++++ Generating seal on,blkNum=189,tx=0,nodeIdx=1,hash=437bb953...
info|2019-12-13 23:30:36.863398|[g:1][CONSENSUS][PBFT]checkTimeout Succ,view=93,toView=94,nodeIdx=1,changeCycle=0,myNode=666cc18d...,timecost=1.149
info|2019-12-13 23:30:36.874582|[g:1][CONSENSUS][PBFT]checkAndChangeView: Reach consensus,org_view=93,org_changeCycle=0,cur_changeCycle=0,to_view=94
info|2019-12-13 23:30:37.876040|[g:1][CONSENSUS]addRawPrepare,height=189,reqIdx=2,hash=60058704...
info|2019-12-13 23:30:37.876478|[g:1][CONSENSUS][PBFT]checkTimeout Succ,view=94,toView=95,nodeIdx=1,changeCycle=0,myNode=666cc18d...,timecost=0.27
info|2019-12-13 23:30:37.880319|[g:1][CONSENSUS][PBFT]checkAndChangeView: Reach consensus,org_view=94,org_changeCycle=0,cur_changeCycle=0,to_view=95
info|2019-12-13 23:30:38.883115|[g:1][CONSENSUS]addRawPrepare,height=189,reqIdx=3,hash=ae8802e1...
info|2019-12-13 23:30:38.883771|[g:1][CONSENSUS][PBFT]checkTimeout Succ,view=95,toView=96,nodeIdx=1,changeCycle=0,myNode=666cc18d...,timecost=0.477
info|2019-12-13 23:30:38.889868|[g:1][CONSENSUS][PBFT]checkAndChangeView: Reach consensus,org_view=95,org_changeCycle=0,cur_changeCycle=0,to_view=96
info|2019-12-13 23:30:39.906556|[g:1][CONSENSUS]addRawPrepare,height=189,reqIdx=0,hash=f09e4f0a...
info|2019-12-13 23:30:39.906966|[g:1][CONSENSUS][PBFT]checkTimeout Succ,view=96,toView=97,nodeIdx=1,changeCycle=0,myNode=666cc18d...,timecost=0.296
info|2019-12-13 23:30:39.910324|[g:1][CONSENSUS][PBFT]checkAndChangeView: Reach consensus,org_view=96,org_changeCycle=0,cur_changeCycle=0,to_view=97
info|2019-12-13 23:30:40.917502|[g:1][CONSENSUS][SEALER]++++++++++++++++ Generating seal on,blkNum=189,tx=0,nodeIdx=1,hash=ae14c63c...
info|2019-12-13 23:30:40.919899|[g:1][CONSENSUS][PBFT]checkTimeout Succ,view=97,toView=98,nodeIdx=1,changeCycle=0,myNode=666cc18d...,timecost=0.58
info|2019-12-13 23:30:40.923075|[g:1][CONSENSUS][PBFT]checkAndChangeView: Reach consensus,org_view=97,org_changeCycle=0,cur_changeCycle=0,to_view=98
info|2019-12-13 23:30:41.367319|[P2P][Service] heartBeat,connected count=3
info|2019-12-13 23:30:41.926374|[g:1][CONSENSUS]addRawPrepare,height=189,reqIdx=2,hash=94b4ccdc...
info|2019-12-13 23:30:41.926835|[g:1][CONSENSUS][PBFT]checkTimeout Succ,view=98,toView=99,nodeIdx=1,changeCycle=0,myNode=666cc18d...,timecost=0.293
info|2019-12-13 23:30:41.930918|[g:1][CONSENSUS][PBFT]checkAndChangeView: Reach consensus,org_view=98,org_changeCycle=0,cur_changeCycle=0,to_view=99
info|2019-12-13 23:30:42.932436|[g:1][CONSENSUS]addRawPrepare,height=189,reqIdx=3,hash=ea3703e6...
info|2019-12-13 23:30:42.935616|[g:1][CONSENSUS][PBFT]checkTimeout Succ,view=99,toView=100,nodeIdx=1,changeCycle=0,myNode=666cc18d...,timecost=2.519
info|2019-12-13 23:30:42.938282|[g:1][CONSENSUS][PBFT]checkAndChangeView: Reach consensus,org_view=99,org_changeCycle=0,cur_changeCycle=0,to_view=100
info|2019-12-13 23:30:43.940009|[g:1][CONSENSUS]addRawPrepare,height=189,reqIdx=0,hash=3a61a1b8...
info|2019-12-13 23:30:43.940609|[g:1][CONSENSUS][PBFT]checkTimeout Succ,view=100,toView=101,nodeIdx=1,changeCycle=0,myNode=666cc18d...,timecost=0.429
info|2019-12-13 23:30:43.945309|[g:1][CONSENSUS][PBFT]checkAndChangeView: Reach consensus,org_view=100,org_changeCycle=0,cur_changeCycle=0,to_view=101
info|2019-12-13 23:30:44.946107|[g:1][CONSENSUS][SEALER]++++++++++++++++ Generating seal on,blkNum=189,tx=0,nodeIdx=1,hash=37874dc3...
info|2019-12-13 23:30:44.952740|[g:1][CONSENSUS][PBFT]checkTimeout Succ,view=101,toView=102,nodeIdx=1,changeCycle=0,myNode=666cc18d...,timecost=0.582
info|2019-12-13 23:30:44.953624|[g:1][CONSENSUS][PBFT]checkAndChangeView: Reach consensus,org_view=101,org_changeCycle=0,cur_changeCycle=0,to_view=102
info|2019-12-13 23:30:45.956246|[g:1][CONSENSUS]addRawPrepare,height=189,reqIdx=2,hash=0f309073...
info|2019-12-13 23:30:45.957934|[g:1][CONSENSUS][PBFT]checkTimeout Succ,view=102,toView=103,nodeIdx=1,changeCycle=0,myNode=666cc18d...,timecost=0.257
info|2019-12-13 23:30:46.006780|[g:1][CONSENSUS][PBFT]checkAndChangeView: Reach consensus,org_view=102,org_changeCycle=0,cur_changeCycle=0,to_view=103
info|2019-12-13 23:30:46.965317|[g:1][CONSENSUS]addRawPrepare,height=189,reqIdx=3,hash=5a381633...
info|2019-12-13 23:30:46.965940|[g:1][CONSENSUS][PBFT]checkTimeout Succ,view=103,toView=104,nodeIdx=1,changeCycle=0,myNode=666cc18d...,timecost=0.462
info|2019-12-13 23:30:46.973461|[g:1][CONSENSUS][PBFT]checkAndChangeView: Reach consensus,org_view=103,org_changeCycle=0,cur_changeCycle=0,to_view=104
info|2019-12-13 23:30:47.979900|[g:1][CONSENSUS]addRawPrepare,height=189,reqIdx=0,hash=48b92d46...
info|2019-12-13 23:30:47.980544|[g:1][CONSENSUS][PBFT]checkTimeout Succ,view=104,toView=105,nodeIdx=1,changeCycle=0,myNode=666cc18d...,timecost=0.488
info|2019-12-13 23:30:48.026148|[g:1][CONSENSUS][PBFT]checkAndChangeView: Reach consensus,org_view=104,org_changeCycle=0,cur_changeCycle=0,to_view=105
info|2019-12-13 23:30:49.026337|[g:1][CONSENSUS][SEALER]++++++++++++++++ Generating seal on,blkNum=189,tx=0,nodeIdx=1,hash=fe31d2b3...
info|2019-12-13 23:30:49.030905|[g:1][CONSENSUS][PBFT]checkTimeout Succ,view=105,toView=106,nodeIdx=1,changeCycle=0,myNode=666cc18d...,timecost=0.295
info|2019-12-13 23:30:49.034644|[g:1][CONSENSUS][PBFT]checkAndChangeView: Reach consensus,org_view=105,org_changeCycle=0,cur_changeCycle=0,to_view=106
info|2019-12-13 23:30:50.039977|[g:1][CONSENSUS]addRawPrepare,height=189,reqIdx=2,hash=4e2518f8...
info|2019-12-13 23:30:50.040394|[g:1][CONSENSUS][PBFT]checkTimeout Succ,view=106,toView=107,nodeIdx=1,changeCycle=0,myNode=666cc18d...,timecost=0.308
info|2019-12-13 23:30:50.044991|[g:1][CONSENSUS][PBFT]checkAndChangeView: Reach consensus,org_view=106,org_changeCycle=0,cur_changeCycle=0,to_view=107
info|2019-12-13 23:30:51.050496|[g:1][CONSENSUS]addRawPrepare,height=189,reqIdx=3,hash=19e089c4...
info|2019-12-13 23:30:51.054329|[g:1][CONSENSUS][PBFT]checkTimeout Succ,view=107,toView=108,nodeIdx=1,changeCycle=0,myNode=666cc18d...,timecost=3.614
info|2019-12-13 23:30:51.055142|[g:1][CONSENSUS][PBFT]checkAndChangeView: Reach consensus,org_view=107,org_changeCycle=0,cur_changeCycle=0,to_view=108
info|2019-12-13 23:30:51.367911|[P2P][Service] heartBeat,connected count=3
info|2019-12-13 23:30:52.059358|[g:1][CONSENSUS]addRawPrepare,height=189,reqIdx=0,hash=c92209f7...
info|2019-12-13 23:30:52.062991|[g:1][CONSENSUS][PBFT]checkTimeout Succ,view=108,toView=109,nodeIdx=1,changeCycle=0,myNode=666cc18d...,timecost=1.861
info|2019-12-13 23:30:52.067492|[g:1][CONSENSUS][PBFT]checkAndChangeView: Reach consensus,org_view=108,org_changeCycle=0,cur_changeCycle=0,to_view=109
info|2019-12-13 23:30:52.598077|[LEDGER]stop sealer,groupID=1
info|2019-12-13 23:30:52.598115|[CONSENSUS][SEALER]Stop sealer module...
info|2019-12-13 23:30:52.599952|[CONSENSUS][ConsensusEngine][Stop ConsensusEngineBase]
info|2019-12-13 23:30:52.602567|[CONSENSUS][ConsensusEngine]ConsensusEngineBase stopped
info|2019-12-13 23:30:52.602603|[LEDGER]sealer stopped. stop sync,groupID=1
info|2019-12-13 23:30:52.671581|[SYNC][id:666cc18d...]SyncMaster stopped
info|2019-12-13 23:30:52.671614|[LEDGER]ledger stopped,groupID=1
info|2019-12-13 23:30:52.715300|[EVENT][EventLogFilterManager]stop
info|2019-12-13 23:30:52.715332|[LEDGER]event filter manager stopped,groupID=1
info|2019-12-13 23:30:52.715341|[INITIALIZER]ledgerInitializer stopped
info|2019-12-13 23:30:53.716951|[INITIALIZER]ChannelRPCHttpServer deleted.
info|2019-12-13 23:30:53.717301|[INITIALIZER]JsonrpcHttpServer deleted.
info|2019-12-13 23:30:53.717356|[INITIALIZER]RPCInitializer stopped
info|2019-12-13 23:30:53.717396|[NETWORK][Host]Host exit
info|2019-12-13 23:30:53.718278|[INITIALIZER]P2PInitializer stopped
info|2019-12-13 23:30:53.718307|[LEDGER]stop sealer,groupID=1
info|2019-12-13 23:30:53.718315|[LEDGER]sealer stopped. stop sync,groupID=1
info|2019-12-13 23:30:53.718321|[SYNC][id:666cc18d...]SyncMaster stopped
info|2019-12-13 23:30:53.718327|[LEDGER]ledger stopped,groupID=1
info|2019-12-13 23:30:53.718332|[LEDGER]event filter manager stopped,groupID=1
info|2019-12-13 23:30:53.718341|[STORAGE]Stopping flushStorage thread
info|2019-12-13 23:30:54.504808|[STORAGE]flushStorage thread stopped.
info|2019-12-13 23:30:54.504830|[DBINITIALIZER] storage stopped
info|2019-12-13 23:30:54.505508|[SYNC][id:666cc18d...]SyncMaster stopped
