info|2019-12-13 23:27:31.587087|[INITIALIZER][initGlobalConfig],enableCompress=true,compatibilityVersion=2.1.0,versionNumber=33619968,chainId=1
info|2019-12-13 23:27:31.674662|[NETWORK][Host]Connecting to node,endpoint=127.0.0.1:30300
info|2019-12-13 23:27:31.675323|[NETWORK][Host]P2P StartAccept,Host=0.0.0.0:30302
info|2019-12-13 23:27:31.676884|[NETWORK][Host]Connecting to node,endpoint=127.0.0.1:30301
info|2019-12-13 23:27:31.676988|[NETWORK][Host]Connecting to node,endpoint=127.0.0.1:30302
info|2019-12-13 23:27:31.677033|[NETWORK][Host]Connecting to node,endpoint=127.0.0.1:30303
info|2019-12-13 23:27:31.677070|[P2P][Service] heartBeat,connected count=0
info|2019-12-13 23:27:31.688119|[CHANNEL]ChannelRPCServer started
info|2019-12-13 23:27:31.688140|[INITIALIZER][RPCInitializer]ChannelRPCHttpServer started.
info|2019-12-13 23:27:31.688162|[LedgerInitializer],groupConfigPath=conf/
info|2019-12-13 23:27:31.678787|[NETWORK][ASIO]asyncResolveConnect,endpoint=127.0.0.1:30300
info|2019-12-13 23:27:31.691414|[NETWORK][ASIO]asyncResolveConnect,endpoint=127.0.0.1:30301
info|2019-12-13 23:27:31.691468|[NETWORK][ASIO]asyncResolveConnect,endpoint=127.0.0.1:30302
info|2019-12-13 23:27:31.691509|[NETWORK][ASIO]asyncResolveConnect,endpoint=127.0.0.1:30303
info|2019-12-13 23:27:31.691649|[NETWORK][Host]P2P Recv Connect, From=127.0.0.1:52218
info|2019-12-13 23:27:31.691688|[NETWORK][Host]P2P StartAccept,Host=0.0.0.0:30302
info|2019-12-13 23:27:31.691742|[NETWORK][Host]P2P Recv Connect, From=127.0.0.1:52224
info|2019-12-13 23:27:31.691771|[NETWORK][Host]P2P StartAccept,Host=0.0.0.0:30302
info|2019-12-13 23:27:31.693669|[INITIALIZER][initSingleLedger] [GroupId]:  1
info|2019-12-13 23:27:31.693690|[g:1][LEDGER]LedgerConstructor,configPath=conf/group.1.genesis,baseDir=data//group1
info|2019-12-13 23:27:31.693695|[g:1][LEDGER][initGenesisConfig]initConsensusConfig/initDBConfig/initTxConfig,configFile=conf/group.1.genesis
info|2019-12-13 23:27:31.693779|[g:1][LEDGER][initConsensusConfig],it.first=35c59b3b23cdd1c2c2f57db1f1dbeaf983c49fe2187162e4b29c80d4ca15734cea9ea59bca8ca630d5e04b65d91ccd1857cd0631bfb516820a36d713c6f720e7
info|2019-12-13 23:27:31.693791|[g:1][LEDGER][initConsensusConfig],it.first=e6076d91034c5a4a09eaa51135257b589582ebe2067c84fc5753ec36b917a6422f4be67dbce7d190fba3c58ec93ab089271c4f34e2703e90561942be46352226
info|2019-12-13 23:27:31.693801|[g:1][LEDGER][initConsensusConfig],it.first=666cc18d0aa895e44c65d73acb4b2c7a88f18d67e97a92ea0d8d936e14a0810cbe594ff5acc64a124354bf37d12bfe1a25d5ba25471b8b5c06811657d4ecfb26
info|2019-12-13 23:27:31.693815|[g:1][LEDGER][initConsensusConfig],it.first=b57de52ba5760f320ba25d64044b4eaf606ca8856817cf545ab1f2bfe116f558b5d4687509c01e1f8fe3a72f8869b173ab1644091dd58a93f8e05d6e4952ec42
info|2019-12-13 23:27:31.693856|[NETWORK][Host]P2P Recv Connect, From=127.0.0.1:52228
info|2019-12-13 23:27:31.693902|[NETWORK][Host]P2P StartAccept,Host=0.0.0.0:30302
info|2019-12-13 23:27:31.693938|[g:1][LEDGER][initIniConfig]initTxPoolConfig/initSyncConfig/initTxExecuteConfig,configFile=conf/group.1.ini
info|2019-12-13 23:27:31.694995|[g:1][LEDGER][initLedger][DBInitializer]
info|2019-12-13 23:27:31.695181|[g:1][DBINITIALIZER] [initRocksDBStorage]
info|2019-12-13 23:27:31.696870|[g:1][ROCKSDB]open rocksDB handler
info|2019-12-13 23:27:31.708488|[NETWORK][Host]P2P Recv Connect, From=127.0.0.1:52236
info|2019-12-13 23:27:31.708634|[NETWORK][Host]P2P StartAccept,Host=0.0.0.0:30302
info|2019-12-13 23:27:31.771743|[g:1][g:0][STORAGE][CachedStorage]Init flushStorage thread
info|2019-12-13 23:27:31.785745|[g:1][BLOCKCHAIN][#checkAndBuildGenesisBlock]Already have the 0th block, 0th groupMark is equal to file groupMark.
info|2019-12-13 23:27:31.804475|[P2P][Service] Connection established,nodeID=e6076d91...,endpoint=127.0.0.1:52224
info|2019-12-13 23:27:31.807318|[NETWORK][Host]startPeerSession, From=127.0.0.1:52224,nodeID=e6076d91...
info|2019-12-13 23:27:31.835806|[g:1][CONSENSUS][PBFT]Register handler for PBFTEngine
info|2019-12-13 23:27:31.839887|[g:1][CONSENSUS][PBFT],minBlockGenerationTime=500
info|2019-12-13 23:27:31.839926|[LedgerInitializer init group succ],groupID=1
info|2019-12-13 23:27:31.840779|[INITIALIZER][RPCInitializer]JsonrpcHttpServer started.
info|2019-12-13 23:27:31.840802|[g:1][LEDGER]startAll...
info|2019-12-13 23:27:31.853779|[g:1][CONSENSUS][PBFT]^^^^^^^^Report,num=188,sealerIdx=3,hash=677d7f4e...,next=189,tx=1,nodeIdx=1
info|2019-12-13 23:27:31.864495|[P2P][Service] Connection established,nodeID=35c59b3b...,endpoint=127.0.0.1:52218
info|2019-12-13 23:27:31.864554|[NETWORK][Host]startPeerSession, From=127.0.0.1:52218,nodeID=35c59b3b...
info|2019-12-13 23:27:31.864786|[NETWORK][Host]startPeerSession, From=127.0.0.1:52236,nodeID=666cc18d...
info|2019-12-13 23:27:31.871647|[NETWORK][Host]startPeerSession, From=127.0.0.1:30302,nodeID=666cc18d...
info|2019-12-13 23:27:31.872007|[NETWORK][Host]startPeerSession, From=127.0.0.1:30301,nodeID=e6076d91...
info|2019-12-13 23:27:31.872213|[NETWORK][Host]startPeerSession, From=127.0.0.1:30300,nodeID=35c59b3b...
info|2019-12-13 23:27:31.872401|[P2P][Service] Connection established,nodeID=b57de52b...,endpoint=127.0.0.1:52228
info|2019-12-13 23:27:31.872433|[NETWORK][Host]startPeerSession, From=127.0.0.1:52228,nodeID=b57de52b...
info|2019-12-13 23:27:31.872720|[NETWORK][Host]startPeerSession, From=127.0.0.1:30303,nodeID=b57de52b...
warning|2019-12-13 23:27:31.875110|[NETWORK][Session]doRead error,endpoint=127.0.0.1:52228,message=stream truncated
info|2019-12-13 23:27:31.875136|[NETWORK][Session]drop, call and erase all callbackFunc in this session!,endpoint=127.0.0.1:52228
warning|2019-12-13 23:27:31.875154|[P2P][Service] disconnect error P2PSession,nodeID=b57de52b...,endpoint=127.0.0.1:52228,errorCode=3,what=Disconnect
warning|2019-12-13 23:27:31.875169|[P2P][Service] onDisconnect,errorCode=3,what=Dynamic exception type: dev::network::NetworkException
std::exception::what: Disconnect

warning|2019-12-13 23:27:31.875187|[NETWORK][Session][drop] closing remote 0.0.0.0:0,reason=Low-level TCP communication error.,endpoint=127.0.0.1:52228
warning|2019-12-13 23:27:31.875245|[NETWORK][Session][drop] shutdown failed ,errorValue=9,message=Bad file descriptor
warning|2019-12-13 23:27:31.886568|[SYNC][id:666cc18d...][Status]Peer data not found,nodeId=35c59b3b...
info|2019-12-13 23:27:31.887733|[g:1][CONSENSUS][PBFT][PBFT init env successfully]
info|2019-12-13 23:27:31.887823|[g:1][CONSENSUS][ConsensusEngine][Start ConsensusEngineBase]
info|2019-12-13 23:27:31.888222|[g:1][CONSENSUS][PBFT][Start PBFTEngine...]
info|2019-12-13 23:27:31.888257|[g:1][CONSENSUS][SEALER][Start sealer module]
info|2019-12-13 23:27:31.888893|[g:1][EVENT][EventLogFilterManager]start,m_maxBlockRange=0,m_maxBlockPerLoopFilter=3
info|2019-12-13 23:27:32.888766|[g:1][CONSENSUS]addRawPrepare,height=189,reqIdx=0,hash=883b9fd0...
info|2019-12-13 23:27:32.889113|[g:1][CONSENSUS][PBFT]checkTimeout Succ,view=0,toView=1,nodeIdx=1,changeCycle=0,myNode=666cc18d...,timecost=0.246
info|2019-12-13 23:27:32.890540|[g:1][CONSENSUS][PBFT]checkAndChangeView: Reach consensus,org_view=0,org_changeCycle=0,cur_changeCycle=0,to_view=1
info|2019-12-13 23:27:33.892039|[g:1][CONSENSUS][SEALER]++++++++++++++++ Generating seal on,blkNum=189,tx=0,nodeIdx=1,hash=a0025dd5...
info|2019-12-13 23:27:33.893436|[g:1][CONSENSUS][PBFT]checkTimeout Succ,view=1,toView=2,nodeIdx=1,changeCycle=0,myNode=666cc18d...,timecost=0.352
info|2019-12-13 23:27:33.897468|[g:1][CONSENSUS][PBFT]checkAndChangeView: Reach consensus,org_view=1,org_changeCycle=0,cur_changeCycle=0,to_view=2
info|2019-12-13 23:27:34.905328|[g:1][CONSENSUS]addRawPrepare,height=189,reqIdx=2,hash=5e6564d7...
info|2019-12-13 23:27:34.905684|[g:1][CONSENSUS][PBFT]checkTimeout Succ,view=2,toView=3,nodeIdx=1,changeCycle=0,myNode=666cc18d...,timecost=0.299
info|2019-12-13 23:27:34.909905|[g:1][CONSENSUS][PBFT]checkAndChangeView: Reach consensus,org_view=2,org_changeCycle=0,cur_changeCycle=0,to_view=3
info|2019-12-13 23:27:35.913525|[g:1][CONSENSUS]addRawPrepare,height=189,reqIdx=3,hash=16af9f09...
info|2019-12-13 23:27:35.914203|[g:1][CONSENSUS][PBFT]checkTimeout Succ,view=3,toView=4,nodeIdx=1,changeCycle=0,myNode=666cc18d...,timecost=0.527
info|2019-12-13 23:27:35.920239|[g:1][CONSENSUS][PBFT]checkAndChangeView: Reach consensus,org_view=3,org_changeCycle=0,cur_changeCycle=0,to_view=4
info|2019-12-13 23:27:36.927120|[g:1][CONSENSUS]addRawPrepare,height=189,reqIdx=0,hash=0ea7b676...
info|2019-12-13 23:27:36.927562|[g:1][CONSENSUS][PBFT]checkTimeout Succ,view=4,toView=5,nodeIdx=1,changeCycle=0,myNode=666cc18d...,timecost=0.26
info|2019-12-13 23:27:36.962699|[g:1][CONSENSUS][PBFT]checkAndChangeView: Reach consensus,org_view=4,org_changeCycle=0,cur_changeCycle=0,to_view=5
info|2019-12-13 23:27:37.962481|[g:1][CONSENSUS][SEALER]++++++++++++++++ Generating seal on,blkNum=189,tx=0,nodeIdx=1,hash=0288c29e...
info|2019-12-13 23:27:37.966605|[g:1][CONSENSUS][PBFT]checkTimeout Succ,view=5,toView=6,nodeIdx=1,changeCycle=0,myNode=666cc18d...,timecost=0.364
info|2019-12-13 23:27:37.968900|[g:1][CONSENSUS][PBFT]checkAndChangeView: Reach consensus,org_view=5,org_changeCycle=0,cur_changeCycle=0,to_view=6
info|2019-12-13 23:27:38.975156|[g:1][CONSENSUS]addRawPrepare,height=189,reqIdx=2,hash=83d28d60...
info|2019-12-13 23:27:38.975519|[g:1][CONSENSUS][PBFT]checkTimeout Succ,view=6,toView=7,nodeIdx=1,changeCycle=0,myNode=666cc18d...,timecost=0.301
info|2019-12-13 23:27:38.983327|[g:1][CONSENSUS][PBFT]checkAndChangeView: Reach consensus,org_view=6,org_changeCycle=0,cur_changeCycle=0,to_view=7
info|2019-12-13 23:27:40.027924|[g:1][CONSENSUS]addRawPrepare,height=189,reqIdx=3,hash=e5593950...
info|2019-12-13 23:27:40.031795|[g:1][CONSENSUS][PBFT]checkTimeout Succ,view=7,toView=8,nodeIdx=1,changeCycle=0,myNode=666cc18d...,timecost=2.785
info|2019-12-13 23:27:40.034658|[g:1][CONSENSUS][PBFT]checkAndChangeView: Reach consensus,org_view=7,org_changeCycle=0,cur_changeCycle=0,to_view=8
info|2019-12-13 23:27:41.039816|[g:1][CONSENSUS]addRawPrepare,height=189,reqIdx=0,hash=7fe86cb1...
info|2019-12-13 23:27:41.040234|[g:1][CONSENSUS][PBFT]checkTimeout Succ,view=8,toView=9,nodeIdx=1,changeCycle=0,myNode=666cc18d...,timecost=0.323
info|2019-12-13 23:27:41.044113|[g:1][CONSENSUS][PBFT]checkAndChangeView: Reach consensus,org_view=8,org_changeCycle=0,cur_changeCycle=0,to_view=9
info|2019-12-13 23:27:41.677511|[NETWORK][Host]Connecting to node,endpoint=127.0.0.1:30303
info|2019-12-13 23:27:41.677742|[P2P][Service] heartBeat,connected count=2
info|2019-12-13 23:27:41.680588|[NETWORK][ASIO]asyncResolveConnect,endpoint=127.0.0.1:30303
info|2019-12-13 23:27:41.680674|[NETWORK][Host]P2P Recv Connect, From=127.0.0.1:52242
info|2019-12-13 23:27:41.680805|[NETWORK][Host]P2P StartAccept,Host=0.0.0.0:30302
info|2019-12-13 23:27:41.716538|[P2P][Service] Connection established,nodeID=b57de52b...,endpoint=127.0.0.1:52242
info|2019-12-13 23:27:41.716603|[NETWORK][Host]startPeerSession, From=127.0.0.1:52242,nodeID=b57de52b...
info|2019-12-13 23:27:41.748133|[NETWORK][Host]startPeerSession, From=127.0.0.1:30303,nodeID=b57de52b...
info|2019-12-13 23:27:42.045029|[g:1][CONSENSUS][SEALER]++++++++++++++++ Generating seal on,blkNum=189,tx=0,nodeIdx=1,hash=ee9837cf...
info|2019-12-13 23:27:42.089804|[g:1][CONSENSUS][PBFT]checkTimeout Succ,view=9,toView=10,nodeIdx=1,changeCycle=0,myNode=666cc18d...,timecost=0.488
info|2019-12-13 23:27:42.094106|[g:1][CONSENSUS][PBFT]checkAndChangeView: Reach consensus,org_view=9,org_changeCycle=0,cur_changeCycle=0,to_view=10
info|2019-12-13 23:27:43.094074|[g:1][CONSENSUS]addRawPrepare,height=189,reqIdx=2,hash=d5088fba...
info|2019-12-13 23:27:43.094629|[g:1][CONSENSUS][PBFT]checkTimeout Succ,view=10,toView=11,nodeIdx=1,changeCycle=0,myNode=666cc18d...,timecost=0.388
info|2019-12-13 23:27:43.118150|[g:1][CONSENSUS][PBFT]checkAndChangeView: Reach consensus,org_view=10,org_changeCycle=0,cur_changeCycle=0,to_view=11
info|2019-12-13 23:27:44.119264|[g:1][CONSENSUS]addRawPrepare,height=189,reqIdx=3,hash=17e5ca79...
info|2019-12-13 23:27:44.119559|[g:1][CONSENSUS][PBFT]checkTimeout Succ,view=11,toView=12,nodeIdx=1,changeCycle=0,myNode=666cc18d...,timecost=0.26
info|2019-12-13 23:27:44.122095|[g:1][CONSENSUS][PBFT]checkAndChangeView: Reach consensus,org_view=11,org_changeCycle=0,cur_changeCycle=0,to_view=12
info|2019-12-13 23:27:45.129536|[g:1][CONSENSUS]addRawPrepare,height=189,reqIdx=0,hash=35d16986...
info|2019-12-13 23:27:45.130432|[g:1][CONSENSUS][PBFT]checkTimeout Succ,view=12,toView=13,nodeIdx=1,changeCycle=0,myNode=666cc18d...,timecost=0.547
info|2019-12-13 23:27:45.138173|[g:1][CONSENSUS][PBFT]checkAndChangeView: Reach consensus,org_view=12,org_changeCycle=0,cur_changeCycle=0,to_view=13
info|2019-12-13 23:27:46.138610|[g:1][CONSENSUS][SEALER]++++++++++++++++ Generating seal on,blkNum=189,tx=0,nodeIdx=1,hash=6e7143c1...
info|2019-12-13 23:27:46.143012|[g:1][CONSENSUS][PBFT]checkTimeout Succ,view=13,toView=14,nodeIdx=1,changeCycle=0,myNode=666cc18d...,timecost=1.585
info|2019-12-13 23:27:46.147395|[g:1][CONSENSUS][PBFT]checkAndChangeView: Reach consensus,org_view=13,org_changeCycle=0,cur_changeCycle=0,to_view=14
info|2019-12-13 23:27:47.149984|[g:1][CONSENSUS]addRawPrepare,height=189,reqIdx=2,hash=87f1cad7...
info|2019-12-13 23:27:47.150406|[g:1][CONSENSUS][PBFT]checkTimeout Succ,view=14,toView=15,nodeIdx=1,changeCycle=0,myNode=666cc18d...,timecost=0.301
info|2019-12-13 23:27:47.153443|[g:1][CONSENSUS][PBFT]checkAndChangeView: Reach consensus,org_view=14,org_changeCycle=0,cur_changeCycle=0,to_view=15
info|2019-12-13 23:27:48.155999|[g:1][CONSENSUS]addRawPrepare,height=189,reqIdx=3,hash=7a6125dc...
info|2019-12-13 23:27:48.156659|[g:1][CONSENSUS][PBFT]checkTimeout Succ,view=15,toView=16,nodeIdx=1,changeCycle=0,myNode=666cc18d...,timecost=0.416
info|2019-12-13 23:27:48.175059|[g:1][CONSENSUS][PBFT]checkAndChangeView: Reach consensus,org_view=15,org_changeCycle=0,cur_changeCycle=0,to_view=16
info|2019-12-13 23:27:49.181201|[g:1][CONSENSUS]addRawPrepare,height=189,reqIdx=0,hash=12f0ffbc...
info|2019-12-13 23:27:49.181570|[g:1][CONSENSUS][PBFT]checkTimeout Succ,view=16,toView=17,nodeIdx=1,changeCycle=0,myNode=666cc18d...,timecost=0.254
info|2019-12-13 23:27:49.183885|[g:1][CONSENSUS][PBFT]checkAndChangeView: Reach consensus,org_view=16,org_changeCycle=0,cur_changeCycle=0,to_view=17
info|2019-12-13 23:27:50.184694|[g:1][CONSENSUS][SEALER]++++++++++++++++ Generating seal on,blkNum=189,tx=0,nodeIdx=1,hash=3725509a...
info|2019-12-13 23:27:50.188002|[g:1][CONSENSUS][PBFT]checkTimeout Succ,view=17,toView=18,nodeIdx=1,changeCycle=0,myNode=666cc18d...,timecost=1.947
info|2019-12-13 23:27:50.199949|[g:1][CONSENSUS][PBFT]checkAndChangeView: Reach consensus,org_view=17,org_changeCycle=0,cur_changeCycle=0,to_view=18
info|2019-12-13 23:27:51.204170|[g:1][CONSENSUS]addRawPrepare,height=189,reqIdx=2,hash=deb31d3d...
info|2019-12-13 23:27:51.204530|[g:1][CONSENSUS][PBFT]checkTimeout Succ,view=18,toView=19,nodeIdx=1,changeCycle=0,myNode=666cc18d...,timecost=0.264
info|2019-12-13 23:27:51.209968|[g:1][CONSENSUS][PBFT]checkAndChangeView: Reach consensus,org_view=18,org_changeCycle=0,cur_changeCycle=0,to_view=19
info|2019-12-13 23:27:51.678408|[P2P][Service] heartBeat,connected count=3
info|2019-12-13 23:27:52.212698|[g:1][CONSENSUS]addRawPrepare,height=189,reqIdx=3,hash=cfc0ce40...
info|2019-12-13 23:27:52.213241|[g:1][CONSENSUS][PBFT]checkTimeout Succ,view=19,toView=20,nodeIdx=1,changeCycle=0,myNode=666cc18d...,timecost=0.354
info|2019-12-13 23:27:52.221851|[g:1][CONSENSUS][PBFT]checkAndChangeView: Reach consensus,org_view=19,org_changeCycle=0,cur_changeCycle=0,to_view=20
info|2019-12-13 23:27:53.228079|[g:1][CONSENSUS]addRawPrepare,height=189,reqIdx=0,hash=0441b733...
info|2019-12-13 23:27:53.228359|[g:1][CONSENSUS][PBFT]checkTimeout Succ,view=20,toView=21,nodeIdx=1,changeCycle=0,myNode=666cc18d...,timecost=0.244
info|2019-12-13 23:27:53.230871|[g:1][CONSENSUS][PBFT]checkAndChangeView: Reach consensus,org_view=20,org_changeCycle=0,cur_changeCycle=0,to_view=21
info|2019-12-13 23:27:54.230649|[g:1][CONSENSUS][SEALER]++++++++++++++++ Generating seal on,blkNum=189,tx=0,nodeIdx=1,hash=6433aec2...
info|2019-12-13 23:27:54.232618|[g:1][CONSENSUS][PBFT]checkTimeout Succ,view=21,toView=22,nodeIdx=1,changeCycle=0,myNode=666cc18d...,timecost=0.868
info|2019-12-13 23:27:54.244545|[g:1][CONSENSUS][PBFT]checkAndChangeView: Reach consensus,org_view=21,org_changeCycle=0,cur_changeCycle=0,to_view=22
info|2019-12-13 23:27:55.250545|[g:1][CONSENSUS]addRawPrepare,height=189,reqIdx=2,hash=fe7a8792...
info|2019-12-13 23:27:55.250926|[g:1][CONSENSUS][PBFT]checkTimeout Succ,view=22,toView=23,nodeIdx=1,changeCycle=0,myNode=666cc18d...,timecost=0.341
info|2019-12-13 23:27:55.252369|[g:1][CONSENSUS][PBFT]checkAndChangeView: Reach consensus,org_view=22,org_changeCycle=0,cur_changeCycle=0,to_view=23
info|2019-12-13 23:27:56.256194|[g:1][CONSENSUS]addRawPrepare,height=189,reqIdx=3,hash=06061234...
info|2019-12-13 23:27:56.265515|[g:1][CONSENSUS][PBFT]checkTimeout Succ,view=23,toView=24,nodeIdx=1,changeCycle=0,myNode=666cc18d...,timecost=8.957
info|2019-12-13 23:27:56.286374|[g:1][CONSENSUS][PBFT]checkAndChangeView: Reach consensus,org_view=23,org_changeCycle=0,cur_changeCycle=0,to_view=24
info|2019-12-13 23:27:57.284664|[g:1][CONSENSUS]addRawPrepare,height=189,reqIdx=0,hash=849fc7f5...
info|2019-12-13 23:27:57.285030|[g:1][CONSENSUS][PBFT]checkTimeout Succ,view=24,toView=25,nodeIdx=1,changeCycle=0,myNode=666cc18d...,timecost=0.311
info|2019-12-13 23:27:57.299160|[g:1][CONSENSUS][PBFT]checkAndChangeView: Reach consensus,org_view=24,org_changeCycle=0,cur_changeCycle=0,to_view=25
info|2019-12-13 23:27:58.309639|[g:1][CONSENSUS][SEALER]++++++++++++++++ Generating seal on,blkNum=189,tx=0,nodeIdx=1,hash=82074c1d...
info|2019-12-13 23:27:58.311390|[g:1][CONSENSUS][PBFT]checkTimeout Succ,view=25,toView=26,nodeIdx=1,changeCycle=0,myNode=666cc18d...,timecost=0.599
info|2019-12-13 23:27:58.320695|[g:1][CONSENSUS][PBFT]checkAndChangeView: Reach consensus,org_view=25,org_changeCycle=0,cur_changeCycle=0,to_view=26
info|2019-12-13 23:27:59.328657|[g:1][CONSENSUS]addRawPrepare,height=189,reqIdx=2,hash=1a45d5c1...
info|2019-12-13 23:27:59.329015|[g:1][CONSENSUS][PBFT]checkTimeout Succ,view=26,toView=27,nodeIdx=1,changeCycle=0,myNode=666cc18d...,timecost=0.259
info|2019-12-13 23:27:59.337311|[g:1][CONSENSUS][PBFT]checkAndChangeView: Reach consensus,org_view=26,org_changeCycle=0,cur_changeCycle=0,to_view=27
info|2019-12-13 23:28:00.337106|[g:1][CONSENSUS]addRawPrepare,height=189,reqIdx=3,hash=f26224ed...
info|2019-12-13 23:28:00.337467|[g:1][CONSENSUS][PBFT]checkTimeout Succ,view=27,toView=28,nodeIdx=1,changeCycle=0,myNode=666cc18d...,timecost=0.263
info|2019-12-13 23:28:00.338637|[g:1][CONSENSUS][PBFT]checkAndChangeView: Reach consensus,org_view=27,org_changeCycle=0,cur_changeCycle=0,to_view=28
info|2019-12-13 23:28:01.348264|[g:1][CONSENSUS]addRawPrepare,height=189,reqIdx=0,hash=adbf6912...
info|2019-12-13 23:28:01.359706|[g:1][CONSENSUS][PBFT]checkTimeout Succ,view=28,toView=29,nodeIdx=1,changeCycle=0,myNode=666cc18d...,timecost=11.198
info|2019-12-13 23:28:01.368836|[g:1][CONSENSUS][PBFT]checkAndChangeView: Reach consensus,org_view=28,org_changeCycle=0,cur_changeCycle=0,to_view=29
info|2019-12-13 23:28:01.678580|[P2P][Service] heartBeat,connected count=3
info|2019-12-13 23:28:02.369300|[g:1][CONSENSUS][SEALER]++++++++++++++++ Generating seal on,blkNum=189,tx=0,nodeIdx=1,hash=f2d9cd68...
info|2019-12-13 23:28:02.402872|[g:1][CONSENSUS][PBFT]checkTimeout Succ,view=29,toView=30,nodeIdx=1,changeCycle=0,myNode=666cc18d...,timecost=25.791
info|2019-12-13 23:28:02.409380|[g:1][CONSENSUS][PBFT]checkAndChangeView: Reach consensus,org_view=29,org_changeCycle=0,cur_changeCycle=0,to_view=30
info|2019-12-13 23:28:03.427633|[g:1][CONSENSUS]addRawPrepare,height=189,reqIdx=2,hash=4aa27c4a...
info|2019-12-13 23:28:03.428149|[g:1][CONSENSUS][PBFT]checkTimeout Succ,view=30,toView=31,nodeIdx=1,changeCycle=0,myNode=666cc18d...,timecost=0.274
info|2019-12-13 23:28:03.434430|[g:1][CONSENSUS][PBFT]checkAndChangeView: Reach consensus,org_view=30,org_changeCycle=0,cur_changeCycle=0,to_view=31
info|2019-12-13 23:28:04.464370|[g:1][CONSENSUS]addRawPrepare,height=189,reqIdx=3,hash=3b86a51f...
info|2019-12-13 23:28:04.473407|[g:1][CONSENSUS][PBFT]checkTimeout Succ,view=31,toView=32,nodeIdx=1,changeCycle=0,myNode=666cc18d...,timecost=8.694
info|2019-12-13 23:28:04.480438|[g:1][CONSENSUS][PBFT]checkAndChangeView: Reach consensus,org_view=31,org_changeCycle=0,cur_changeCycle=0,to_view=32
info|2019-12-13 23:28:05.483991|[g:1][CONSENSUS]addRawPrepare,height=189,reqIdx=0,hash=a9093537...
info|2019-12-13 23:28:05.484502|[g:1][CONSENSUS][PBFT]checkTimeout Succ,view=32,toView=33,nodeIdx=1,changeCycle=0,myNode=666cc18d...,timecost=0.385
info|2019-12-13 23:28:05.492751|[g:1][CONSENSUS][PBFT]checkAndChangeView: Reach consensus,org_view=32,org_changeCycle=0,cur_changeCycle=0,to_view=33
info|2019-12-13 23:28:06.499988|[g:1][CONSENSUS][SEALER]++++++++++++++++ Generating seal on,blkNum=189,tx=0,nodeIdx=1,hash=80513521...
info|2019-12-13 23:28:06.503343|[g:1][CONSENSUS][PBFT]checkTimeout Succ,view=33,toView=34,nodeIdx=1,changeCycle=0,myNode=666cc18d...,timecost=0.306
info|2019-12-13 23:28:06.505116|[g:1][CONSENSUS][PBFT]checkAndChangeView: Reach consensus,org_view=33,org_changeCycle=0,cur_changeCycle=0,to_view=34
info|2019-12-13 23:28:07.516059|[g:1][CONSENSUS]addRawPrepare,height=189,reqIdx=2,hash=830efdb5...
info|2019-12-13 23:28:07.516402|[g:1][CONSENSUS][PBFT]checkTimeout Succ,view=34,toView=35,nodeIdx=1,changeCycle=0,myNode=666cc18d...,timecost=0.24
info|2019-12-13 23:28:07.518757|[g:1][CONSENSUS][PBFT]checkAndChangeView: Reach consensus,org_view=34,org_changeCycle=0,cur_changeCycle=0,to_view=35
info|2019-12-13 23:28:08.529036|[g:1][CONSENSUS]addRawPrepare,height=189,reqIdx=3,hash=16f329ee...
info|2019-12-13 23:28:08.531967|[g:1][CONSENSUS][PBFT]checkTimeout Succ,view=35,toView=36,nodeIdx=1,changeCycle=0,myNode=666cc18d...,timecost=2.786
info|2019-12-13 23:28:08.540937|[g:1][CONSENSUS][PBFT]checkAndChangeView: Reach consensus,org_view=35,org_changeCycle=0,cur_changeCycle=0,to_view=36
info|2019-12-13 23:28:09.541721|[g:1][CONSENSUS]addRawPrepare,height=189,reqIdx=0,hash=d70a279e...
info|2019-12-13 23:28:09.542118|[g:1][CONSENSUS][PBFT]checkTimeout Succ,view=36,toView=37,nodeIdx=1,changeCycle=0,myNode=666cc18d...,timecost=0.284
info|2019-12-13 23:28:09.564892|[g:1][CONSENSUS][PBFT]checkAndChangeView: Reach consensus,org_view=36,org_changeCycle=0,cur_changeCycle=0,to_view=37
info|2019-12-13 23:28:10.566425|[g:1][CONSENSUS][SEALER]++++++++++++++++ Generating seal on,blkNum=189,tx=0,nodeIdx=1,hash=1bd7e39b...
info|2019-12-13 23:28:10.567493|[g:1][CONSENSUS][PBFT]checkTimeout Succ,view=37,toView=38,nodeIdx=1,changeCycle=0,myNode=666cc18d...,timecost=0.606
info|2019-12-13 23:28:10.572022|[g:1][CONSENSUS][PBFT]checkAndChangeView: Reach consensus,org_view=37,org_changeCycle=0,cur_changeCycle=0,to_view=38
info|2019-12-13 23:28:11.576300|[g:1][CONSENSUS]addRawPrepare,height=189,reqIdx=2,hash=e332ce25...
info|2019-12-13 23:28:11.580126|[g:1][CONSENSUS][PBFT]checkTimeout Succ,view=38,toView=39,nodeIdx=1,changeCycle=0,myNode=666cc18d...,timecost=2.122
info|2019-12-13 23:28:11.580916|[g:1][CONSENSUS][PBFT]checkAndChangeView: Reach consensus,org_view=38,org_changeCycle=0,cur_changeCycle=0,to_view=39
info|2019-12-13 23:28:11.679072|[P2P][Service] heartBeat,connected count=3
info|2019-12-13 23:28:12.595125|[g:1][CONSENSUS]addRawPrepare,height=189,reqIdx=3,hash=a6737ea9...
info|2019-12-13 23:28:12.613704|[g:1][CONSENSUS][PBFT]checkTimeout Succ,view=39,toView=40,nodeIdx=1,changeCycle=0,myNode=666cc18d...,timecost=0.827
info|2019-12-13 23:28:12.636084|[g:1][CONSENSUS][PBFT]checkAndChangeView: Reach consensus,org_view=39,org_changeCycle=0,cur_changeCycle=0,to_view=40
info|2019-12-13 23:28:13.626520|[g:1][CONSENSUS]addRawPrepare,height=189,reqIdx=0,hash=e7d6a47e...
info|2019-12-13 23:28:13.626836|[g:1][CONSENSUS][PBFT]checkTimeout Succ,view=40,toView=41,nodeIdx=1,changeCycle=0,myNode=666cc18d...,timecost=0.274
info|2019-12-13 23:28:13.628401|[g:1][CONSENSUS][PBFT]checkAndChangeView: Reach consensus,org_view=40,org_changeCycle=0,cur_changeCycle=0,to_view=41
info|2019-12-13 23:28:14.629170|[g:1][CONSENSUS][SEALER]++++++++++++++++ Generating seal on,blkNum=189,tx=0,nodeIdx=1,hash=0c830b1c...
info|2019-12-13 23:28:14.645684|[g:1][CONSENSUS][PBFT]checkTimeout Succ,view=41,toView=42,nodeIdx=1,changeCycle=0,myNode=666cc18d...,timecost=10.639
info|2019-12-13 23:28:14.648539|[g:1][CONSENSUS][PBFT]checkAndChangeView: Reach consensus,org_view=41,org_changeCycle=0,cur_changeCycle=0,to_view=42
info|2019-12-13 23:28:15.650025|[g:1][CONSENSUS]addRawPrepare,height=189,reqIdx=2,hash=938f216d...
info|2019-12-13 23:28:15.691762|[g:1][CONSENSUS][PBFT]checkTimeout Succ,view=42,toView=43,nodeIdx=1,changeCycle=0,myNode=666cc18d...,timecost=1.423
info|2019-12-13 23:28:15.714672|[g:1][CONSENSUS][PBFT]checkAndChangeView: Reach consensus,org_view=42,org_changeCycle=0,cur_changeCycle=0,to_view=43
info|2019-12-13 23:28:16.694789|[g:1][CONSENSUS]addRawPrepare,height=189,reqIdx=3,hash=3d204d69...
info|2019-12-13 23:28:16.698090|[g:1][CONSENSUS][PBFT]checkTimeout Succ,view=43,toView=44,nodeIdx=1,changeCycle=0,myNode=666cc18d...,timecost=2.395
info|2019-12-13 23:28:16.704638|[g:1][CONSENSUS][PBFT]checkAndChangeView: Reach consensus,org_view=43,org_changeCycle=0,cur_changeCycle=0,to_view=44
info|2019-12-13 23:28:17.713253|[g:1][CONSENSUS]addRawPrepare,height=189,reqIdx=0,hash=597f3974...
info|2019-12-13 23:28:17.713717|[g:1][CONSENSUS][PBFT]checkTimeout Succ,view=44,toView=45,nodeIdx=1,changeCycle=0,myNode=666cc18d...,timecost=0.305
info|2019-12-13 23:28:17.732217|[g:1][CONSENSUS][PBFT]checkAndChangeView: Reach consensus,org_view=44,org_changeCycle=0,cur_changeCycle=0,to_view=45
info|2019-12-13 23:28:18.733570|[g:1][CONSENSUS][SEALER]++++++++++++++++ Generating seal on,blkNum=189,tx=0,nodeIdx=1,hash=c3ed4401...
info|2019-12-13 23:28:18.750426|[g:1][CONSENSUS][PBFT]checkTimeout Succ,view=45,toView=46,nodeIdx=1,changeCycle=0,myNode=666cc18d...,timecost=0.696
info|2019-12-13 23:28:18.756236|[g:1][CONSENSUS][PBFT]checkAndChangeView: Reach consensus,org_view=45,org_changeCycle=0,cur_changeCycle=0,to_view=46
info|2019-12-13 23:28:19.759664|[g:1][CONSENSUS]addRawPrepare,height=189,reqIdx=2,hash=7eeefc57...
info|2019-12-13 23:28:19.760081|[g:1][CONSENSUS][PBFT]checkTimeout Succ,view=46,toView=47,nodeIdx=1,changeCycle=0,myNode=666cc18d...,timecost=0.239
info|2019-12-13 23:28:19.764003|[g:1][CONSENSUS][PBFT]checkAndChangeView: Reach consensus,org_view=46,org_changeCycle=0,cur_changeCycle=0,to_view=47
info|2019-12-13 23:28:20.767373|[g:1][CONSENSUS]addRawPrepare,height=189,reqIdx=3,hash=b603d217...
info|2019-12-13 23:28:20.767963|[g:1][CONSENSUS][PBFT]checkTimeout Succ,view=47,toView=48,nodeIdx=1,changeCycle=0,myNode=666cc18d...,timecost=0.325
info|2019-12-13 23:28:20.773068|[g:1][CONSENSUS][PBFT]checkAndChangeView: Reach consensus,org_view=47,org_changeCycle=0,cur_changeCycle=0,to_view=48
info|2019-12-13 23:28:21.680189|[P2P][Service] heartBeat,connected count=3
info|2019-12-13 23:28:21.776052|[g:1][CONSENSUS]addRawPrepare,height=189,reqIdx=0,hash=49f25b65...
info|2019-12-13 23:28:21.776572|[g:1][CONSENSUS][PBFT]checkTimeout Succ,view=48,toView=49,nodeIdx=1,changeCycle=0,myNode=666cc18d...,timecost=0.418
info|2019-12-13 23:28:21.777449|[g:1][CONSENSUS][PBFT]checkAndChangeView: Reach consensus,org_view=48,org_changeCycle=0,cur_changeCycle=0,to_view=49
info|2019-12-13 23:28:22.777464|[g:1][CONSENSUS][SEALER]++++++++++++++++ Generating seal on,blkNum=189,tx=0,nodeIdx=1,hash=5037f31c...
info|2019-12-13 23:28:22.784543|[g:1][CONSENSUS][PBFT]checkTimeout Succ,view=49,toView=50,nodeIdx=1,changeCycle=0,myNode=666cc18d...,timecost=0.334
info|2019-12-13 23:28:22.789389|[g:1][CONSENSUS][PBFT]checkAndChangeView: Reach consensus,org_view=49,org_changeCycle=0,cur_changeCycle=0,to_view=50
info|2019-12-13 23:28:23.792191|[g:1][CONSENSUS]addRawPrepare,height=189,reqIdx=2,hash=58403e60...
info|2019-12-13 23:28:23.792917|[g:1][CONSENSUS][PBFT]checkTimeout Succ,view=50,toView=51,nodeIdx=1,changeCycle=0,myNode=666cc18d...,timecost=0.532
info|2019-12-13 23:28:23.811400|[g:1][CONSENSUS][PBFT]checkAndChangeView: Reach consensus,org_view=50,org_changeCycle=0,cur_changeCycle=0,to_view=51
info|2019-12-13 23:28:24.818355|[g:1][CONSENSUS]addRawPrepare,height=189,reqIdx=3,hash=9a65ec8c...
info|2019-12-13 23:28:24.818831|[g:1][CONSENSUS][PBFT]checkTimeout Succ,view=51,toView=52,nodeIdx=1,changeCycle=0,myNode=666cc18d...,timecost=0.421
info|2019-12-13 23:28:24.820628|[g:1][CONSENSUS][PBFT]checkAndChangeView: Reach consensus,org_view=51,org_changeCycle=0,cur_changeCycle=0,to_view=52
info|2019-12-13 23:28:25.824652|[g:1][CONSENSUS]addRawPrepare,height=189,reqIdx=0,hash=9a205ea5...
info|2019-12-13 23:28:25.825433|[g:1][CONSENSUS][PBFT]checkTimeout Succ,view=52,toView=53,nodeIdx=1,changeCycle=0,myNode=666cc18d...,timecost=0.54
info|2019-12-13 23:28:25.830129|[g:1][CONSENSUS][PBFT]checkAndChangeView: Reach consensus,org_view=52,org_changeCycle=0,cur_changeCycle=0,to_view=53
info|2019-12-13 23:28:26.830902|[g:1][CONSENSUS][SEALER]++++++++++++++++ Generating seal on,blkNum=189,tx=0,nodeIdx=1,hash=1b3e5bfd...
info|2019-12-13 23:28:26.835905|[g:1][CONSENSUS][PBFT]checkTimeout Succ,view=53,toView=54,nodeIdx=1,changeCycle=0,myNode=666cc18d...,timecost=0.511
info|2019-12-13 23:28:26.839262|[g:1][CONSENSUS][PBFT]checkAndChangeView: Reach consensus,org_view=53,org_changeCycle=0,cur_changeCycle=0,to_view=54
info|2019-12-13 23:28:27.852026|[g:1][CONSENSUS]addRawPrepare,height=189,reqIdx=2,hash=5a93297f...
info|2019-12-13 23:28:27.852363|[g:1][CONSENSUS][PBFT]checkTimeout Succ,view=54,toView=55,nodeIdx=1,changeCycle=0,myNode=666cc18d...,timecost=0.246
info|2019-12-13 23:28:27.852839|[g:1][CONSENSUS][PBFT]checkAndChangeView: Reach consensus,org_view=54,org_changeCycle=0,cur_changeCycle=0,to_view=55
info|2019-12-13 23:28:28.852484|[g:1][CONSENSUS]addRawPrepare,height=189,reqIdx=3,hash=3a4e24ae...
info|2019-12-13 23:28:28.852867|[g:1][CONSENSUS][PBFT]checkTimeout Succ,view=55,toView=56,nodeIdx=1,changeCycle=0,myNode=666cc18d...,timecost=0.327
info|2019-12-13 23:28:28.854686|[g:1][CONSENSUS][PBFT]checkAndChangeView: Reach consensus,org_view=55,org_changeCycle=0,cur_changeCycle=0,to_view=56
info|2019-12-13 23:28:29.861246|[g:1][CONSENSUS]addRawPrepare,height=189,reqIdx=0,hash=37680202...
info|2019-12-13 23:28:29.861610|[g:1][CONSENSUS][PBFT]checkTimeout Succ,view=56,toView=57,nodeIdx=1,changeCycle=0,myNode=666cc18d...,timecost=0.251
info|2019-12-13 23:28:29.868451|[g:1][CONSENSUS][PBFT]checkAndChangeView: Reach consensus,org_view=56,org_changeCycle=0,cur_changeCycle=0,to_view=57
info|2019-12-13 23:28:30.870576|[g:1][CONSENSUS][SEALER]++++++++++++++++ Generating seal on,blkNum=189,tx=0,nodeIdx=1,hash=2dc9f3fd...
info|2019-12-13 23:28:30.873028|[g:1][CONSENSUS][PBFT]checkTimeout Succ,view=57,toView=58,nodeIdx=1,changeCycle=0,myNode=666cc18d...,timecost=0.364
info|2019-12-13 23:28:30.875624|[g:1][CONSENSUS][PBFT]checkAndChangeView: Reach consensus,org_view=57,org_changeCycle=0,cur_changeCycle=0,to_view=58
info|2019-12-13 23:28:31.680751|[P2P][Service] heartBeat,connected count=3
info|2019-12-13 23:28:31.879817|[g:1][CONSENSUS]addRawPrepare,height=189,reqIdx=2,hash=c1209691...
info|2019-12-13 23:28:31.880252|[g:1][CONSENSUS][PBFT]checkTimeout Succ,view=58,toView=59,nodeIdx=1,changeCycle=0,myNode=666cc18d...,timecost=0.326
info|2019-12-13 23:28:31.882299|[g:1][CONSENSUS][PBFT]checkAndChangeView: Reach consensus,org_view=58,org_changeCycle=0,cur_changeCycle=0,to_view=59
info|2019-12-13 23:28:32.890127|[g:1][CONSENSUS]addRawPrepare,height=189,reqIdx=3,hash=ae3ab4eb...
info|2019-12-13 23:28:32.890593|[g:1][CONSENSUS][PBFT]checkTimeout Succ,view=59,toView=60,nodeIdx=1,changeCycle=0,myNode=666cc18d...,timecost=0.404
info|2019-12-13 23:28:32.891661|[g:1][CONSENSUS][PBFT]checkAndChangeView: Reach consensus,org_view=59,org_changeCycle=0,cur_changeCycle=0,to_view=60
info|2019-12-13 23:28:33.895906|[g:1][CONSENSUS]addRawPrepare,height=189,reqIdx=0,hash=63199676...
info|2019-12-13 23:28:33.899003|[g:1][CONSENSUS][PBFT]checkTimeout Succ,view=60,toView=61,nodeIdx=1,changeCycle=0,myNode=666cc18d...,timecost=3.05
info|2019-12-13 23:28:33.900339|[g:1][CONSENSUS][PBFT]checkAndChangeView: Reach consensus,org_view=60,org_changeCycle=0,cur_changeCycle=0,to_view=61
info|2019-12-13 23:28:34.649340|[LEDGER]stop sealer,groupID=1
info|2019-12-13 23:28:34.649370|[CONSENSUS][SEALER]Stop sealer module...
info|2019-12-13 23:28:34.650901|[CONSENSUS][ConsensusEngine][Stop ConsensusEngineBase]
info|2019-12-13 23:28:34.661658|[CONSENSUS][ConsensusEngine]ConsensusEngineBase stopped
info|2019-12-13 23:28:34.661682|[LEDGER]sealer stopped. stop sync,groupID=1
info|2019-12-13 23:28:34.704827|[SYNC][id:666cc18d...]SyncMaster stopped
info|2019-12-13 23:28:34.704869|[LEDGER]ledger stopped,groupID=1
info|2019-12-13 23:28:34.792857|[EVENT][EventLogFilterManager]stop
info|2019-12-13 23:28:34.792882|[LEDGER]event filter manager stopped,groupID=1
info|2019-12-13 23:28:34.792888|[INITIALIZER]ledgerInitializer stopped
info|2019-12-13 23:28:35.793519|[INITIALIZER]ChannelRPCHttpServer deleted.
info|2019-12-13 23:28:35.795783|[INITIALIZER]JsonrpcHttpServer deleted.
info|2019-12-13 23:28:35.795803|[INITIALIZER]RPCInitializer stopped
info|2019-12-13 23:28:35.795902|[NETWORK][Host]Host exit
info|2019-12-13 23:28:35.796998|[INITIALIZER]P2PInitializer stopped
info|2019-12-13 23:28:35.797028|[LEDGER]stop sealer,groupID=1
info|2019-12-13 23:28:35.797037|[LEDGER]sealer stopped. stop sync,groupID=1
info|2019-12-13 23:28:35.797045|[SYNC][id:666cc18d...]SyncMaster stopped
info|2019-12-13 23:28:35.797051|[LEDGER]ledger stopped,groupID=1
info|2019-12-13 23:28:35.797056|[LEDGER]event filter manager stopped,groupID=1
info|2019-12-13 23:28:35.797066|[STORAGE]Stopping flushStorage thread
info|2019-12-13 23:28:35.857055|[STORAGE]flushStorage thread stopped.
info|2019-12-13 23:28:35.857098|[DBINITIALIZER] storage stopped
info|2019-12-13 23:28:35.860955|[SYNC][id:666cc18d...]SyncMaster stopped
