info|2019-12-13 23:29:01.302144|[INITIALIZER][initGlobalConfig],enableCompress=true,compatibilityVersion=2.1.0,versionNumber=33619968,chainId=1
info|2019-12-13 23:29:01.339777|[NETWORK][Host]Connecting to node,endpoint=127.0.0.1:30300
info|2019-12-13 23:29:01.339907|[NETWORK][Host]Connecting to node,endpoint=127.0.0.1:30301
info|2019-12-13 23:29:01.340005|[NETWORK][Host]Connecting to node,endpoint=127.0.0.1:30302
info|2019-12-13 23:29:01.340056|[NETWORK][Host]Connecting to node,endpoint=127.0.0.1:30303
info|2019-12-13 23:29:01.340098|[P2P][Service] heartBeat,connected count=0
info|2019-12-13 23:29:01.340761|[CHANNEL]ChannelRPCServer started
info|2019-12-13 23:29:01.340788|[INITIALIZER][RPCInitializer]ChannelRPCHttpServer started.
info|2019-12-13 23:29:01.340810|[LedgerInitializer],groupConfigPath=conf/
info|2019-12-13 23:29:01.340919|[INITIALIZER][initSingleLedger] [GroupId]:  1
info|2019-12-13 23:29:01.340948|[g:1][LEDGER]LedgerConstructor,configPath=conf/group.1.genesis,baseDir=data//group1
info|2019-12-13 23:29:01.340965|[g:1][LEDGER][initGenesisConfig]initConsensusConfig/initDBConfig/initTxConfig,configFile=conf/group.1.genesis
info|2019-12-13 23:29:01.341045|[g:1][LEDGER][initConsensusConfig],it.first=35c59b3b23cdd1c2c2f57db1f1dbeaf983c49fe2187162e4b29c80d4ca15734cea9ea59bca8ca630d5e04b65d91ccd1857cd0631bfb516820a36d713c6f720e7
info|2019-12-13 23:29:01.341070|[g:1][LEDGER][initConsensusConfig],it.first=e6076d91034c5a4a09eaa51135257b589582ebe2067c84fc5753ec36b917a6422f4be67dbce7d190fba3c58ec93ab089271c4f34e2703e90561942be46352226
info|2019-12-13 23:29:01.341184|[g:1][LEDGER][initConsensusConfig],it.first=666cc18d0aa895e44c65d73acb4b2c7a88f18d67e97a92ea0d8d936e14a0810cbe594ff5acc64a124354bf37d12bfe1a25d5ba25471b8b5c06811657d4ecfb26
info|2019-12-13 23:29:01.341230|[g:1][LEDGER][initConsensusConfig],it.first=b57de52ba5760f320ba25d64044b4eaf606ca8856817cf545ab1f2bfe116f558b5d4687509c01e1f8fe3a72f8869b173ab1644091dd58a93f8e05d6e4952ec42
info|2019-12-13 23:29:01.341299|[g:1][LEDGER][initIniConfig]initTxPoolConfig/initSyncConfig/initTxExecuteConfig,configFile=conf/group.1.ini
info|2019-12-13 23:29:01.341450|[g:1][LEDGER][initLedger][DBInitializer]
info|2019-12-13 23:29:01.341487|[g:1][DBINITIALIZER] [initRocksDBStorage]
info|2019-12-13 23:29:01.341578|[g:1][ROCKSDB]open rocksDB handler
info|2019-12-13 23:29:01.347704|[NETWORK][Host]P2P StartAccept,Host=0.0.0.0:30300
info|2019-12-13 23:29:01.347887|[NETWORK][ASIO]asyncResolveConnect,endpoint=127.0.0.1:30300
info|2019-12-13 23:29:01.347956|[NETWORK][ASIO]asyncResolveConnect,endpoint=127.0.0.1:30301
info|2019-12-13 23:29:01.348012|[NETWORK][ASIO]asyncResolveConnect,endpoint=127.0.0.1:30302
info|2019-12-13 23:29:01.348065|[NETWORK][ASIO]asyncResolveConnect,endpoint=127.0.0.1:30303
info|2019-12-13 23:29:01.348232|[NETWORK][Host]P2P Recv Connect, From=127.0.0.1:42370
info|2019-12-13 23:29:01.348293|[NETWORK][Host]P2P StartAccept,Host=0.0.0.0:30300
warning|2019-12-13 23:29:01.348481|[NETWORK][Host]TCP Connection refused by node,endpoint=127.0.0.1:30303,message=Connection refused
warning|2019-12-13 23:29:01.351520|[P2P][Service] onConnect,errorCode=5,what=Connect failed
info|2019-12-13 23:29:01.379824|[NETWORK][Host]P2P Recv Connect, From=127.0.0.1:42378
info|2019-12-13 23:29:01.381306|[g:1][g:0][STORAGE][CachedStorage]Init flushStorage thread
info|2019-12-13 23:29:01.381785|[g:1][BLOCKCHAIN][#checkAndBuildGenesisBlock]Already have the 0th block, 0th groupMark is equal to file groupMark.
info|2019-12-13 23:29:01.399384|[NETWORK][Host]P2P StartAccept,Host=0.0.0.0:30300
info|2019-12-13 23:29:01.430714|[NETWORK][Host]P2P Recv Connect, From=127.0.0.1:42386
info|2019-12-13 23:29:01.430806|[NETWORK][Host]P2P StartAccept,Host=0.0.0.0:30300
info|2019-12-13 23:29:01.430925|[NETWORK][Host]startPeerSession, From=127.0.0.1:42370,nodeID=35c59b3b...
info|2019-12-13 23:29:01.438916|[g:1][CONSENSUS][PBFT]Register handler for PBFTEngine
info|2019-12-13 23:29:01.442309|[NETWORK][Host]startPeerSession, From=127.0.0.1:30300,nodeID=35c59b3b...
info|2019-12-13 23:29:01.444580|[NETWORK][Host]P2P Recv Connect, From=127.0.0.1:42394
info|2019-12-13 23:29:01.447145|[NETWORK][Host]P2P StartAccept,Host=0.0.0.0:30300
info|2019-12-13 23:29:01.447531|[P2P][Service] Connection established,nodeID=e6076d91...,endpoint=127.0.0.1:30301
info|2019-12-13 23:29:01.447577|[NETWORK][Host]startPeerSession, From=127.0.0.1:30301,nodeID=e6076d91...
info|2019-12-13 23:29:01.456780|[g:1][CONSENSUS][PBFT],minBlockGenerationTime=500
info|2019-12-13 23:29:01.456831|[LedgerInitializer init group succ],groupID=1
info|2019-12-13 23:29:01.457656|[INITIALIZER][RPCInitializer]JsonrpcHttpServer started.
info|2019-12-13 23:29:01.457698|[g:1][LEDGER]startAll...
info|2019-12-13 23:29:01.466479|[g:1][CONSENSUS][PBFT]^^^^^^^^Report,num=188,sealerIdx=3,hash=677d7f4e...,next=189,tx=1,nodeIdx=0
info|2019-12-13 23:29:01.477888|[NETWORK][Host]startPeerSession, From=127.0.0.1:42378,nodeID=e6076d91...
info|2019-12-13 23:29:01.479743|[g:1][CONSENSUS][PBFT][PBFT init env successfully]
info|2019-12-13 23:29:01.479765|[g:1][CONSENSUS][ConsensusEngine][Start ConsensusEngineBase]
info|2019-12-13 23:29:01.482545|[P2P][Service] Connection established,nodeID=b57de52b...,endpoint=127.0.0.1:42394
info|2019-12-13 23:29:01.482608|[NETWORK][Host]startPeerSession, From=127.0.0.1:42394,nodeID=b57de52b...
info|2019-12-13 23:29:01.482955|[P2P][Service] Connection established,nodeID=666cc18d...,endpoint=127.0.0.1:30302
info|2019-12-13 23:29:01.483020|[NETWORK][Host]startPeerSession, From=127.0.0.1:30302,nodeID=666cc18d...
info|2019-12-13 23:29:01.483713|[g:1][CONSENSUS][PBFT][Start PBFTEngine...]
info|2019-12-13 23:29:01.483739|[g:1][CONSENSUS][SEALER][Start sealer module]
info|2019-12-13 23:29:01.485200|[g:1][EVENT][EventLogFilterManager]start,m_maxBlockRange=0,m_maxBlockPerLoopFilter=3
info|2019-12-13 23:29:01.491524|[NETWORK][Host]startPeerSession, From=127.0.0.1:42386,nodeID=666cc18d...
info|2019-12-13 23:29:02.480074|[g:1][CONSENSUS][SEALER]++++++++++++++++ Generating seal on,blkNum=189,tx=0,nodeIdx=0,hash=e3d615ac...
info|2019-12-13 23:29:02.481073|[g:1][CONSENSUS][PBFT]checkTimeout Succ,view=0,toView=1,nodeIdx=0,changeCycle=0,myNode=35c59b3b...,timecost=0.391
info|2019-12-13 23:29:02.484473|[g:1][CONSENSUS][PBFT]checkAndChangeView: Reach consensus,org_view=0,org_changeCycle=0,cur_changeCycle=0,to_view=1
info|2019-12-13 23:29:03.494166|[g:1][CONSENSUS]addRawPrepare,height=189,reqIdx=1,hash=3f471720...
info|2019-12-13 23:29:03.494830|[g:1][CONSENSUS][PBFT]checkTimeout Succ,view=1,toView=2,nodeIdx=0,changeCycle=0,myNode=35c59b3b...,timecost=0.559
info|2019-12-13 23:29:03.496884|[g:1][CONSENSUS][PBFT]checkAndChangeView: Reach consensus,org_view=1,org_changeCycle=0,cur_changeCycle=0,to_view=2
info|2019-12-13 23:29:04.502835|[g:1][CONSENSUS]addRawPrepare,height=189,reqIdx=2,hash=c6cabe96...
info|2019-12-13 23:29:04.503409|[g:1][CONSENSUS][PBFT]checkTimeout Succ,view=2,toView=3,nodeIdx=0,changeCycle=0,myNode=35c59b3b...,timecost=0.452
info|2019-12-13 23:29:04.510164|[g:1][CONSENSUS][PBFT]checkAndChangeView: Reach consensus,org_view=2,org_changeCycle=0,cur_changeCycle=0,to_view=3
info|2019-12-13 23:29:05.510791|[g:1][CONSENSUS]addRawPrepare,height=189,reqIdx=3,hash=75eef147...
info|2019-12-13 23:29:05.511894|[g:1][CONSENSUS][PBFT]checkTimeout Succ,view=3,toView=4,nodeIdx=0,changeCycle=0,myNode=35c59b3b...,timecost=1.005
info|2019-12-13 23:29:05.520850|[g:1][CONSENSUS][PBFT]checkAndChangeView: Reach consensus,org_view=3,org_changeCycle=0,cur_changeCycle=0,to_view=4
info|2019-12-13 23:29:06.522836|[g:1][CONSENSUS][SEALER]++++++++++++++++ Generating seal on,blkNum=189,tx=0,nodeIdx=0,hash=78951c23...
info|2019-12-13 23:29:06.526901|[g:1][CONSENSUS][PBFT]checkTimeout Succ,view=4,toView=5,nodeIdx=0,changeCycle=0,myNode=35c59b3b...,timecost=1.385
info|2019-12-13 23:29:06.530269|[g:1][CONSENSUS][PBFT]checkAndChangeView: Reach consensus,org_view=4,org_changeCycle=0,cur_changeCycle=0,to_view=5
info|2019-12-13 23:29:07.544842|[g:1][CONSENSUS]addRawPrepare,height=189,reqIdx=1,hash=8d66faa9...
info|2019-12-13 23:29:07.545884|[g:1][CONSENSUS][PBFT]checkTimeout Succ,view=5,toView=6,nodeIdx=0,changeCycle=0,myNode=35c59b3b...,timecost=0.494
info|2019-12-13 23:29:07.552643|[g:1][CONSENSUS][PBFT]checkAndChangeView: Reach consensus,org_view=5,org_changeCycle=0,cur_changeCycle=0,to_view=6
info|2019-12-13 23:29:08.561469|[g:1][CONSENSUS]addRawPrepare,height=189,reqIdx=2,hash=bf526d59...
info|2019-12-13 23:29:08.561809|[g:1][CONSENSUS][PBFT]checkTimeout Succ,view=6,toView=7,nodeIdx=0,changeCycle=0,myNode=35c59b3b...,timecost=0.289
info|2019-12-13 23:29:08.562229|[g:1][CONSENSUS][PBFT]checkAndChangeView: Reach consensus,org_view=6,org_changeCycle=0,cur_changeCycle=0,to_view=7
info|2019-12-13 23:29:09.564659|[g:1][CONSENSUS]addRawPrepare,height=189,reqIdx=3,hash=681452af...
info|2019-12-13 23:29:09.565397|[g:1][CONSENSUS][PBFT]checkTimeout Succ,view=7,toView=8,nodeIdx=0,changeCycle=0,myNode=35c59b3b...,timecost=0.495
info|2019-12-13 23:29:09.571331|[g:1][CONSENSUS][PBFT]checkAndChangeView: Reach consensus,org_view=7,org_changeCycle=0,cur_changeCycle=0,to_view=8
info|2019-12-13 23:29:10.571998|[g:1][CONSENSUS][SEALER]++++++++++++++++ Generating seal on,blkNum=189,tx=0,nodeIdx=0,hash=18d6d023...
info|2019-12-13 23:29:10.573796|[g:1][CONSENSUS][PBFT]checkTimeout Succ,view=8,toView=9,nodeIdx=0,changeCycle=0,myNode=35c59b3b...,timecost=0.333
info|2019-12-13 23:29:10.580784|[g:1][CONSENSUS][PBFT]checkAndChangeView: Reach consensus,org_view=8,org_changeCycle=0,cur_changeCycle=0,to_view=9
info|2019-12-13 23:29:11.341386|[NETWORK][Host]Connecting to node,endpoint=127.0.0.1:30303
info|2019-12-13 23:29:11.341586|[P2P][Service] heartBeat,connected count=3
info|2019-12-13 23:29:11.341859|[NETWORK][ASIO]asyncResolveConnect,endpoint=127.0.0.1:30303
info|2019-12-13 23:29:11.352539|[NETWORK][Host]startPeerSession, From=127.0.0.1:30303,nodeID=b57de52b...
info|2019-12-13 23:29:11.588187|[g:1][CONSENSUS]addRawPrepare,height=189,reqIdx=1,hash=e5d7bcf1...
info|2019-12-13 23:29:11.591215|[g:1][CONSENSUS][PBFT]checkTimeout Succ,view=9,toView=10,nodeIdx=0,changeCycle=0,myNode=35c59b3b...,timecost=2.87
info|2019-12-13 23:29:11.593941|[g:1][CONSENSUS][PBFT]checkAndChangeView: Reach consensus,org_view=9,org_changeCycle=0,cur_changeCycle=0,to_view=10
info|2019-12-13 23:29:12.598011|[g:1][CONSENSUS]addRawPrepare,height=189,reqIdx=2,hash=fa5aa9e2...
info|2019-12-13 23:29:12.598740|[g:1][CONSENSUS][PBFT]checkTimeout Succ,view=10,toView=11,nodeIdx=0,changeCycle=0,myNode=35c59b3b...,timecost=0.453
info|2019-12-13 23:29:12.604992|[g:1][CONSENSUS][PBFT]checkAndChangeView: Reach consensus,org_view=10,org_changeCycle=0,cur_changeCycle=0,to_view=11
info|2019-12-13 23:29:13.605970|[g:1][CONSENSUS]addRawPrepare,height=189,reqIdx=3,hash=8a85cec6...
info|2019-12-13 23:29:13.606593|[g:1][CONSENSUS][PBFT]checkTimeout Succ,view=11,toView=12,nodeIdx=0,changeCycle=0,myNode=35c59b3b...,timecost=0.494
info|2019-12-13 23:29:13.614460|[g:1][CONSENSUS][PBFT]checkAndChangeView: Reach consensus,org_view=11,org_changeCycle=0,cur_changeCycle=0,to_view=12
info|2019-12-13 23:29:14.614623|[g:1][CONSENSUS][SEALER]++++++++++++++++ Generating seal on,blkNum=189,tx=0,nodeIdx=0,hash=aa0a2249...
info|2019-12-13 23:29:14.616370|[g:1][CONSENSUS][PBFT]checkTimeout Succ,view=12,toView=13,nodeIdx=0,changeCycle=0,myNode=35c59b3b...,timecost=0.904
info|2019-12-13 23:29:14.622755|[g:1][CONSENSUS][PBFT]checkAndChangeView: Reach consensus,org_view=12,org_changeCycle=0,cur_changeCycle=0,to_view=13
info|2019-12-13 23:29:15.624107|[g:1][CONSENSUS]addRawPrepare,height=189,reqIdx=1,hash=158f0e0a...
info|2019-12-13 23:29:15.624492|[g:1][CONSENSUS][PBFT]checkTimeout Succ,view=13,toView=14,nodeIdx=0,changeCycle=0,myNode=35c59b3b...,timecost=0.24
info|2019-12-13 23:29:15.626792|[g:1][CONSENSUS][PBFT]checkAndChangeView: Reach consensus,org_view=13,org_changeCycle=0,cur_changeCycle=0,to_view=14
info|2019-12-13 23:29:16.634331|[g:1][CONSENSUS]addRawPrepare,height=189,reqIdx=2,hash=2653d8f6...
info|2019-12-13 23:29:16.634749|[g:1][CONSENSUS][PBFT]checkTimeout Succ,view=14,toView=15,nodeIdx=0,changeCycle=0,myNode=35c59b3b...,timecost=0.291
info|2019-12-13 23:29:16.637256|[g:1][CONSENSUS][PBFT]checkAndChangeView: Reach consensus,org_view=14,org_changeCycle=0,cur_changeCycle=0,to_view=15
info|2019-12-13 23:29:17.640615|[g:1][CONSENSUS]addRawPrepare,height=189,reqIdx=3,hash=89d3a0ab...
info|2019-12-13 23:29:17.640960|[g:1][CONSENSUS][PBFT]checkTimeout Succ,view=15,toView=16,nodeIdx=0,changeCycle=0,myNode=35c59b3b...,timecost=0.242
info|2019-12-13 23:29:17.645812|[g:1][CONSENSUS][PBFT]checkAndChangeView: Reach consensus,org_view=15,org_changeCycle=0,cur_changeCycle=0,to_view=16
info|2019-12-13 23:29:18.645963|[g:1][CONSENSUS][SEALER]++++++++++++++++ Generating seal on,blkNum=189,tx=0,nodeIdx=0,hash=4130af00...
info|2019-12-13 23:29:18.646893|[g:1][CONSENSUS][PBFT]checkTimeout Succ,view=16,toView=17,nodeIdx=0,changeCycle=0,myNode=35c59b3b...,timecost=0.502
info|2019-12-13 23:29:18.657255|[g:1][CONSENSUS][PBFT]checkAndChangeView: Reach consensus,org_view=16,org_changeCycle=0,cur_changeCycle=0,to_view=17
info|2019-12-13 23:29:19.657766|[g:1][CONSENSUS]addRawPrepare,height=189,reqIdx=1,hash=c74efd67...
info|2019-12-13 23:29:19.658161|[g:1][CONSENSUS][PBFT]checkTimeout Succ,view=17,toView=18,nodeIdx=0,changeCycle=0,myNode=35c59b3b...,timecost=0.281
info|2019-12-13 23:29:19.668389|[g:1][CONSENSUS][PBFT]checkAndChangeView: Reach consensus,org_view=17,org_changeCycle=0,cur_changeCycle=0,to_view=18
info|2019-12-13 23:29:20.673786|[g:1][CONSENSUS]addRawPrepare,height=189,reqIdx=2,hash=e63b837c...
info|2019-12-13 23:29:20.675402|[g:1][CONSENSUS][PBFT]checkTimeout Succ,view=18,toView=19,nodeIdx=0,changeCycle=0,myNode=35c59b3b...,timecost=1.233
info|2019-12-13 23:29:20.678061|[g:1][CONSENSUS][PBFT]checkAndChangeView: Reach consensus,org_view=18,org_changeCycle=0,cur_changeCycle=0,to_view=19
info|2019-12-13 23:29:21.342031|[P2P][Service] heartBeat,connected count=3
info|2019-12-13 23:29:21.691393|[g:1][CONSENSUS]addRawPrepare,height=189,reqIdx=3,hash=6c48b010...
info|2019-12-13 23:29:21.691789|[g:1][CONSENSUS][PBFT]checkTimeout Succ,view=19,toView=20,nodeIdx=0,changeCycle=0,myNode=35c59b3b...,timecost=0.341
info|2019-12-13 23:29:21.694861|[g:1][CONSENSUS][PBFT]checkAndChangeView: Reach consensus,org_view=19,org_changeCycle=0,cur_changeCycle=0,to_view=20
info|2019-12-13 23:29:22.695798|[g:1][CONSENSUS][SEALER]++++++++++++++++ Generating seal on,blkNum=189,tx=0,nodeIdx=0,hash=9da64771...
info|2019-12-13 23:29:22.696544|[g:1][CONSENSUS][PBFT]checkTimeout Succ,view=20,toView=21,nodeIdx=0,changeCycle=0,myNode=35c59b3b...,timecost=0.287
info|2019-12-13 23:29:22.701292|[g:1][CONSENSUS][PBFT]checkAndChangeView: Reach consensus,org_view=20,org_changeCycle=0,cur_changeCycle=0,to_view=21
info|2019-12-13 23:29:23.712018|[g:1][CONSENSUS]addRawPrepare,height=189,reqIdx=1,hash=c7be8895...
info|2019-12-13 23:29:23.712358|[g:1][CONSENSUS][PBFT]checkTimeout Succ,view=21,toView=22,nodeIdx=0,changeCycle=0,myNode=35c59b3b...,timecost=0.239
info|2019-12-13 23:29:23.721417|[g:1][CONSENSUS][PBFT]checkAndChangeView: Reach consensus,org_view=21,org_changeCycle=0,cur_changeCycle=0,to_view=22
info|2019-12-13 23:29:24.726996|[g:1][CONSENSUS]addRawPrepare,height=189,reqIdx=2,hash=9d82b055...
info|2019-12-13 23:29:24.727441|[g:1][CONSENSUS][PBFT]checkTimeout Succ,view=22,toView=23,nodeIdx=0,changeCycle=0,myNode=35c59b3b...,timecost=0.334
info|2019-12-13 23:29:24.744158|[g:1][CONSENSUS][PBFT]checkAndChangeView: Reach consensus,org_view=22,org_changeCycle=0,cur_changeCycle=0,to_view=23
info|2019-12-13 23:29:25.752220|[g:1][CONSENSUS]addRawPrepare,height=189,reqIdx=3,hash=41e268be...
info|2019-12-13 23:29:25.752519|[g:1][CONSENSUS][PBFT]checkTimeout Succ,view=23,toView=24,nodeIdx=0,changeCycle=0,myNode=35c59b3b...,timecost=0.257
info|2019-12-13 23:29:25.755466|[g:1][CONSENSUS][PBFT]checkAndChangeView: Reach consensus,org_view=23,org_changeCycle=0,cur_changeCycle=0,to_view=24
info|2019-12-13 23:29:26.759992|[g:1][CONSENSUS][SEALER]++++++++++++++++ Generating seal on,blkNum=189,tx=0,nodeIdx=0,hash=a1e8d4bd...
info|2019-12-13 23:29:26.764590|[g:1][CONSENSUS][PBFT]checkTimeout Succ,view=24,toView=25,nodeIdx=0,changeCycle=0,myNode=35c59b3b...,timecost=0.63
info|2019-12-13 23:29:26.780859|[g:1][CONSENSUS][PBFT]checkAndChangeView: Reach consensus,org_view=24,org_changeCycle=0,cur_changeCycle=0,to_view=25
info|2019-12-13 23:29:27.796908|[g:1][CONSENSUS]addRawPrepare,height=189,reqIdx=1,hash=382a6c0f...
info|2019-12-13 23:29:27.797337|[g:1][CONSENSUS][PBFT]checkTimeout Succ,view=25,toView=26,nodeIdx=0,changeCycle=0,myNode=35c59b3b...,timecost=0.304
info|2019-12-13 23:29:27.799630|[g:1][CONSENSUS][PBFT]checkAndChangeView: Reach consensus,org_view=25,org_changeCycle=0,cur_changeCycle=0,to_view=26
info|2019-12-13 23:29:28.806340|[g:1][CONSENSUS]addRawPrepare,height=189,reqIdx=2,hash=286f7208...
info|2019-12-13 23:29:28.807755|[g:1][CONSENSUS][PBFT]checkTimeout Succ,view=26,toView=27,nodeIdx=0,changeCycle=0,myNode=35c59b3b...,timecost=1.266
info|2019-12-13 23:29:28.811483|[g:1][CONSENSUS][PBFT]checkAndChangeView: Reach consensus,org_view=26,org_changeCycle=0,cur_changeCycle=0,to_view=27
info|2019-12-13 23:29:29.813668|[g:1][CONSENSUS]addRawPrepare,height=189,reqIdx=3,hash=a48c0962...
info|2019-12-13 23:29:29.816417|[g:1][CONSENSUS][PBFT]checkTimeout Succ,view=27,toView=28,nodeIdx=0,changeCycle=0,myNode=35c59b3b...,timecost=2.31
info|2019-12-13 23:29:29.820123|[g:1][CONSENSUS][PBFT]checkAndChangeView: Reach consensus,org_view=27,org_changeCycle=0,cur_changeCycle=0,to_view=28
info|2019-12-13 23:29:30.820678|[g:1][CONSENSUS][SEALER]++++++++++++++++ Generating seal on,blkNum=189,tx=0,nodeIdx=0,hash=70bdb726...
info|2019-12-13 23:29:30.824637|[g:1][CONSENSUS][PBFT]checkTimeout Succ,view=28,toView=29,nodeIdx=0,changeCycle=0,myNode=35c59b3b...,timecost=0.377
info|2019-12-13 23:29:30.833232|[g:1][CONSENSUS][PBFT]checkAndChangeView: Reach consensus,org_view=28,org_changeCycle=0,cur_changeCycle=0,to_view=29
info|2019-12-13 23:29:31.342558|[P2P][Service] heartBeat,connected count=3
info|2019-12-13 23:29:31.855995|[g:1][CONSENSUS]addRawPrepare,height=189,reqIdx=1,hash=49358815...
info|2019-12-13 23:29:31.856527|[g:1][CONSENSUS][PBFT]checkTimeout Succ,view=29,toView=30,nodeIdx=0,changeCycle=0,myNode=35c59b3b...,timecost=0.342
info|2019-12-13 23:29:31.871890|[g:1][CONSENSUS][PBFT]checkAndChangeView: Reach consensus,org_view=29,org_changeCycle=0,cur_changeCycle=0,to_view=30
info|2019-12-13 23:29:32.878397|[g:1][CONSENSUS]addRawPrepare,height=189,reqIdx=2,hash=437b4f79...
info|2019-12-13 23:29:32.878880|[g:1][CONSENSUS][PBFT]checkTimeout Succ,view=30,toView=31,nodeIdx=0,changeCycle=0,myNode=35c59b3b...,timecost=0.299
info|2019-12-13 23:29:32.879783|[g:1][CONSENSUS][PBFT]checkAndChangeView: Reach consensus,org_view=30,org_changeCycle=0,cur_changeCycle=0,to_view=31
info|2019-12-13 23:29:33.888246|[g:1][CONSENSUS]addRawPrepare,height=189,reqIdx=3,hash=e038cd9e...
info|2019-12-13 23:29:33.891771|[g:1][CONSENSUS][PBFT]checkTimeout Succ,view=31,toView=32,nodeIdx=0,changeCycle=0,myNode=35c59b3b...,timecost=3.15
info|2019-12-13 23:29:33.894054|[g:1][CONSENSUS][PBFT]checkAndChangeView: Reach consensus,org_view=31,org_changeCycle=0,cur_changeCycle=0,to_view=32
info|2019-12-13 23:29:34.895045|[g:1][CONSENSUS][SEALER]++++++++++++++++ Generating seal on,blkNum=189,tx=0,nodeIdx=0,hash=9a4c56b3...
info|2019-12-13 23:29:34.904728|[g:1][CONSENSUS][PBFT]checkTimeout Succ,view=32,toView=33,nodeIdx=0,changeCycle=0,myNode=35c59b3b...,timecost=0.936
info|2019-12-13 23:29:34.905303|[g:1][CONSENSUS][PBFT]checkAndChangeView: Reach consensus,org_view=32,org_changeCycle=0,cur_changeCycle=0,to_view=33
info|2019-12-13 23:29:35.910540|[g:1][CONSENSUS]addRawPrepare,height=189,reqIdx=1,hash=725f3846...
info|2019-12-13 23:29:35.911397|[g:1][CONSENSUS][PBFT]checkTimeout Succ,view=33,toView=34,nodeIdx=0,changeCycle=0,myNode=35c59b3b...,timecost=0.664
info|2019-12-13 23:29:35.914446|[g:1][CONSENSUS][PBFT]checkAndChangeView: Reach consensus,org_view=33,org_changeCycle=0,cur_changeCycle=0,to_view=34
info|2019-12-13 23:29:36.919629|[g:1][CONSENSUS]addRawPrepare,height=189,reqIdx=2,hash=f90be9d8...
info|2019-12-13 23:29:36.919983|[g:1][CONSENSUS][PBFT]checkTimeout Succ,view=34,toView=35,nodeIdx=0,changeCycle=0,myNode=35c59b3b...,timecost=0.302
info|2019-12-13 23:29:36.925992|[g:1][CONSENSUS][PBFT]checkAndChangeView: Reach consensus,org_view=34,org_changeCycle=0,cur_changeCycle=0,to_view=35
info|2019-12-13 23:29:37.934903|[g:1][CONSENSUS]addRawPrepare,height=189,reqIdx=3,hash=3e7f9d32...
info|2019-12-13 23:29:37.935859|[g:1][CONSENSUS][PBFT]checkTimeout Succ,view=35,toView=36,nodeIdx=0,changeCycle=0,myNode=35c59b3b...,timecost=0.253
info|2019-12-13 23:29:37.940141|[g:1][CONSENSUS][PBFT]checkAndChangeView: Reach consensus,org_view=35,org_changeCycle=0,cur_changeCycle=0,to_view=36
info|2019-12-13 23:29:38.941365|[g:1][CONSENSUS][SEALER]++++++++++++++++ Generating seal on,blkNum=189,tx=0,nodeIdx=0,hash=e2c74ffe...
info|2019-12-13 23:29:38.943849|[g:1][CONSENSUS][PBFT]checkTimeout Succ,view=36,toView=37,nodeIdx=0,changeCycle=0,myNode=35c59b3b...,timecost=0.697
info|2019-12-13 23:29:38.957465|[g:1][CONSENSUS][PBFT]checkAndChangeView: Reach consensus,org_view=36,org_changeCycle=0,cur_changeCycle=0,to_view=37
info|2019-12-13 23:29:39.955108|[g:1][CONSENSUS]addRawPrepare,height=189,reqIdx=1,hash=6ce4d7f6...
info|2019-12-13 23:29:39.955738|[g:1][CONSENSUS][PBFT]checkTimeout Succ,view=37,toView=38,nodeIdx=0,changeCycle=0,myNode=35c59b3b...,timecost=0.584
info|2019-12-13 23:29:39.958748|[g:1][CONSENSUS][PBFT]checkAndChangeView: Reach consensus,org_view=37,org_changeCycle=0,cur_changeCycle=0,to_view=38
info|2019-12-13 23:29:40.964401|[g:1][CONSENSUS]addRawPrepare,height=189,reqIdx=2,hash=46e34a39...
info|2019-12-13 23:29:40.964996|[g:1][CONSENSUS][PBFT]checkTimeout Succ,view=38,toView=39,nodeIdx=0,changeCycle=0,myNode=35c59b3b...,timecost=0.306
info|2019-12-13 23:29:40.977200|[g:1][CONSENSUS][PBFT]checkAndChangeView: Reach consensus,org_view=38,org_changeCycle=0,cur_changeCycle=0,to_view=39
info|2019-12-13 23:29:41.121497|[CHANNEL]channel new connect, host=127.0.0.1:55482
info|2019-12-13 23:29:41.121545|[CHANNEL]start receive
info|2019-12-13 23:29:41.343149|[P2P][Service] heartBeat,connected count=3
info|2019-12-13 23:29:41.988843|[g:1][CONSENSUS]addRawPrepare,height=189,reqIdx=3,hash=233e8666...
info|2019-12-13 23:29:41.989181|[g:1][CONSENSUS][PBFT]checkTimeout Succ,view=39,toView=40,nodeIdx=0,changeCycle=0,myNode=35c59b3b...,timecost=0.238
info|2019-12-13 23:29:41.990895|[g:1][CONSENSUS][PBFT]checkAndChangeView: Reach consensus,org_view=39,org_changeCycle=0,cur_changeCycle=0,to_view=40
info|2019-12-13 23:29:42.991608|[g:1][CONSENSUS][SEALER]++++++++++++++++ Generating seal on,blkNum=189,tx=0,nodeIdx=0,hash=02629301...
info|2019-12-13 23:29:42.992695|[g:1][CONSENSUS][PBFT]checkTimeout Succ,view=40,toView=41,nodeIdx=0,changeCycle=0,myNode=35c59b3b...,timecost=0.506
info|2019-12-13 23:29:43.003398|[g:1][CONSENSUS][PBFT]checkAndChangeView: Reach consensus,org_view=40,org_changeCycle=0,cur_changeCycle=0,to_view=41
info|2019-12-13 23:29:44.022636|[g:1][CONSENSUS]addRawPrepare,height=189,reqIdx=1,hash=5a972d5d...
info|2019-12-13 23:29:44.023399|[g:1][CONSENSUS][PBFT]checkTimeout Succ,view=41,toView=42,nodeIdx=0,changeCycle=0,myNode=35c59b3b...,timecost=0.696
info|2019-12-13 23:29:44.027142|[g:1][CONSENSUS][PBFT]checkAndChangeView: Reach consensus,org_view=41,org_changeCycle=0,cur_changeCycle=0,to_view=42
warning|2019-12-13 23:29:44.276724|[CHANNEL][SESSION]onRead failed,value=1,message=stream truncated
warning|2019-12-13 23:29:44.276791|[CHANNEL]onClientRequest,errorCode=-1,what=Read failed, disconnect
warning|2019-12-13 23:29:44.276900|async_shutdown,message=stream truncated
info|2019-12-13 23:29:45.036479|[g:1][CONSENSUS]addRawPrepare,height=189,reqIdx=2,hash=3600b766...
info|2019-12-13 23:29:45.036855|[g:1][CONSENSUS][PBFT]checkTimeout Succ,view=42,toView=43,nodeIdx=0,changeCycle=0,myNode=35c59b3b...,timecost=0.277
info|2019-12-13 23:29:45.044268|[g:1][CONSENSUS][PBFT]checkAndChangeView: Reach consensus,org_view=42,org_changeCycle=0,cur_changeCycle=0,to_view=43
info|2019-12-13 23:29:46.048951|[g:1][CONSENSUS]addRawPrepare,height=189,reqIdx=3,hash=acbcd14b...
info|2019-12-13 23:29:46.051121|[g:1][CONSENSUS][PBFT]checkTimeout Succ,view=43,toView=44,nodeIdx=0,changeCycle=0,myNode=35c59b3b...,timecost=1.921
info|2019-12-13 23:29:46.062690|[g:1][CONSENSUS][PBFT]checkAndChangeView: Reach consensus,org_view=43,org_changeCycle=0,cur_changeCycle=0,to_view=44
info|2019-12-13 23:29:47.064509|[g:1][CONSENSUS][SEALER]++++++++++++++++ Generating seal on,blkNum=189,tx=0,nodeIdx=0,hash=97cd1a5a...
info|2019-12-13 23:29:47.084596|[g:1][CONSENSUS][PBFT]checkTimeout Succ,view=44,toView=45,nodeIdx=0,changeCycle=0,myNode=35c59b3b...,timecost=2.091
info|2019-12-13 23:29:47.088984|[g:1][CONSENSUS][PBFT]checkAndChangeView: Reach consensus,org_view=44,org_changeCycle=0,cur_changeCycle=0,to_view=45
info|2019-12-13 23:29:48.091495|[g:1][CONSENSUS]addRawPrepare,height=189,reqIdx=1,hash=2a41ce7b...
info|2019-12-13 23:29:48.091884|[g:1][CONSENSUS][PBFT]checkTimeout Succ,view=45,toView=46,nodeIdx=0,changeCycle=0,myNode=35c59b3b...,timecost=0.278
info|2019-12-13 23:29:48.094393|[g:1][CONSENSUS][PBFT]checkAndChangeView: Reach consensus,org_view=45,org_changeCycle=0,cur_changeCycle=0,to_view=46
info|2019-12-13 23:29:49.097866|[g:1][CONSENSUS]addRawPrepare,height=189,reqIdx=2,hash=cdca2a9d...
info|2019-12-13 23:29:49.114570|[g:1][CONSENSUS][PBFT]checkTimeout Succ,view=46,toView=47,nodeIdx=0,changeCycle=0,myNode=35c59b3b...,timecost=15.892
info|2019-12-13 23:29:49.122587|[g:1][CONSENSUS][PBFT]checkAndChangeView: Reach consensus,org_view=46,org_changeCycle=0,cur_changeCycle=0,to_view=47
info|2019-12-13 23:29:50.105831|[g:1][CONSENSUS]addRawPrepare,height=189,reqIdx=3,hash=c5c81e77...
info|2019-12-13 23:29:50.106475|[g:1][CONSENSUS][PBFT]checkTimeout Succ,view=47,toView=48,nodeIdx=0,changeCycle=0,myNode=35c59b3b...,timecost=0.589
info|2019-12-13 23:29:50.110195|[g:1][CONSENSUS][PBFT]checkAndChangeView: Reach consensus,org_view=47,org_changeCycle=0,cur_changeCycle=0,to_view=48
info|2019-12-13 23:29:51.110467|[g:1][CONSENSUS][SEALER]++++++++++++++++ Generating seal on,blkNum=189,tx=0,nodeIdx=0,hash=640ceb63...
info|2019-12-13 23:29:51.113049|[g:1][CONSENSUS][PBFT]checkTimeout Succ,view=48,toView=49,nodeIdx=0,changeCycle=0,myNode=35c59b3b...,timecost=0.288
info|2019-12-13 23:29:51.118048|[g:1][CONSENSUS][PBFT]checkAndChangeView: Reach consensus,org_view=48,org_changeCycle=0,cur_changeCycle=0,to_view=49
info|2019-12-13 23:29:51.343374|[P2P][Service] heartBeat,connected count=3
info|2019-12-13 23:29:52.121939|[g:1][CONSENSUS]addRawPrepare,height=189,reqIdx=1,hash=758c0a0b...
info|2019-12-13 23:29:52.122329|[g:1][CONSENSUS][PBFT]checkTimeout Succ,view=49,toView=50,nodeIdx=0,changeCycle=0,myNode=35c59b3b...,timecost=0.251
info|2019-12-13 23:29:52.125245|[g:1][CONSENSUS][PBFT]checkAndChangeView: Reach consensus,org_view=49,org_changeCycle=0,cur_changeCycle=0,to_view=50
info|2019-12-13 23:29:53.168815|[g:1][CONSENSUS]addRawPrepare,height=189,reqIdx=2,hash=7a7b932c...
info|2019-12-13 23:29:53.169553|[g:1][CONSENSUS][PBFT]checkTimeout Succ,view=50,toView=51,nodeIdx=0,changeCycle=0,myNode=35c59b3b...,timecost=0.574
info|2019-12-13 23:29:53.185825|[g:1][CONSENSUS][PBFT]checkAndChangeView: Reach consensus,org_view=50,org_changeCycle=0,cur_changeCycle=0,to_view=51
info|2019-12-13 23:29:54.187963|[g:1][CONSENSUS]addRawPrepare,height=189,reqIdx=3,hash=2ad34258...
info|2019-12-13 23:29:54.188648|[g:1][CONSENSUS][PBFT]checkTimeout Succ,view=51,toView=52,nodeIdx=0,changeCycle=0,myNode=35c59b3b...,timecost=0.492
info|2019-12-13 23:29:54.215100|[g:1][CONSENSUS][PBFT]checkAndChangeView: Reach consensus,org_view=51,org_changeCycle=0,cur_changeCycle=0,to_view=52
info|2019-12-13 23:29:55.217093|[g:1][CONSENSUS][SEALER]++++++++++++++++ Generating seal on,blkNum=189,tx=0,nodeIdx=0,hash=8cb9402b...
info|2019-12-13 23:29:55.218984|[g:1][CONSENSUS][PBFT]checkTimeout Succ,view=52,toView=53,nodeIdx=0,changeCycle=0,myNode=35c59b3b...,timecost=1.191
info|2019-12-13 23:29:55.224251|[g:1][CONSENSUS][PBFT]checkAndChangeView: Reach consensus,org_view=52,org_changeCycle=0,cur_changeCycle=0,to_view=53
info|2019-12-13 23:29:56.246054|[g:1][CONSENSUS]addRawPrepare,height=189,reqIdx=1,hash=b4c04479...
info|2019-12-13 23:29:56.247191|[g:1][CONSENSUS][PBFT]checkTimeout Succ,view=53,toView=54,nodeIdx=0,changeCycle=0,myNode=35c59b3b...,timecost=0.594
info|2019-12-13 23:29:56.270612|[g:1][CONSENSUS][PBFT]checkAndChangeView: Reach consensus,org_view=53,org_changeCycle=0,cur_changeCycle=0,to_view=54
info|2019-12-13 23:29:57.268665|[g:1][CONSENSUS]addRawPrepare,height=189,reqIdx=2,hash=3a89e1f2...
info|2019-12-13 23:29:57.272352|[g:1][CONSENSUS][PBFT]checkTimeout Succ,view=54,toView=55,nodeIdx=0,changeCycle=0,myNode=35c59b3b...,timecost=3.533
info|2019-12-13 23:29:57.286831|[g:1][CONSENSUS][PBFT]checkAndChangeView: Reach consensus,org_view=54,org_changeCycle=0,cur_changeCycle=0,to_view=55
info|2019-12-13 23:29:58.289393|[g:1][CONSENSUS]addRawPrepare,height=189,reqIdx=3,hash=57904c3a...
info|2019-12-13 23:29:58.300030|[g:1][CONSENSUS][PBFT]checkTimeout Succ,view=55,toView=56,nodeIdx=0,changeCycle=0,myNode=35c59b3b...,timecost=1.802
info|2019-12-13 23:29:58.301691|[g:1][CONSENSUS][PBFT]checkAndChangeView: Reach consensus,org_view=55,org_changeCycle=0,cur_changeCycle=0,to_view=56
info|2019-12-13 23:29:59.302875|[g:1][CONSENSUS][SEALER]++++++++++++++++ Generating seal on,blkNum=189,tx=0,nodeIdx=0,hash=285a8fbe...
info|2019-12-13 23:29:59.316102|[g:1][CONSENSUS][PBFT]checkTimeout Succ,view=56,toView=57,nodeIdx=0,changeCycle=0,myNode=35c59b3b...,timecost=5.358
info|2019-12-13 23:29:59.324832|[g:1][CONSENSUS][PBFT]checkAndChangeView: Reach consensus,org_view=56,org_changeCycle=0,cur_changeCycle=0,to_view=57
info|2019-12-13 23:30:00.341832|[g:1][CONSENSUS]addRawPrepare,height=189,reqIdx=1,hash=bb91b1b1...
info|2019-12-13 23:30:00.342373|[g:1][CONSENSUS][PBFT]checkTimeout Succ,view=57,toView=58,nodeIdx=0,changeCycle=0,myNode=35c59b3b...,timecost=0.439
info|2019-12-13 23:30:00.353164|[g:1][CONSENSUS][PBFT]checkAndChangeView: Reach consensus,org_view=57,org_changeCycle=0,cur_changeCycle=0,to_view=58
info|2019-12-13 23:30:01.343743|[P2P][Service] heartBeat,connected count=3
info|2019-12-13 23:30:01.348083|[g:1][CONSENSUS]addRawPrepare,height=189,reqIdx=2,hash=bbb44c4f...
info|2019-12-13 23:30:01.351177|[g:1][CONSENSUS][PBFT]checkTimeout Succ,view=58,toView=59,nodeIdx=0,changeCycle=0,myNode=35c59b3b...,timecost=1.909
info|2019-12-13 23:30:01.356414|[g:1][CONSENSUS][PBFT]checkAndChangeView: Reach consensus,org_view=58,org_changeCycle=0,cur_changeCycle=0,to_view=59
info|2019-12-13 23:30:02.386693|[g:1][CONSENSUS]addRawPrepare,height=189,reqIdx=3,hash=d591aee2...
info|2019-12-13 23:30:02.388225|[g:1][CONSENSUS][PBFT]checkTimeout Succ,view=59,toView=60,nodeIdx=0,changeCycle=0,myNode=35c59b3b...,timecost=1.321
info|2019-12-13 23:30:02.396126|[g:1][CONSENSUS][PBFT]checkAndChangeView: Reach consensus,org_view=59,org_changeCycle=0,cur_changeCycle=0,to_view=60
info|2019-12-13 23:30:03.397015|[g:1][CONSENSUS][SEALER]++++++++++++++++ Generating seal on,blkNum=189,tx=0,nodeIdx=0,hash=0cd4cf73...
info|2019-12-13 23:30:03.400760|[g:1][CONSENSUS][PBFT]checkTimeout Succ,view=60,toView=61,nodeIdx=0,changeCycle=0,myNode=35c59b3b...,timecost=0.301
info|2019-12-13 23:30:03.408289|[g:1][CONSENSUS][PBFT]checkAndChangeView: Reach consensus,org_view=60,org_changeCycle=0,cur_changeCycle=0,to_view=61
info|2019-12-13 23:30:04.412639|[g:1][CONSENSUS]addRawPrepare,height=189,reqIdx=1,hash=7e79469d...
info|2019-12-13 23:30:04.422172|[g:1][CONSENSUS][PBFT]checkTimeout Succ,view=61,toView=62,nodeIdx=0,changeCycle=0,myNode=35c59b3b...,timecost=7.67
info|2019-12-13 23:30:04.431883|[g:1][CONSENSUS][PBFT]checkAndChangeView: Reach consensus,org_view=61,org_changeCycle=0,cur_changeCycle=0,to_view=62
info|2019-12-13 23:30:05.433670|[g:1][CONSENSUS]addRawPrepare,height=189,reqIdx=2,hash=1b523ca9...
info|2019-12-13 23:30:05.434284|[g:1][CONSENSUS][PBFT]checkTimeout Succ,view=62,toView=63,nodeIdx=0,changeCycle=0,myNode=35c59b3b...,timecost=0.378
info|2019-12-13 23:30:05.439267|[g:1][CONSENSUS][PBFT]checkAndChangeView: Reach consensus,org_view=62,org_changeCycle=0,cur_changeCycle=0,to_view=63
info|2019-12-13 23:30:06.446738|[g:1][CONSENSUS]addRawPrepare,height=189,reqIdx=3,hash=9bba545e...
info|2019-12-13 23:30:06.448267|[g:1][CONSENSUS][PBFT]checkTimeout Succ,view=63,toView=64,nodeIdx=0,changeCycle=0,myNode=35c59b3b...,timecost=1.435
info|2019-12-13 23:30:06.449213|[g:1][CONSENSUS][PBFT]checkAndChangeView: Reach consensus,org_view=63,org_changeCycle=0,cur_changeCycle=0,to_view=64
info|2019-12-13 23:30:07.451063|[g:1][CONSENSUS][SEALER]++++++++++++++++ Generating seal on,blkNum=189,tx=0,nodeIdx=0,hash=5044d254...
info|2019-12-13 23:30:07.452143|[g:1][CONSENSUS][PBFT]checkTimeout Succ,view=64,toView=65,nodeIdx=0,changeCycle=0,myNode=35c59b3b...,timecost=0.32
info|2019-12-13 23:30:07.459626|[g:1][CONSENSUS][PBFT]checkAndChangeView: Reach consensus,org_view=64,org_changeCycle=0,cur_changeCycle=0,to_view=65
info|2019-12-13 23:30:08.462864|[g:1][CONSENSUS]addRawPrepare,height=189,reqIdx=1,hash=e930af17...
info|2019-12-13 23:30:08.464044|[g:1][CONSENSUS][PBFT]checkTimeout Succ,view=65,toView=66,nodeIdx=0,changeCycle=0,myNode=35c59b3b...,timecost=0.71
info|2019-12-13 23:30:08.465298|[g:1][CONSENSUS][PBFT]checkAndChangeView: Reach consensus,org_view=65,org_changeCycle=0,cur_changeCycle=0,to_view=66
info|2019-12-13 23:30:09.471371|[g:1][CONSENSUS]addRawPrepare,height=189,reqIdx=2,hash=3b427df1...
info|2019-12-13 23:30:09.471811|[g:1][CONSENSUS][PBFT]checkTimeout Succ,view=66,toView=67,nodeIdx=0,changeCycle=0,myNode=35c59b3b...,timecost=0.327
info|2019-12-13 23:30:09.475019|[g:1][CONSENSUS][PBFT]checkAndChangeView: Reach consensus,org_view=66,org_changeCycle=0,cur_changeCycle=0,to_view=67
info|2019-12-13 23:30:10.491754|[g:1][CONSENSUS]addRawPrepare,height=189,reqIdx=3,hash=38ef09a6...
info|2019-12-13 23:30:10.492170|[g:1][CONSENSUS][PBFT]checkTimeout Succ,view=67,toView=68,nodeIdx=0,changeCycle=0,myNode=35c59b3b...,timecost=0.338
info|2019-12-13 23:30:10.495689|[g:1][CONSENSUS][PBFT]checkAndChangeView: Reach consensus,org_view=67,org_changeCycle=0,cur_changeCycle=0,to_view=68
info|2019-12-13 23:30:11.344851|[P2P][Service] heartBeat,connected count=3
info|2019-12-13 23:30:11.496283|[g:1][CONSENSUS][SEALER]++++++++++++++++ Generating seal on,blkNum=189,tx=0,nodeIdx=0,hash=f114f71c...
info|2019-12-13 23:30:11.516001|[g:1][CONSENSUS][PBFT]checkTimeout Succ,view=68,toView=69,nodeIdx=0,changeCycle=0,myNode=35c59b3b...,timecost=18.482
info|2019-12-13 23:30:11.516754|[g:1][CONSENSUS][PBFT]checkAndChangeView: Reach consensus,org_view=68,org_changeCycle=0,cur_changeCycle=0,to_view=69
info|2019-12-13 23:30:12.518967|[g:1][CONSENSUS]addRawPrepare,height=189,reqIdx=1,hash=7cc6eb97...
info|2019-12-13 23:30:12.520394|[g:1][CONSENSUS][PBFT]checkTimeout Succ,view=69,toView=70,nodeIdx=0,changeCycle=0,myNode=35c59b3b...,timecost=0.681
info|2019-12-13 23:30:12.521872|[g:1][CONSENSUS][PBFT]checkAndChangeView: Reach consensus,org_view=69,org_changeCycle=0,cur_changeCycle=0,to_view=70
info|2019-12-13 23:30:13.522892|[g:1][CONSENSUS]addRawPrepare,height=189,reqIdx=2,hash=d474894b...
info|2019-12-13 23:30:13.531587|[g:1][CONSENSUS][PBFT]checkTimeout Succ,view=70,toView=71,nodeIdx=0,changeCycle=0,myNode=35c59b3b...,timecost=5.12
info|2019-12-13 23:30:13.533349|[g:1][CONSENSUS][PBFT]checkAndChangeView: Reach consensus,org_view=70,org_changeCycle=0,cur_changeCycle=0,to_view=71
info|2019-12-13 23:30:14.536944|[g:1][CONSENSUS]addRawPrepare,height=189,reqIdx=3,hash=492a309a...
info|2019-12-13 23:30:14.538500|[g:1][CONSENSUS][PBFT]checkTimeout Succ,view=71,toView=72,nodeIdx=0,changeCycle=0,myNode=35c59b3b...,timecost=1.453
info|2019-12-13 23:30:14.542511|[g:1][CONSENSUS][PBFT]checkAndChangeView: Reach consensus,org_view=71,org_changeCycle=0,cur_changeCycle=0,to_view=72
info|2019-12-13 23:30:15.542926|[g:1][CONSENSUS][SEALER]++++++++++++++++ Generating seal on,blkNum=189,tx=0,nodeIdx=0,hash=48b1fd8c...
info|2019-12-13 23:30:15.553878|[g:1][CONSENSUS][PBFT]checkTimeout Succ,view=72,toView=73,nodeIdx=0,changeCycle=0,myNode=35c59b3b...,timecost=0.393
info|2019-12-13 23:30:15.555828|[g:1][CONSENSUS][PBFT]checkAndChangeView: Reach consensus,org_view=72,org_changeCycle=0,cur_changeCycle=0,to_view=73
info|2019-12-13 23:30:16.557565|[g:1][CONSENSUS]addRawPrepare,height=189,reqIdx=1,hash=a313a497...
info|2019-12-13 23:30:16.557981|[g:1][CONSENSUS][PBFT]checkTimeout Succ,view=73,toView=74,nodeIdx=0,changeCycle=0,myNode=35c59b3b...,timecost=0.307
info|2019-12-13 23:30:16.564951|[g:1][CONSENSUS][PBFT]checkAndChangeView: Reach consensus,org_view=73,org_changeCycle=0,cur_changeCycle=0,to_view=74
info|2019-12-13 23:30:17.582204|[g:1][CONSENSUS]addRawPrepare,height=189,reqIdx=2,hash=613ddf50...
info|2019-12-13 23:30:17.586121|[g:1][CONSENSUS][PBFT]checkTimeout Succ,view=74,toView=75,nodeIdx=0,changeCycle=0,myNode=35c59b3b...,timecost=2.055
info|2019-12-13 23:30:17.588393|[g:1][CONSENSUS][PBFT]checkAndChangeView: Reach consensus,org_view=74,org_changeCycle=0,cur_changeCycle=0,to_view=75
info|2019-12-13 23:30:18.180285|[CHANNEL]channel new connect, host=127.0.0.1:55498
info|2019-12-13 23:30:18.180361|[CHANNEL]start receive
info|2019-12-13 23:30:18.591646|[g:1][CONSENSUS]addRawPrepare,height=189,reqIdx=3,hash=5b654d07...
info|2019-12-13 23:30:18.592047|[g:1][CONSENSUS][PBFT]checkTimeout Succ,view=75,toView=76,nodeIdx=0,changeCycle=0,myNode=35c59b3b...,timecost=0.287
info|2019-12-13 23:30:18.602203|[g:1][CONSENSUS][PBFT]checkAndChangeView: Reach consensus,org_view=75,org_changeCycle=0,cur_changeCycle=0,to_view=76
info|2019-12-13 23:30:19.617138|[g:1][CONSENSUS][SEALER]++++++++++++++++ Generating seal on,blkNum=189,tx=0,nodeIdx=0,hash=44a7c31b...
info|2019-12-13 23:30:19.623714|[g:1][CONSENSUS][PBFT]checkTimeout Succ,view=76,toView=77,nodeIdx=0,changeCycle=0,myNode=35c59b3b...,timecost=0.281
info|2019-12-13 23:30:19.625570|[g:1][CONSENSUS][PBFT]checkAndChangeView: Reach consensus,org_view=76,org_changeCycle=0,cur_changeCycle=0,to_view=77
info|2019-12-13 23:30:20.635151|[g:1][CONSENSUS]addRawPrepare,height=189,reqIdx=1,hash=b22e22d7...
info|2019-12-13 23:30:20.646309|[g:1][CONSENSUS][PBFT]checkTimeout Succ,view=77,toView=78,nodeIdx=0,changeCycle=0,myNode=35c59b3b...,timecost=10.237
info|2019-12-13 23:30:20.650632|[g:1][CONSENSUS][PBFT]checkAndChangeView: Reach consensus,org_view=77,org_changeCycle=0,cur_changeCycle=0,to_view=78
info|2019-12-13 23:30:21.345307|[P2P][Service] heartBeat,connected count=3
warning|2019-12-13 23:30:21.420664|[CHANNEL][SESSION]onRead failed,value=1,message=stream truncated
warning|2019-12-13 23:30:21.420737|[CHANNEL]onClientRequest,errorCode=-1,what=Read failed, disconnect
warning|2019-12-13 23:30:21.421227|async_shutdown,message=stream truncated
info|2019-12-13 23:30:21.652902|[g:1][CONSENSUS]addRawPrepare,height=189,reqIdx=2,hash=c87cdb25...
info|2019-12-13 23:30:21.653452|[g:1][CONSENSUS][PBFT]checkTimeout Succ,view=78,toView=79,nodeIdx=0,changeCycle=0,myNode=35c59b3b...,timecost=0.386
info|2019-12-13 23:30:21.658765|[g:1][CONSENSUS][PBFT]checkAndChangeView: Reach consensus,org_view=78,org_changeCycle=0,cur_changeCycle=0,to_view=79
info|2019-12-13 23:30:22.669543|[g:1][CONSENSUS]addRawPrepare,height=189,reqIdx=3,hash=f78e2119...
info|2019-12-13 23:30:22.670013|[g:1][CONSENSUS][PBFT]checkTimeout Succ,view=79,toView=80,nodeIdx=0,changeCycle=0,myNode=35c59b3b...,timecost=0.313
info|2019-12-13 23:30:22.689198|[g:1][CONSENSUS][PBFT]checkAndChangeView: Reach consensus,org_view=79,org_changeCycle=0,cur_changeCycle=0,to_view=80
info|2019-12-13 23:30:23.689720|[g:1][CONSENSUS][SEALER]++++++++++++++++ Generating seal on,blkNum=189,tx=0,nodeIdx=0,hash=82618caf...
info|2019-12-13 23:30:23.697965|[g:1][CONSENSUS][PBFT]checkTimeout Succ,view=80,toView=81,nodeIdx=0,changeCycle=0,myNode=35c59b3b...,timecost=1.834
info|2019-12-13 23:30:23.707440|[g:1][CONSENSUS][PBFT]checkAndChangeView: Reach consensus,org_view=80,org_changeCycle=0,cur_changeCycle=0,to_view=81
info|2019-12-13 23:30:24.726765|[g:1][CONSENSUS]addRawPrepare,height=189,reqIdx=1,hash=aecf9fb5...
info|2019-12-13 23:30:24.728237|[g:1][CONSENSUS][PBFT]checkTimeout Succ,view=81,toView=82,nodeIdx=0,changeCycle=0,myNode=35c59b3b...,timecost=0.644
info|2019-12-13 23:30:24.730196|[g:1][CONSENSUS][PBFT]checkAndChangeView: Reach consensus,org_view=81,org_changeCycle=0,cur_changeCycle=0,to_view=82
info|2019-12-13 23:30:25.737289|[g:1][CONSENSUS]addRawPrepare,height=189,reqIdx=2,hash=c43495c8...
info|2019-12-13 23:30:25.748681|[g:1][CONSENSUS][PBFT]checkTimeout Succ,view=82,toView=83,nodeIdx=0,changeCycle=0,myNode=35c59b3b...,timecost=7.351
info|2019-12-13 23:30:25.751178|[g:1][CONSENSUS][PBFT]checkAndChangeView: Reach consensus,org_view=82,org_changeCycle=0,cur_changeCycle=0,to_view=83
info|2019-12-13 23:30:26.750606|[g:1][CONSENSUS]addRawPrepare,height=189,reqIdx=3,hash=4fcf1f43...
info|2019-12-13 23:30:26.751488|[g:1][CONSENSUS][PBFT]checkTimeout Succ,view=83,toView=84,nodeIdx=0,changeCycle=0,myNode=35c59b3b...,timecost=0.75
info|2019-12-13 23:30:26.756375|[g:1][CONSENSUS][PBFT]checkAndChangeView: Reach consensus,org_view=83,org_changeCycle=0,cur_changeCycle=0,to_view=84
info|2019-12-13 23:30:27.756753|[g:1][CONSENSUS][SEALER]++++++++++++++++ Generating seal on,blkNum=189,tx=0,nodeIdx=0,hash=fa1d0a15...
info|2019-12-13 23:30:27.764749|[g:1][CONSENSUS][PBFT]checkTimeout Succ,view=84,toView=85,nodeIdx=0,changeCycle=0,myNode=35c59b3b...,timecost=6.552
info|2019-12-13 23:30:27.766035|[g:1][CONSENSUS][PBFT]checkAndChangeView: Reach consensus,org_view=84,org_changeCycle=0,cur_changeCycle=0,to_view=85
info|2019-12-13 23:30:28.763449|[g:1][CONSENSUS]addRawPrepare,height=189,reqIdx=1,hash=900260b5...
info|2019-12-13 23:30:28.764261|[g:1][CONSENSUS][PBFT]checkTimeout Succ,view=85,toView=86,nodeIdx=0,changeCycle=0,myNode=35c59b3b...,timecost=0.538
info|2019-12-13 23:30:28.773797|[g:1][CONSENSUS][PBFT]checkAndChangeView: Reach consensus,org_view=85,org_changeCycle=0,cur_changeCycle=0,to_view=86
info|2019-12-13 23:30:29.774289|[g:1][CONSENSUS]addRawPrepare,height=189,reqIdx=2,hash=88367f14...
info|2019-12-13 23:30:29.775608|[g:1][CONSENSUS][PBFT]checkTimeout Succ,view=86,toView=87,nodeIdx=0,changeCycle=0,myNode=35c59b3b...,timecost=1.062
info|2019-12-13 23:30:29.780612|[g:1][CONSENSUS][PBFT]checkAndChangeView: Reach consensus,org_view=86,org_changeCycle=0,cur_changeCycle=0,to_view=87
info|2019-12-13 23:30:30.784590|[g:1][CONSENSUS]addRawPrepare,height=189,reqIdx=3,hash=83c31ea1...
info|2019-12-13 23:30:30.788007|[g:1][CONSENSUS][PBFT]checkTimeout Succ,view=87,toView=88,nodeIdx=0,changeCycle=0,myNode=35c59b3b...,timecost=3.377
info|2019-12-13 23:30:30.790101|[g:1][CONSENSUS][PBFT]checkAndChangeView: Reach consensus,org_view=87,org_changeCycle=0,cur_changeCycle=0,to_view=88
info|2019-12-13 23:30:31.345989|[P2P][Service] heartBeat,connected count=3
info|2019-12-13 23:30:31.792138|[g:1][CONSENSUS][SEALER]++++++++++++++++ Generating seal on,blkNum=189,tx=0,nodeIdx=0,hash=53fc16a6...
info|2019-12-13 23:30:31.798192|[g:1][CONSENSUS][PBFT]checkTimeout Succ,view=88,toView=89,nodeIdx=0,changeCycle=0,myNode=35c59b3b...,timecost=0.81
info|2019-12-13 23:30:31.808366|[g:1][CONSENSUS][PBFT]checkAndChangeView: Reach consensus,org_view=88,org_changeCycle=0,cur_changeCycle=0,to_view=89
info|2019-12-13 23:30:32.811524|[g:1][CONSENSUS]addRawPrepare,height=189,reqIdx=1,hash=f77a8e44...
info|2019-12-13 23:30:32.811949|[g:1][CONSENSUS][PBFT]checkTimeout Succ,view=89,toView=90,nodeIdx=0,changeCycle=0,myNode=35c59b3b...,timecost=0.335
info|2019-12-13 23:30:32.815997|[g:1][CONSENSUS][PBFT]checkAndChangeView: Reach consensus,org_view=89,org_changeCycle=0,cur_changeCycle=0,to_view=90
info|2019-12-13 23:30:33.821951|[g:1][CONSENSUS]addRawPrepare,height=189,reqIdx=2,hash=88fea6ad...
info|2019-12-13 23:30:33.822328|[g:1][CONSENSUS][PBFT]checkTimeout Succ,view=90,toView=91,nodeIdx=0,changeCycle=0,myNode=35c59b3b...,timecost=0.288
info|2019-12-13 23:30:33.825567|[g:1][CONSENSUS][PBFT]checkAndChangeView: Reach consensus,org_view=90,org_changeCycle=0,cur_changeCycle=0,to_view=91
info|2019-12-13 23:30:34.831924|[g:1][CONSENSUS]addRawPrepare,height=189,reqIdx=3,hash=a53aaa2e...
info|2019-12-13 23:30:34.832477|[g:1][CONSENSUS][PBFT]checkTimeout Succ,view=91,toView=92,nodeIdx=0,changeCycle=0,myNode=35c59b3b...,timecost=0.498
info|2019-12-13 23:30:34.835902|[g:1][CONSENSUS][PBFT]checkAndChangeView: Reach consensus,org_view=91,org_changeCycle=0,cur_changeCycle=0,to_view=92
info|2019-12-13 23:30:35.835895|[g:1][CONSENSUS][SEALER]++++++++++++++++ Generating seal on,blkNum=189,tx=0,nodeIdx=0,hash=a0399cbf...
info|2019-12-13 23:30:35.837654|[g:1][CONSENSUS][PBFT]checkTimeout Succ,view=92,toView=93,nodeIdx=0,changeCycle=0,myNode=35c59b3b...,timecost=0.465
info|2019-12-13 23:30:35.845483|[g:1][CONSENSUS][PBFT]checkAndChangeView: Reach consensus,org_view=92,org_changeCycle=0,cur_changeCycle=0,to_view=93
info|2019-12-13 23:30:36.864465|[g:1][CONSENSUS]addRawPrepare,height=189,reqIdx=1,hash=437bb953...
info|2019-12-13 23:30:36.865070|[g:1][CONSENSUS][PBFT]checkTimeout Succ,view=93,toView=94,nodeIdx=0,changeCycle=0,myNode=35c59b3b...,timecost=0.427
info|2019-12-13 23:30:36.870277|[g:1][CONSENSUS][PBFT]checkAndChangeView: Reach consensus,org_view=93,org_changeCycle=0,cur_changeCycle=0,to_view=94
info|2019-12-13 23:30:37.876029|[g:1][CONSENSUS]addRawPrepare,height=189,reqIdx=2,hash=60058704...
info|2019-12-13 23:30:37.876514|[g:1][CONSENSUS][PBFT]checkTimeout Succ,view=94,toView=95,nodeIdx=0,changeCycle=0,myNode=35c59b3b...,timecost=0.242
info|2019-12-13 23:30:37.882123|[g:1][CONSENSUS][PBFT]checkAndChangeView: Reach consensus,org_view=94,org_changeCycle=0,cur_changeCycle=0,to_view=95
info|2019-12-13 23:30:38.885820|[g:1][CONSENSUS]addRawPrepare,height=189,reqIdx=3,hash=ae8802e1...
info|2019-12-13 23:30:38.899367|[g:1][CONSENSUS][PBFT]checkTimeout Succ,view=95,toView=96,nodeIdx=0,changeCycle=0,myNode=35c59b3b...,timecost=12.418
info|2019-12-13 23:30:38.905411|[g:1][CONSENSUS][PBFT]checkAndChangeView: Reach consensus,org_view=95,org_changeCycle=0,cur_changeCycle=0,to_view=96
info|2019-12-13 23:30:39.905544|[g:1][CONSENSUS][SEALER]++++++++++++++++ Generating seal on,blkNum=189,tx=0,nodeIdx=0,hash=f09e4f0a...
info|2019-12-13 23:30:39.923364|[g:1][CONSENSUS][PBFT]checkTimeout Succ,view=96,toView=97,nodeIdx=0,changeCycle=0,myNode=35c59b3b...,timecost=1.605
info|2019-12-13 23:30:39.930113|[g:1][CONSENSUS][PBFT]checkAndChangeView: Reach consensus,org_view=96,org_changeCycle=0,cur_changeCycle=0,to_view=97
info|2019-12-13 23:30:40.920939|[g:1][CONSENSUS]addRawPrepare,height=189,reqIdx=1,hash=ae14c63c...
info|2019-12-13 23:30:40.921280|[g:1][CONSENSUS][PBFT]checkTimeout Succ,view=97,toView=98,nodeIdx=0,changeCycle=0,myNode=35c59b3b...,timecost=0.24
info|2019-12-13 23:30:40.924123|[g:1][CONSENSUS][PBFT]checkAndChangeView: Reach consensus,org_view=97,org_changeCycle=0,cur_changeCycle=0,to_view=98
info|2019-12-13 23:30:41.349223|[P2P][Service] heartBeat,connected count=3
info|2019-12-13 23:30:41.927663|[g:1][CONSENSUS]addRawPrepare,height=189,reqIdx=2,hash=94b4ccdc...
info|2019-12-13 23:30:41.928192|[g:1][CONSENSUS][PBFT]checkTimeout Succ,view=98,toView=99,nodeIdx=0,changeCycle=0,myNode=35c59b3b...,timecost=0.363
info|2019-12-13 23:30:41.931345|[g:1][CONSENSUS][PBFT]checkAndChangeView: Reach consensus,org_view=98,org_changeCycle=0,cur_changeCycle=0,to_view=99
info|2019-12-13 23:30:42.931645|[g:1][CONSENSUS]addRawPrepare,height=189,reqIdx=3,hash=ea3703e6...
info|2019-12-13 23:30:42.934351|[g:1][CONSENSUS][PBFT]checkTimeout Succ,view=99,toView=100,nodeIdx=0,changeCycle=0,myNode=35c59b3b...,timecost=2.589
info|2019-12-13 23:30:42.938419|[g:1][CONSENSUS][PBFT]checkAndChangeView: Reach consensus,org_view=99,org_changeCycle=0,cur_changeCycle=0,to_view=100
info|2019-12-13 23:30:43.938498|[g:1][CONSENSUS][SEALER]++++++++++++++++ Generating seal on,blkNum=189,tx=0,nodeIdx=0,hash=3a61a1b8...
info|2019-12-13 23:30:43.942807|[g:1][CONSENSUS][PBFT]checkTimeout Succ,view=100,toView=101,nodeIdx=0,changeCycle=0,myNode=35c59b3b...,timecost=0.299
info|2019-12-13 23:30:43.945145|[g:1][CONSENSUS][PBFT]checkAndChangeView: Reach consensus,org_view=100,org_changeCycle=0,cur_changeCycle=0,to_view=101
info|2019-12-13 23:30:44.949397|[g:1][CONSENSUS]addRawPrepare,height=189,reqIdx=1,hash=37874dc3...
info|2019-12-13 23:30:44.950099|[g:1][CONSENSUS][PBFT]checkTimeout Succ,view=101,toView=102,nodeIdx=0,changeCycle=0,myNode=35c59b3b...,timecost=0.606
info|2019-12-13 23:30:44.951804|[g:1][CONSENSUS][PBFT]checkAndChangeView: Reach consensus,org_view=101,org_changeCycle=0,cur_changeCycle=0,to_view=102
info|2019-12-13 23:30:45.959295|[g:1][CONSENSUS]addRawPrepare,height=189,reqIdx=2,hash=0f309073...
info|2019-12-13 23:30:45.961020|[g:1][CONSENSUS][PBFT]checkTimeout Succ,view=102,toView=103,nodeIdx=0,changeCycle=0,myNode=35c59b3b...,timecost=0.648
info|2019-12-13 23:30:45.963812|[g:1][CONSENSUS][PBFT]checkAndChangeView: Reach consensus,org_view=102,org_changeCycle=0,cur_changeCycle=0,to_view=103
info|2019-12-13 23:30:46.966751|[g:1][CONSENSUS]addRawPrepare,height=189,reqIdx=3,hash=5a381633...
info|2019-12-13 23:30:46.967265|[g:1][CONSENSUS][PBFT]checkTimeout Succ,view=103,toView=104,nodeIdx=0,changeCycle=0,myNode=35c59b3b...,timecost=0.402
info|2019-12-13 23:30:46.973039|[g:1][CONSENSUS][PBFT]checkAndChangeView: Reach consensus,org_view=103,org_changeCycle=0,cur_changeCycle=0,to_view=104
info|2019-12-13 23:30:47.977926|[g:1][CONSENSUS][SEALER]++++++++++++++++ Generating seal on,blkNum=189,tx=0,nodeIdx=0,hash=48b92d46...
info|2019-12-13 23:30:47.979733|[g:1][CONSENSUS][PBFT]checkTimeout Succ,view=104,toView=105,nodeIdx=0,changeCycle=0,myNode=35c59b3b...,timecost=0.597
info|2019-12-13 23:30:48.025424|[g:1][CONSENSUS][PBFT]checkAndChangeView: Reach consensus,org_view=104,org_changeCycle=0,cur_changeCycle=0,to_view=105
info|2019-12-13 23:30:49.032677|[g:1][CONSENSUS]addRawPrepare,height=189,reqIdx=1,hash=fe31d2b3...
info|2019-12-13 23:30:49.034088|[g:1][CONSENSUS][PBFT]checkTimeout Succ,view=105,toView=106,nodeIdx=0,changeCycle=0,myNode=35c59b3b...,timecost=1.004
info|2019-12-13 23:30:49.037379|[g:1][CONSENSUS][PBFT]checkAndChangeView: Reach consensus,org_view=105,org_changeCycle=0,cur_changeCycle=0,to_view=106
info|2019-12-13 23:30:50.045855|[g:1][CONSENSUS]addRawPrepare,height=189,reqIdx=2,hash=4e2518f8...
info|2019-12-13 23:30:50.046652|[g:1][CONSENSUS][PBFT]checkTimeout Succ,view=106,toView=107,nodeIdx=0,changeCycle=0,myNode=35c59b3b...,timecost=0.594
info|2019-12-13 23:30:50.047802|[g:1][CONSENSUS][PBFT]checkAndChangeView: Reach consensus,org_view=106,org_changeCycle=0,cur_changeCycle=0,to_view=107
info|2019-12-13 23:30:51.050779|[g:1][CONSENSUS]addRawPrepare,height=189,reqIdx=3,hash=19e089c4...
info|2019-12-13 23:30:51.051281|[g:1][CONSENSUS][PBFT]checkTimeout Succ,view=107,toView=108,nodeIdx=0,changeCycle=0,myNode=35c59b3b...,timecost=0.397
info|2019-12-13 23:30:51.056685|[g:1][CONSENSUS][PBFT]checkAndChangeView: Reach consensus,org_view=107,org_changeCycle=0,cur_changeCycle=0,to_view=108
info|2019-12-13 23:30:51.349530|[P2P][Service] heartBeat,connected count=3
info|2019-12-13 23:30:52.057265|[g:1][CONSENSUS][SEALER]++++++++++++++++ Generating seal on,blkNum=189,tx=0,nodeIdx=0,hash=c92209f7...
info|2019-12-13 23:30:52.060400|[g:1][CONSENSUS][PBFT]checkTimeout Succ,view=108,toView=109,nodeIdx=0,changeCycle=0,myNode=35c59b3b...,timecost=0.482
info|2019-12-13 23:30:52.065689|[g:1][CONSENSUS][PBFT]checkAndChangeView: Reach consensus,org_view=108,org_changeCycle=0,cur_changeCycle=0,to_view=109
info|2019-12-13 23:30:52.597130|[LEDGER]stop sealer,groupID=1
info|2019-12-13 23:30:52.597169|[CONSENSUS][SEALER]Stop sealer module...
info|2019-12-13 23:30:52.607845|[CONSENSUS][ConsensusEngine][Stop ConsensusEngineBase]
info|2019-12-13 23:30:52.608003|[CONSENSUS][ConsensusEngine]ConsensusEngineBase stopped
info|2019-12-13 23:30:52.608014|[LEDGER]sealer stopped. stop sync,groupID=1
info|2019-12-13 23:30:52.674444|[SYNC][id:35c59b3b...]SyncMaster stopped
info|2019-12-13 23:30:52.674477|[LEDGER]ledger stopped,groupID=1
info|2019-12-13 23:30:52.715521|[EVENT][EventLogFilterManager]stop
info|2019-12-13 23:30:52.715552|[LEDGER]event filter manager stopped,groupID=1
info|2019-12-13 23:30:52.715561|[INITIALIZER]ledgerInitializer stopped
info|2019-12-13 23:30:53.716740|[INITIALIZER]ChannelRPCHttpServer deleted.
info|2019-12-13 23:30:53.717286|[INITIALIZER]JsonrpcHttpServer deleted.
info|2019-12-13 23:30:53.717311|[INITIALIZER]RPCInitializer stopped
info|2019-12-13 23:30:53.717354|[NETWORK][Host]Host exit
info|2019-12-13 23:30:53.717842|[INITIALIZER]P2PInitializer stopped
info|2019-12-13 23:30:53.717857|[LEDGER]stop sealer,groupID=1
info|2019-12-13 23:30:53.717867|[LEDGER]sealer stopped. stop sync,groupID=1
info|2019-12-13 23:30:53.717877|[SYNC][id:35c59b3b...]SyncMaster stopped
info|2019-12-13 23:30:53.717885|[LEDGER]ledger stopped,groupID=1
info|2019-12-13 23:30:53.717891|[LEDGER]event filter manager stopped,groupID=1
info|2019-12-13 23:30:53.717900|[STORAGE]Stopping flushStorage thread
info|2019-12-13 23:30:54.504688|[STORAGE]flushStorage thread stopped.
info|2019-12-13 23:30:54.504712|[DBINITIALIZER] storage stopped
info|2019-12-13 23:30:54.505395|[SYNC][id:35c59b3b...]SyncMaster stopped
