info|2019-12-12 23:14:27.621620|[g:1][CONSENSUS][SEALER]++++++++++++++++ Generating seal on,blkNum=169,tx=0,nodeIdx=0,hash=0ae5acde...
info|2019-12-12 23:14:27.642321|[g:1][CONSENSUS][PBFT]checkTimeout Succ,view=984,toView=985,nodeIdx=0,changeCycle=0,myNode=35c59b3b...,timecost=0.492
info|2019-12-12 23:14:27.782679|[g:1][CONSENSUS][PBFT]checkAndChangeView: Reach consensus,org_view=984,org_changeCycle=0,cur_changeCycle=0,to_view=985
info|2019-12-12 23:14:28.838088|[g:1][CONSENSUS]addRawPrepare,height=169,reqIdx=1,hash=04180e79...
info|2019-12-12 23:14:28.838755|[g:1][CONSENSUS][PBFT]checkTimeout Succ,view=985,toView=986,nodeIdx=0,changeCycle=0,myNode=35c59b3b...,timecost=0.455
info|2019-12-12 23:14:28.847937|[g:1][CONSENSUS][PBFT]checkAndChangeView: Reach consensus,org_view=985,org_changeCycle=0,cur_changeCycle=0,to_view=986
info|2019-12-12 23:14:29.860460|[g:1][CONSENSUS]addRawPrepare,height=169,reqIdx=2,hash=1780a21b...
info|2019-12-12 23:14:29.861057|[g:1][CONSENSUS][PBFT]checkTimeout Succ,view=986,toView=987,nodeIdx=0,changeCycle=0,myNode=35c59b3b...,timecost=0.383
info|2019-12-12 23:14:29.862399|[g:1][CONSENSUS][PBFT]checkAndChangeView: Reach consensus,org_view=986,org_changeCycle=0,cur_changeCycle=0,to_view=987
info|2019-12-12 23:14:30.878750|[g:1][CONSENSUS]addRawPrepare,height=169,reqIdx=3,hash=e355cc6b...
info|2019-12-12 23:14:30.879568|[g:1][CONSENSUS][PBFT]checkTimeout Succ,view=987,toView=988,nodeIdx=0,changeCycle=0,myNode=35c59b3b...,timecost=0.358
info|2019-12-12 23:14:30.883693|[g:1][CONSENSUS][PBFT]checkAndChangeView: Reach consensus,org_view=987,org_changeCycle=0,cur_changeCycle=0,to_view=988
info|2019-12-12 23:14:31.012497|[P2P][Service] heartBeat,connected count=3
info|2019-12-12 23:14:31.883636|[g:1][CONSENSUS][SEALER]++++++++++++++++ Generating seal on,blkNum=169,tx=0,nodeIdx=0,hash=26ca65a6...
info|2019-12-12 23:14:31.885886|[g:1][CONSENSUS][PBFT]checkTimeout Succ,view=988,toView=989,nodeIdx=0,changeCycle=0,myNode=35c59b3b...,timecost=1.409
info|2019-12-12 23:14:31.889355|[g:1][CONSENSUS][PBFT]checkAndChangeView: Reach consensus,org_view=988,org_changeCycle=0,cur_changeCycle=0,to_view=989
info|2019-12-12 23:14:32.889783|[g:1][CONSENSUS]addRawPrepare,height=169,reqIdx=1,hash=d8c23f4b...
info|2019-12-12 23:14:32.900378|[g:1][CONSENSUS][PBFT]checkTimeout Succ,view=989,toView=990,nodeIdx=0,changeCycle=0,myNode=35c59b3b...,timecost=8.796
info|2019-12-12 23:14:32.906418|[g:1][CONSENSUS][PBFT]checkAndChangeView: Reach consensus,org_view=989,org_changeCycle=0,cur_changeCycle=0,to_view=990
info|2019-12-12 23:14:33.905093|[g:1][CONSENSUS]addRawPrepare,height=169,reqIdx=2,hash=3a8bd527...
info|2019-12-12 23:14:33.908486|[g:1][CONSENSUS][PBFT]checkTimeout Succ,view=990,toView=991,nodeIdx=0,changeCycle=0,myNode=35c59b3b...,timecost=1.508
info|2019-12-12 23:14:33.915615|[g:1][CONSENSUS][PBFT]checkAndChangeView: Reach consensus,org_view=990,org_changeCycle=0,cur_changeCycle=0,to_view=991
info|2019-12-12 23:14:34.916455|[g:1][CONSENSUS]addRawPrepare,height=169,reqIdx=3,hash=b9a5324a...
info|2019-12-12 23:14:34.925925|[g:1][CONSENSUS][PBFT]checkTimeout Succ,view=991,toView=992,nodeIdx=0,changeCycle=0,myNode=35c59b3b...,timecost=1.674
info|2019-12-12 23:14:34.939923|[g:1][CONSENSUS][PBFT]checkAndChangeView: Reach consensus,org_view=991,org_changeCycle=0,cur_changeCycle=0,to_view=992
info|2019-12-12 23:14:35.940952|[g:1][CONSENSUS][SEALER]++++++++++++++++ Generating seal on,blkNum=169,tx=0,nodeIdx=0,hash=6b949863...
info|2019-12-12 23:14:35.953138|[g:1][CONSENSUS][PBFT]checkTimeout Succ,view=992,toView=993,nodeIdx=0,changeCycle=0,myNode=35c59b3b...,timecost=0.985
info|2019-12-12 23:14:35.953949|[g:1][CONSENSUS][PBFT]checkAndChangeView: Reach consensus,org_view=992,org_changeCycle=0,cur_changeCycle=0,to_view=993
info|2019-12-12 23:14:36.966418|[g:1][CONSENSUS]addRawPrepare,height=169,reqIdx=1,hash=81130d38...
info|2019-12-12 23:14:36.967076|[g:1][CONSENSUS][PBFT]checkTimeout Succ,view=993,toView=994,nodeIdx=0,changeCycle=0,myNode=35c59b3b...,timecost=0.418
info|2019-12-12 23:14:36.974185|[g:1][CONSENSUS][PBFT]checkAndChangeView: Reach consensus,org_view=993,org_changeCycle=0,cur_changeCycle=0,to_view=994
info|2019-12-12 23:14:37.972838|[g:1][CONSENSUS]addRawPrepare,height=169,reqIdx=2,hash=988ad602...
info|2019-12-12 23:14:37.973435|[g:1][CONSENSUS][PBFT]checkTimeout Succ,view=994,toView=995,nodeIdx=0,changeCycle=0,myNode=35c59b3b...,timecost=0.471
info|2019-12-12 23:14:37.982073|[g:1][CONSENSUS][PBFT]checkAndChangeView: Reach consensus,org_view=994,org_changeCycle=0,cur_changeCycle=0,to_view=995
info|2019-12-12 23:14:38.984234|[g:1][CONSENSUS]addRawPrepare,height=169,reqIdx=3,hash=8c7d108f...
info|2019-12-12 23:14:38.984795|[g:1][CONSENSUS][PBFT]checkTimeout Succ,view=995,toView=996,nodeIdx=0,changeCycle=0,myNode=35c59b3b...,timecost=0.366
info|2019-12-12 23:14:39.005443|[g:1][CONSENSUS][PBFT]checkAndChangeView: Reach consensus,org_view=995,org_changeCycle=0,cur_changeCycle=0,to_view=996
info|2019-12-12 23:14:40.013037|[g:1][CONSENSUS][SEALER]++++++++++++++++ Generating seal on,blkNum=169,tx=0,nodeIdx=0,hash=e0292f02...
info|2019-12-12 23:14:40.016619|[g:1][CONSENSUS][PBFT]checkTimeout Succ,view=996,toView=997,nodeIdx=0,changeCycle=0,myNode=35c59b3b...,timecost=0.487
info|2019-12-12 23:14:40.032792|[g:1][CONSENSUS][PBFT]checkAndChangeView: Reach consensus,org_view=996,org_changeCycle=0,cur_changeCycle=0,to_view=997
info|2019-12-12 23:14:41.013034|[P2P][Service] heartBeat,connected count=3
info|2019-12-12 23:14:41.067642|[g:1][CONSENSUS]addRawPrepare,height=169,reqIdx=1,hash=82634ab5...
info|2019-12-12 23:14:41.068403|[g:1][CONSENSUS][PBFT]checkTimeout Succ,view=997,toView=998,nodeIdx=0,changeCycle=0,myNode=35c59b3b...,timecost=0.568
info|2019-12-12 23:14:41.080636|[g:1][CONSENSUS][PBFT]checkAndChangeView: Reach consensus,org_view=997,org_changeCycle=0,cur_changeCycle=0,to_view=998
info|2019-12-12 23:14:42.079039|[g:1][CONSENSUS]addRawPrepare,height=169,reqIdx=2,hash=6816ce8c...
info|2019-12-12 23:14:42.079763|[g:1][CONSENSUS][PBFT]checkTimeout Succ,view=998,toView=999,nodeIdx=0,changeCycle=0,myNode=35c59b3b...,timecost=0.529
info|2019-12-12 23:14:42.089551|[g:1][CONSENSUS][PBFT]checkAndChangeView: Reach consensus,org_view=998,org_changeCycle=0,cur_changeCycle=0,to_view=999
info|2019-12-12 23:14:43.096607|[g:1][CONSENSUS]addRawPrepare,height=169,reqIdx=3,hash=fdce0686...
info|2019-12-12 23:14:43.097468|[g:1][CONSENSUS][PBFT]checkTimeout Succ,view=999,toView=1000,nodeIdx=0,changeCycle=0,myNode=35c59b3b...,timecost=0.627
info|2019-12-12 23:14:43.104571|[g:1][CONSENSUS][PBFT]checkAndChangeView: Reach consensus,org_view=999,org_changeCycle=0,cur_changeCycle=0,to_view=1000
info|2019-12-12 23:14:44.104236|[g:1][CONSENSUS][SEALER]++++++++++++++++ Generating seal on,blkNum=169,tx=0,nodeIdx=0,hash=b577f11f...
info|2019-12-12 23:14:44.108621|[g:1][CONSENSUS][PBFT]checkTimeout Succ,view=1000,toView=1001,nodeIdx=0,changeCycle=0,myNode=35c59b3b...,timecost=0.627
info|2019-12-12 23:14:44.116472|[g:1][CONSENSUS][PBFT]checkAndChangeView: Reach consensus,org_view=1000,org_changeCycle=0,cur_changeCycle=0,to_view=1001
info|2019-12-12 23:14:45.118467|[g:1][CONSENSUS]addRawPrepare,height=169,reqIdx=1,hash=f356b90e...
info|2019-12-12 23:14:45.119228|[g:1][CONSENSUS][PBFT]checkTimeout Succ,view=1001,toView=1002,nodeIdx=0,changeCycle=0,myNode=35c59b3b...,timecost=0.59
info|2019-12-12 23:14:45.125050|[g:1][CONSENSUS][PBFT]checkAndChangeView: Reach consensus,org_view=1001,org_changeCycle=0,cur_changeCycle=0,to_view=1002
info|2019-12-12 23:14:46.130316|[g:1][CONSENSUS]addRawPrepare,height=169,reqIdx=2,hash=8e46c490...
info|2019-12-12 23:14:46.130945|[g:1][CONSENSUS][PBFT]checkTimeout Succ,view=1002,toView=1003,nodeIdx=0,changeCycle=0,myNode=35c59b3b...,timecost=0.43
info|2019-12-12 23:14:46.144514|[g:1][CONSENSUS][PBFT]checkAndChangeView: Reach consensus,org_view=1002,org_changeCycle=0,cur_changeCycle=0,to_view=1003
info|2019-12-12 23:14:47.149731|[g:1][CONSENSUS]addRawPrepare,height=169,reqIdx=3,hash=7bda446b...
info|2019-12-12 23:14:47.150376|[g:1][CONSENSUS][PBFT]checkTimeout Succ,view=1003,toView=1004,nodeIdx=0,changeCycle=0,myNode=35c59b3b...,timecost=0.485
info|2019-12-12 23:14:47.161654|[g:1][CONSENSUS][PBFT]checkAndChangeView: Reach consensus,org_view=1003,org_changeCycle=0,cur_changeCycle=0,to_view=1004
info|2019-12-12 23:14:48.161980|[g:1][CONSENSUS][SEALER]++++++++++++++++ Generating seal on,blkNum=169,tx=0,nodeIdx=0,hash=5a1b803a...
info|2019-12-12 23:14:48.173500|[g:1][CONSENSUS][PBFT]checkTimeout Succ,view=1004,toView=1005,nodeIdx=0,changeCycle=0,myNode=35c59b3b...,timecost=0.753
info|2019-12-12 23:14:48.174551|[g:1][CONSENSUS][PBFT]checkAndChangeView: Reach consensus,org_view=1004,org_changeCycle=0,cur_changeCycle=0,to_view=1005
info|2019-12-12 23:14:49.179972|[g:1][CONSENSUS]addRawPrepare,height=169,reqIdx=1,hash=7f88b0f7...
info|2019-12-12 23:14:49.184737|[g:1][CONSENSUS][PBFT]checkTimeout Succ,view=1005,toView=1006,nodeIdx=0,changeCycle=0,myNode=35c59b3b...,timecost=0.52
info|2019-12-12 23:14:49.197832|[g:1][CONSENSUS][PBFT]checkAndChangeView: Reach consensus,org_view=1005,org_changeCycle=0,cur_changeCycle=0,to_view=1006
info|2019-12-12 23:14:50.191915|[g:1][CONSENSUS]addRawPrepare,height=169,reqIdx=2,hash=37d57649...
info|2019-12-12 23:14:50.192308|[g:1][CONSENSUS][PBFT]checkTimeout Succ,view=1006,toView=1007,nodeIdx=0,changeCycle=0,myNode=35c59b3b...,timecost=0.297
info|2019-12-12 23:14:50.196673|[g:1][CONSENSUS][PBFT]checkAndChangeView: Reach consensus,org_view=1006,org_changeCycle=0,cur_changeCycle=0,to_view=1007
