warning|2019-12-12 23:14:27.638760|[g:1][CONSENSUS][PBFT]ViewChangeWarning: not caused by omit empty block ,v=984,toV=985,curNum=168,hash=64700f4c...,nodeIdx=2,myNode=b57de52b...
info|2019-12-12 23:14:27.638906|[g:1][CONSENSUS][PBFT]checkTimeout Succ,view=984,toView=985,nodeIdx=2,changeCycle=1,myNode=b57de52b...,timecost=0.495
info|2019-12-12 23:14:27.861985|[g:1][CONSENSUS][PBFT]checkAndChangeView: Reach consensus,org_view=984,org_changeCycle=1,cur_changeCycle=1,to_view=985
info|2019-12-12 23:14:28.834354|[g:1][CONSENSUS]addRawPrepare,height=169,reqIdx=1,hash=04180e79...
info|2019-12-12 23:14:28.840259|[g:1][CONSENSUS][PBFT]checkTimeout Succ,view=985,toView=986,nodeIdx=2,changeCycle=0,myNode=b57de52b...,timecost=5.729
info|2019-12-12 23:14:28.855091|[g:1][CONSENSUS][PBFT]checkAndChangeView: Reach consensus,org_view=985,org_changeCycle=0,cur_changeCycle=0,to_view=986
info|2019-12-12 23:14:29.857574|[g:1][CONSENSUS][SEALER]++++++++++++++++ Generating seal on,blkNum=169,tx=0,nodeIdx=2,hash=1780a21b...
info|2019-12-12 23:14:29.858636|[g:1][CONSENSUS][PBFT]checkTimeout Succ,view=986,toView=987,nodeIdx=2,changeCycle=0,myNode=b57de52b...,timecost=0.495
info|2019-12-12 23:14:29.872205|[g:1][CONSENSUS][PBFT]checkAndChangeView: Reach consensus,org_view=986,org_changeCycle=0,cur_changeCycle=0,to_view=987
info|2019-12-12 23:14:30.879165|[g:1][CONSENSUS]addRawPrepare,height=169,reqIdx=3,hash=e355cc6b...
info|2019-12-12 23:14:30.879637|[g:1][CONSENSUS][PBFT]checkTimeout Succ,view=987,toView=988,nodeIdx=2,changeCycle=0,myNode=b57de52b...,timecost=0.252
info|2019-12-12 23:14:30.883459|[g:1][CONSENSUS][PBFT]checkAndChangeView: Reach consensus,org_view=987,org_changeCycle=0,cur_changeCycle=0,to_view=988
info|2019-12-12 23:14:31.003965|[P2P][Service] heartBeat,connected count=3
info|2019-12-12 23:14:31.884777|[g:1][CONSENSUS]addRawPrepare,height=169,reqIdx=0,hash=26ca65a6...
info|2019-12-12 23:14:31.885174|[g:1][CONSENSUS][PBFT]checkTimeout Succ,view=988,toView=989,nodeIdx=2,changeCycle=0,myNode=b57de52b...,timecost=0.256
info|2019-12-12 23:14:31.890943|[g:1][CONSENSUS][PBFT]checkAndChangeView: Reach consensus,org_view=988,org_changeCycle=0,cur_changeCycle=0,to_view=989
info|2019-12-12 23:14:32.889964|[g:1][CONSENSUS]addRawPrepare,height=169,reqIdx=1,hash=d8c23f4b...
info|2019-12-12 23:14:32.894084|[g:1][CONSENSUS][PBFT]checkTimeout Succ,view=989,toView=990,nodeIdx=2,changeCycle=0,myNode=b57de52b...,timecost=3.95
info|2019-12-12 23:14:32.902465|[g:1][CONSENSUS][PBFT]checkAndChangeView: Reach consensus,org_view=989,org_changeCycle=0,cur_changeCycle=0,to_view=990
info|2019-12-12 23:14:33.902852|[g:1][CONSENSUS][SEALER]++++++++++++++++ Generating seal on,blkNum=169,tx=0,nodeIdx=2,hash=3a8bd527...
info|2019-12-12 23:14:33.904129|[g:1][CONSENSUS][PBFT]checkTimeout Succ,view=990,toView=991,nodeIdx=2,changeCycle=0,myNode=b57de52b...,timecost=0.492
info|2019-12-12 23:14:33.920029|[g:1][CONSENSUS][PBFT]checkAndChangeView: Reach consensus,org_view=990,org_changeCycle=0,cur_changeCycle=0,to_view=991
info|2019-12-12 23:14:34.931068|[g:1][CONSENSUS]addRawPrepare,height=169,reqIdx=3,hash=b9a5324a...
info|2019-12-12 23:14:34.931713|[g:1][CONSENSUS][PBFT]checkTimeout Succ,view=991,toView=992,nodeIdx=2,changeCycle=0,myNode=b57de52b...,timecost=0.406
info|2019-12-12 23:14:34.939060|[g:1][CONSENSUS][PBFT]checkAndChangeView: Reach consensus,org_view=991,org_changeCycle=0,cur_changeCycle=0,to_view=992
info|2019-12-12 23:14:35.942953|[g:1][CONSENSUS]addRawPrepare,height=169,reqIdx=0,hash=6b949863...
info|2019-12-12 23:14:35.943664|[g:1][CONSENSUS][PBFT]checkTimeout Succ,view=992,toView=993,nodeIdx=2,changeCycle=0,myNode=b57de52b...,timecost=0.53
info|2019-12-12 23:14:35.955866|[g:1][CONSENSUS][PBFT]checkAndChangeView: Reach consensus,org_view=992,org_changeCycle=0,cur_changeCycle=0,to_view=993
info|2019-12-12 23:14:36.963874|[g:1][CONSENSUS]addRawPrepare,height=169,reqIdx=1,hash=81130d38...
info|2019-12-12 23:14:36.964385|[g:1][CONSENSUS][PBFT]checkTimeout Succ,view=993,toView=994,nodeIdx=2,changeCycle=0,myNode=b57de52b...,timecost=0.35
info|2019-12-12 23:14:36.971810|[g:1][CONSENSUS][PBFT]checkAndChangeView: Reach consensus,org_view=993,org_changeCycle=0,cur_changeCycle=0,to_view=994
info|2019-12-12 23:14:37.971588|[g:1][CONSENSUS][SEALER]++++++++++++++++ Generating seal on,blkNum=169,tx=0,nodeIdx=2,hash=988ad602...
info|2019-12-12 23:14:37.984657|[g:1][CONSENSUS][PBFT]checkTimeout Succ,view=994,toView=995,nodeIdx=2,changeCycle=0,myNode=b57de52b...,timecost=0.428
info|2019-12-12 23:14:37.986960|[g:1][CONSENSUS][PBFT]checkAndChangeView: Reach consensus,org_view=994,org_changeCycle=0,cur_changeCycle=0,to_view=995
info|2019-12-12 23:14:38.990598|[g:1][CONSENSUS]addRawPrepare,height=169,reqIdx=3,hash=8c7d108f...
info|2019-12-12 23:14:38.991237|[g:1][CONSENSUS][PBFT]checkTimeout Succ,view=995,toView=996,nodeIdx=2,changeCycle=0,myNode=b57de52b...,timecost=0.455
info|2019-12-12 23:14:39.018150|[g:1][CONSENSUS][PBFT]checkAndChangeView: Reach consensus,org_view=995,org_changeCycle=0,cur_changeCycle=0,to_view=996
info|2019-12-12 23:14:40.014865|[g:1][CONSENSUS]addRawPrepare,height=169,reqIdx=0,hash=e0292f02...
info|2019-12-12 23:14:40.015795|[g:1][CONSENSUS][PBFT]checkTimeout Succ,view=996,toView=997,nodeIdx=2,changeCycle=0,myNode=b57de52b...,timecost=0.597
info|2019-12-12 23:14:40.025082|[g:1][CONSENSUS][PBFT]checkAndChangeView: Reach consensus,org_view=996,org_changeCycle=0,cur_changeCycle=0,to_view=997
info|2019-12-12 23:14:41.004399|[P2P][Service] heartBeat,connected count=3
info|2019-12-12 23:14:41.064517|[g:1][CONSENSUS]addRawPrepare,height=169,reqIdx=1,hash=82634ab5...
info|2019-12-12 23:14:41.065243|[g:1][CONSENSUS][PBFT]checkTimeout Succ,view=997,toView=998,nodeIdx=2,changeCycle=0,myNode=b57de52b...,timecost=0.487
info|2019-12-12 23:14:41.077147|[g:1][CONSENSUS][PBFT]checkAndChangeView: Reach consensus,org_view=997,org_changeCycle=0,cur_changeCycle=0,to_view=998
info|2019-12-12 23:14:42.077263|[g:1][CONSENSUS][SEALER]++++++++++++++++ Generating seal on,blkNum=169,tx=0,nodeIdx=2,hash=6816ce8c...
info|2019-12-12 23:14:42.083574|[g:1][CONSENSUS][PBFT]checkTimeout Succ,view=998,toView=999,nodeIdx=2,changeCycle=0,myNode=b57de52b...,timecost=0.315
info|2019-12-12 23:14:42.088212|[g:1][CONSENSUS][PBFT]checkAndChangeView: Reach consensus,org_view=998,org_changeCycle=0,cur_changeCycle=0,to_view=999
info|2019-12-12 23:14:43.096519|[g:1][CONSENSUS]addRawPrepare,height=169,reqIdx=3,hash=fdce0686...
info|2019-12-12 23:14:43.100060|[g:1][CONSENSUS][PBFT]checkTimeout Succ,view=999,toView=1000,nodeIdx=2,changeCycle=0,myNode=b57de52b...,timecost=0.841
info|2019-12-12 23:14:43.103390|[g:1][CONSENSUS][PBFT]checkAndChangeView: Reach consensus,org_view=999,org_changeCycle=0,cur_changeCycle=0,to_view=1000
info|2019-12-12 23:14:44.111169|[g:1][CONSENSUS]addRawPrepare,height=169,reqIdx=0,hash=b577f11f...
info|2019-12-12 23:14:44.113750|[g:1][CONSENSUS][PBFT]checkTimeout Succ,view=1000,toView=1001,nodeIdx=2,changeCycle=0,myNode=b57de52b...,timecost=2.357
info|2019-12-12 23:14:44.118958|[g:1][CONSENSUS][PBFT]checkAndChangeView: Reach consensus,org_view=1000,org_changeCycle=0,cur_changeCycle=0,to_view=1001
info|2019-12-12 23:14:45.115149|[g:1][CONSENSUS]addRawPrepare,height=169,reqIdx=1,hash=f356b90e...
info|2019-12-12 23:14:45.120178|[g:1][CONSENSUS][PBFT]checkTimeout Succ,view=1001,toView=1002,nodeIdx=2,changeCycle=0,myNode=b57de52b...,timecost=4.642
info|2019-12-12 23:14:45.126715|[g:1][CONSENSUS][PBFT]checkAndChangeView: Reach consensus,org_view=1001,org_changeCycle=0,cur_changeCycle=0,to_view=1002
info|2019-12-12 23:14:46.126293|[g:1][CONSENSUS][SEALER]++++++++++++++++ Generating seal on,blkNum=169,tx=0,nodeIdx=2,hash=8e46c490...
info|2019-12-12 23:14:46.137342|[g:1][CONSENSUS][PBFT]checkTimeout Succ,view=1002,toView=1003,nodeIdx=2,changeCycle=0,myNode=b57de52b...,timecost=3.79
info|2019-12-12 23:14:46.150153|[g:1][CONSENSUS][PBFT]checkAndChangeView: Reach consensus,org_view=1002,org_changeCycle=0,cur_changeCycle=0,to_view=1003
info|2019-12-12 23:14:47.152618|[g:1][CONSENSUS]addRawPrepare,height=169,reqIdx=3,hash=7bda446b...
info|2019-12-12 23:14:47.153395|[g:1][CONSENSUS][PBFT]checkTimeout Succ,view=1003,toView=1004,nodeIdx=2,changeCycle=0,myNode=b57de52b...,timecost=0.624
info|2019-12-12 23:14:47.163252|[g:1][CONSENSUS][PBFT]checkAndChangeView: Reach consensus,org_view=1003,org_changeCycle=0,cur_changeCycle=0,to_view=1004
info|2019-12-12 23:14:48.163113|[g:1][CONSENSUS]addRawPrepare,height=169,reqIdx=0,hash=5a1b803a...
info|2019-12-12 23:14:48.164017|[g:1][CONSENSUS][PBFT]checkTimeout Succ,view=1004,toView=1005,nodeIdx=2,changeCycle=0,myNode=b57de52b...,timecost=0.525
info|2019-12-12 23:14:48.170653|[g:1][CONSENSUS][PBFT]checkAndChangeView: Reach consensus,org_view=1004,org_changeCycle=0,cur_changeCycle=0,to_view=1005
info|2019-12-12 23:14:49.178309|[g:1][CONSENSUS]addRawPrepare,height=169,reqIdx=1,hash=7f88b0f7...
info|2019-12-12 23:14:49.179108|[g:1][CONSENSUS][PBFT]checkTimeout Succ,view=1005,toView=1006,nodeIdx=2,changeCycle=0,myNode=b57de52b...,timecost=0.525
info|2019-12-12 23:14:49.188640|[g:1][CONSENSUS][PBFT]checkAndChangeView: Reach consensus,org_view=1005,org_changeCycle=0,cur_changeCycle=0,to_view=1006
info|2019-12-12 23:14:50.188462|[g:1][CONSENSUS][SEALER]++++++++++++++++ Generating seal on,blkNum=169,tx=0,nodeIdx=2,hash=37d57649...
info|2019-12-12 23:14:50.189237|[g:1][CONSENSUS][PBFT]checkTimeout Succ,view=1006,toView=1007,nodeIdx=2,changeCycle=0,myNode=b57de52b...,timecost=0.433
info|2019-12-12 23:14:50.208139|[g:1][CONSENSUS][PBFT]checkAndChangeView: Reach consensus,org_view=1006,org_changeCycle=0,cur_changeCycle=0,to_view=1007
